<?xml version="1.0"?><coverage lines-covered="2260" lines-valid="3842" line-rate="0.5882352941176471" branches-covered="0" branches-valid="0" branch-rate="0" complexity="0" version="1.9" timestamp="1762407118"><sources><source>/Users/lsh/projects/crates/wami</source></sources><packages><package name="crates/wami-macros/src" line-rate="0" branch-rate="0" complexity="0"><classes><class name="derive_service" filename="crates/wami-macros/src/derive_service.rs" line-rate="0" branch-rate="0" complexity="0"><methods/><lines><line number="6" hits="0"/><line number="7" hits="0"/><line number="9" hits="0"/><line number="10" hits="0"/><line number="11" hits="0"/><line number="15" hits="0"/><line number="16" hits="0"/><line number="18" hits="0"/><line number="19" hits="0"/><line number="20" hits="0"/><line number="21" hits="0"/><line number="25" hits="0"/><line number="27" hits="0"/><line number="28" hits="0"/><line number="29" hits="0"/><line number="31" hits="0"/><line number="32" hits="0"/><line number="34" hits="0"/><line number="35" hits="0"/><line number="36" hits="0"/><line number="38" hits="0"/><line number="39" hits="0"/><line number="40" hits="0"/><line number="41" hits="0"/><line number="42" hits="0"/><line number="44" hits="0"/><line number="45" hits="0"/><line number="59" hits="0"/><line number="61" hits="0"/><line number="69" hits="0"/><line number="70" hits="0"/><line number="72" hits="0"/><line number="73" hits="0"/><line number="74" hits="0"/><line number="77" hits="0"/><line number="78" hits="0"/><line number="79" hits="0"/><line number="80" hits="0"/><line number="81" hits="0"/><line number="82" hits="0"/><line number="83" hits="0"/><line number="84" hits="0"/><line number="85" hits="0"/><line number="86" hits="0"/><line number="87" hits="0"/><line number="94" hits="0"/><line number="112" hits="0"/><line number="113" hits="0"/><line number="114" hits="0"/><line number="115" hits="0"/><line number="116" hits="0"/><line number="117" hits="0"/><line number="122" hits="0"/><line number="123" hits="0"/><line number="124" hits="0"/><line number="125" hits="0"/><line number="131" hits="0"/><line number="132" hits="0"/><line number="134" hits="0"/><line number="135" hits="0"/><line number="136" hits="0"/><line number="138" hits="0"/><line number="139" hits="0"/><line number="140" hits="0"/><line number="142" hits="0"/><line number="145" hits="0"/><line number="147" hits="0"/><line number="148" hits="0"/><line number="150" hits="0"/><line number="154" hits="0"/></lines></class><class name="lib" filename="crates/wami-macros/src/lib.rs" line-rate="0" branch-rate="0" complexity="0"><methods/><lines><line number="12" hits="0"/><line number="13" hits="0"/><line number="17" hits="0"/><line number="18" hits="0"/><line number="22" hits="0"/><line number="23" hits="0"/></lines></class><class name="register" filename="crates/wami-macros/src/register.rs" line-rate="0" branch-rate="0" complexity="0"><methods/><lines><line number="6" hits="0"/><line number="7" hits="0"/><line number="9" hits="0"/><line number="10" hits="0"/><line number="11" hits="0"/><line number="15" hits="0"/><line number="16" hits="0"/><line number="17" hits="0"/><line number="18" hits="0"/><line number="19" hits="0"/><line number="23" hits="0"/><line number="24" hits="0"/><line number="32" hits="0"/><line number="46" hits="0"/><line number="47" hits="0"/><line number="49" hits="0"/><line number="50" hits="0"/><line number="51" hits="0"/><line number="53" hits="0"/><line number="54" hits="0"/><line number="56" hits="0"/><line number="60" hits="0"/></lines></class><class name="service_attr" filename="crates/wami-macros/src/service_attr.rs" line-rate="0" branch-rate="0" complexity="0"><methods/><lines><line number="7" hits="0"/><line number="8" hits="0"/><line number="9" hits="0"/><line number="11" hits="0"/><line number="12" hits="0"/><line number="13" hits="0"/><line number="23" hits="0"/><line number="24" hits="0"/><line number="26" hits="0"/><line number="27" hits="0"/><line number="28" hits="0"/><line number="29" hits="0"/><line number="33" hits="0"/><line number="35" hits="0"/><line number="36" hits="0"/><line number="38" hits="0"/><line number="40" hits="0"/><line number="41" hits="0"/><line number="42" hits="0"/><line number="43" hits="0"/><line number="46" hits="0"/><line number="47" hits="0"/><line number="49" hits="0"/><line number="50" hits="0"/><line number="51" hits="0"/><line number="52" hits="0"/><line number="54" hits="0"/><line number="55" hits="0"/><line number="56" hits="0"/><line number="57" hits="0"/><line number="63" hits="0"/><line number="64" hits="0"/><line number="65" hits="0"/><line number="70" hits="0"/><line number="71" hits="0"/><line number="72" hits="0"/><line number="75" hits="0"/><line number="76" hits="0"/><line number="78" hits="0"/><line number="79" hits="0"/><line number="80" hits="0"/><line number="81" hits="0"/><line number="82" hits="0"/><line number="83" hits="0"/><line number="85" hits="0"/><line number="86" hits="0"/><line number="87" hits="0"/><line number="93" hits="0"/><line number="94" hits="0"/><line number="95" hits="0"/><line number="96" hits="0"/><line number="101" hits="0"/><line number="102" hits="0"/><line number="103" hits="0"/><line number="107" hits="0"/><line number="111" hits="0"/><line number="112" hits="0"/><line number="113" hits="0"/><line number="114" hits="0"/><line number="115" hits="0"/><line number="118" hits="0"/><line number="120" hits="0"/><line number="121" hits="0"/><line number="122" hits="0"/><line number="123" hits="0"/><line number="127" hits="0"/><line number="130" hits="0"/><line number="154" hits="0"/></lines></class></classes></package><package name="crates/wami/src/wami/identity/user" line-rate="0.7313432835820896" branch-rate="0" complexity="0"><classes><class name="builder" filename="crates/wami/src/wami/identity/user/builder.rs" line-rate="0.6842105263157895" branch-rate="0" complexity="0"><methods/><lines><line number="13" hits="74"/><line number="14" hits="222"/><line number="15" hits="254"/><line number="18" hits="148"/><line number="19" hits="148"/><line number="20" hits="222"/><line number="21" hits="222"/><line number="22" hits="148"/><line number="29" hits="74"/><line number="50" hits="0"/><line number="56" hits="0"/><line number="57" hits="0"/><line number="58" hits="0"/><line number="59" hits="0"/><line number="60" hits="0"/><line number="61" hits="0"/><line number="64" hits="0"/><line number="66" hits="0"/><line number="67" hits="0"/><line number="68" hits="0"/><line number="69" hits="0"/><line number="70" hits="0"/><line number="71" hits="0"/><line number="72" hits="0"/><line number="80" hits="0"/><line number="83" hits="0"/><line number="85" hits="0"/><line number="91" hits="2"/><line number="92" hits="4"/><line number="93" hits="2"/><line number="97" hits="3"/><line number="98" hits="6"/><line number="99" hits="3"/><line number="103" hits="3"/><line number="107" hits="3"/><line number="108" hits="3"/><line number="109" hits="3"/><line number="110" hits="5"/><line number="112" hits="2"/><line number="114" hits="3"/><line number="118" hits="1"/><line number="119" hits="2"/><line number="120" hits="1"/><line number="124" hits="1"/><line number="125" hits="2"/><line number="126" hits="1"/><line number="130" hits="1"/><line number="131" hits="2"/><line number="132" hits="1"/><line number="136" hits="6"/><line number="137" hits="28"/><line number="138" hits="26"/><line number="139" hits="10"/><line number="142" hits="6"/><line number="146" hits="3"/><line number="147" hits="27"/><line number="148" hits="3"/></lines></class><class name="model" filename="crates/wami/src/wami/identity/user/model.rs" line-rate="1" branch-rate="0" complexity="0"><methods/><lines><line number="71" hits="12"/><line number="72" hits="24"/><line number="73" hits="1"/><line number="74" hits="1"/><line number="78" hits="1"/><line number="79" hits="1"/><line number="85" hits="169"/><line number="87" hits="1"/><line number="88" hits="1"/><line number="91" hits="9"/></lines></class></classes></package><package name="crates/wami/src/wami/sts/session_token" line-rate="0.6666666666666666" branch-rate="0" complexity="0"><classes><class name="requests" filename="crates/wami/src/wami/sts/session_token/requests.rs" line-rate="0.6666666666666666" branch-rate="0" complexity="0"><methods/><lines><line number="32" hits="4"/><line number="34" hits="8"/><line number="36" hits="1"/><line number="37" hits="1"/><line number="43" hits="5"/><line number="44" hits="0"/><line number="45" hits="0"/><line number="50" hits="1"/><line number="51" hits="13"/><line number="52" hits="0"/><line number="53" hits="0"/><line number="58" hits="3"/></lines></class></classes></package><package name="crates/wami-credentials/src/signing_certificate" line-rate="0.4666666666666667" branch-rate="0" complexity="0"><classes><class name="builder" filename="crates/wami-credentials/src/signing_certificate/builder.rs" line-rate="0.4666666666666667" branch-rate="0" complexity="0"><methods/><lines><line number="12" hits="6"/><line number="17" hits="18"/><line number="20" hits="12"/><line number="21" hits="12"/><line number="22" hits="18"/><line number="23" hits="18"/><line number="24" hits="12"/><line number="27" hits="0"/><line number="28" hits="0"/><line number="29" hits="0"/><line number="30" hits="0"/><line number="31" hits="0"/><line number="32" hits="0"/><line number="33" hits="0"/><line number="34" hits="0"/></lines></class></classes></package><package name="crates/wami/src/wami/policies" line-rate="0.8571428571428571" branch-rate="0" complexity="0"><classes></classes></package><package name="crates/wami/src/wami/sts/session" line-rate="1" branch-rate="0" complexity="0"><classes><class name="model" filename="crates/wami/src/wami/sts/session/model.rs" line-rate="1" branch-rate="0" complexity="0"><methods/><lines><line number="76" hits="3"/><line number="77" hits="5"/><line number="81" hits="6"/><line number="82" hits="6"/><line number="86" hits="1"/><line number="87" hits="1"/><line number="91" hits="1"/><line number="92" hits="1"/><line number="96" hits="3"/><line number="97" hits="8"/><line number="98" hits="1"/></lines></class></classes></package><package name="crates/wami/src/wami/sso_admin/permission_set" line-rate="0" branch-rate="0" complexity="0"><classes></classes></package><package name="crates/wami/src/store/memory/sts" line-rate="1" branch-rate="0" complexity="0"><classes><class name="identity" filename="crates/wami/src/store/memory/sts/identity.rs" line-rate="1" branch-rate="0" complexity="0"><methods/><lines><line number="12" hits="7"/><line number="18" hits="4"/><line number="22" hits="2"/><line number="29" hits="4"/><line number="35" hits="4"/><line number="39" hits="1"/></lines></class><class name="mod" filename="crates/wami/src/store/memory/sts/mod.rs" line-rate="1" branch-rate="0" complexity="0"><methods/><lines><line number="34" hits="1"/><line number="35" hits="1"/></lines></class><class name="session" filename="crates/wami/src/store/memory/sts/session.rs" line-rate="1" branch-rate="0" complexity="0"><methods/><lines><line number="12" hits="7"/><line number="18" hits="5"/><line number="22" hits="1"/><line number="27" hits="2"/><line number="35" hits="15"/><line number="41" hits="2"/><line number="45" hits="1"/><line number="50" hits="4"/></lines></class></classes></package><package name="crates/cloud-provider/wami-provider-azure/src" line-rate="0.4375" branch-rate="0" complexity="0"><classes><class name="lib" filename="crates/cloud-provider/wami-provider-azure/src/lib.rs" line-rate="0.4375" branch-rate="0" complexity="0"><methods/><lines><line number="31" hits="3"/><line number="33" hits="9"/><line number="34" hits="6"/><line number="35" hits="3"/><line number="44" hits="1"/><line number="45" hits="1"/><line number="48" hits="1"/><line number="55" hits="2"/><line number="56" hits="1"/><line number="57" hits="0"/><line number="58" hits="0"/><line number="59" hits="0"/><line number="60" hits="0"/><line number="61" hits="0"/><line number="64" hits="1"/><line number="65" hits="1"/><line number="68" hits="0"/><line number="73" hits="1"/><line number="80" hits="1"/><line number="81" hits="2"/><line number="84" hits="0"/><line number="85" hits="0"/><line number="88" hits="0"/><line number="89" hits="0"/><line number="92" hits="0"/><line number="93" hits="0"/><line number="96" hits="0"/><line number="101" hits="0"/><line number="102" hits="0"/><line number="104" hits="0"/><line number="108" hits="0"/><line number="109" hits="0"/></lines></class></classes></package><package name="crates/wami/src/store/traits/credentials" line-rate="0" branch-rate="0" complexity="0"><classes></classes></package><package name="crates/wami/src/wami/identity/group" line-rate="0.5813953488372093" branch-rate="0" complexity="0"><classes><class name="builder" filename="crates/wami/src/wami/identity/group/builder.rs" line-rate="0.5813953488372093" branch-rate="0" complexity="0"><methods/><lines><line number="13" hits="32"/><line number="18" hits="96"/><line number="19" hits="114"/><line number="22" hits="64"/><line number="23" hits="64"/><line number="24" hits="96"/><line number="25" hits="96"/><line number="26" hits="64"/><line number="33" hits="32"/><line number="52" hits="0"/><line number="58" hits="0"/><line number="59" hits="0"/><line number="60" hits="0"/><line number="61" hits="0"/><line number="62" hits="0"/><line number="63" hits="0"/><line number="66" hits="0"/><line number="68" hits="0"/><line number="69" hits="0"/><line number="70" hits="0"/><line number="71" hits="0"/><line number="72" hits="0"/><line number="73" hits="0"/><line number="74" hits="0"/><line number="82" hits="0"/><line number="84" hits="0"/><line number="86" hits="0"/><line number="91" hits="3"/><line number="92" hits="6"/><line number="93" hits="3"/><line number="97" hits="2"/><line number="98" hits="4"/><line number="99" hits="2"/><line number="103" hits="1"/><line number="104" hits="2"/><line number="105" hits="1"/><line number="109" hits="3"/><line number="110" hits="3"/><line number="111" hits="3"/><line number="112" hits="3"/><line number="113" hits="5"/><line number="115" hits="2"/><line number="117" hits="3"/></lines></class></classes></package><package name="crates/wami/src/wami/sso_admin/instance" line-rate="0" branch-rate="0" complexity="0"><classes></classes></package><package name="crates/wami-core/src" line-rate="0.7020785219399538" branch-rate="0" complexity="0"><classes><class name="context" filename="crates/wami-core/src/context.rs" line-rate="0.9148936170212766" branch-rate="0" complexity="0"><methods/><lines><line number="86" hits="225"/><line number="87" hits="225"/><line number="93" hits="5"/><line number="94" hits="5"/><line number="98" hits="3"/><line number="99" hits="3"/><line number="103" hits="303"/><line number="104" hits="303"/><line number="108" hits="518"/><line number="109" hits="518"/><line number="113" hits="4"/><line number="114" hits="8"/><line number="118" hits="2"/><line number="119" hits="4"/><line number="128" hits="7"/><line number="130" hits="7"/><line number="131" hits="3"/><line number="139" hits="2"/><line number="140" hits="4"/><line number="144" hits="0"/><line number="161" hits="224"/><line number="162" hits="448"/><line number="163" hits="224"/><line number="167" hits="224"/><line number="168" hits="448"/><line number="169" hits="224"/><line number="173" hits="223"/><line number="174" hits="446"/><line number="175" hits="223"/><line number="179" hits="221"/><line number="180" hits="221"/><line number="181" hits="221"/><line number="185" hits="3"/><line number="186" hits="6"/><line number="187" hits="3"/><line number="191" hits="3"/><line number="192" hits="6"/><line number="193" hits="3"/><line number="198" hits="225"/><line number="199" hits="674"/><line number="200" hits="2"/><line number="203" hits="223"/><line number="204" hits="2"/><line number="207" hits="223"/><line number="208" hits="0"/><line number="213" hits="0"/><line number="214" hits="0"/></lines></class><class name="types" filename="crates/wami-core/src/types.rs" line-rate="0.11538461538461539" branch-rate="0" complexity="0"><methods/><lines><line number="13" hits="0"/><line number="16" hits="0"/><line number="21" hits="0"/><line number="25" hits="0"/><line number="39" hits="0"/><line number="41" hits="0"/><line number="43" hits="0"/><line number="50" hits="0"/><line number="54" hits="0"/><line number="55" hits="0"/><line number="58" hits="0"/><line number="59" hits="0"/><line number="62" hits="0"/><line number="66" hits="0"/><line number="68" hits="0"/><line number="111" hits="20"/><line number="115" hits="60"/><line number="116" hits="0"/><line number="117" hits="20"/><line number="118" hits="0"/><line number="120" hits="0"/><line number="121" hits="0"/><line number="122" hits="0"/><line number="123" hits="0"/><line number="126" hits="0"/><line number="127" hits="0"/></lines></class></classes></package><package name="crates/wami/src/wami/sts/identity" line-rate="1" branch-rate="0" complexity="0"><classes><class name="operations" filename="crates/wami/src/wami/sts/identity/operations.rs" line-rate="1" branch-rate="0" complexity="0"><methods/><lines><line number="11" hits="1"/><line number="17" hits="2"/><line number="29" hits="2"/><line number="31" hits="10"/><line number="32" hits="2"/><line number="33" hits="1"/><line number="35" hits="1"/><line number="40" hits="2"/><line number="42" hits="10"/><line number="43" hits="2"/><line number="44" hits="2"/><line number="46" hits="1"/><line number="51" hits="6"/><line number="52" hits="30"/><line number="53" hits="9"/><line number="57" hits="2"/><line number="58" hits="10"/><line number="59" hits="2"/><line number="60" hits="1"/><line number="62" hits="1"/><line number="67" hits="3"/><line number="68" hits="15"/><line number="69" hits="3"/><line number="70" hits="6"/><line number="71" hits="4"/><line number="72" hits="1"/><line number="74" hits="1"/><line number="77" hits="1"/></lines></class></classes></package><package name="crates/wami/src/service/reports" line-rate="0.3707865168539326" branch-rate="0" complexity="0"><classes><class name="credential_report" filename="crates/wami/src/service/reports/credential_report.rs" line-rate="0.3707865168539326" branch-rate="0" complexity="0"><methods/><lines><line number="62" hits="5"/><line number="65" hits="5"/><line number="71" hits="0"/><line number="73" hits="0"/><line number="75" hits="0"/><line number="82" hits="2"/><line number="87" hits="8"/><line number="88" hits="6"/><line number="91" hits="4"/><line number="92" hits="2"/><line number="101" hits="10"/><line number="103" hits="12"/><line number="104" hits="8"/><line number="107" hits="4"/><line number="108" hits="4"/><line number="110" hits="4"/><line number="111" hits="0"/><line number="112" hits="0"/><line number="113" hits="0"/><line number="114" hits="0"/><line number="115" hits="0"/><line number="116" hits="0"/><line number="118" hits="4"/><line number="119" hits="0"/><line number="122" hits="0"/><line number="123" hits="0"/><line number="127" hits="0"/><line number="128" hits="0"/><line number="129" hits="0"/><line number="130" hits="0"/><line number="131" hits="0"/><line number="132" hits="0"/><line number="133" hits="0"/><line number="134" hits="0"/><line number="136" hits="0"/><line number="137" hits="0"/><line number="138" hits="0"/><line number="139" hits="0"/><line number="140" hits="0"/><line number="142" hits="0"/><line number="144" hits="0"/><line number="145" hits="0"/><line number="146" hits="0"/><line number="147" hits="0"/><line number="148" hits="0"/><line number="149" hits="0"/><line number="150" hits="0"/><line number="152" hits="0"/><line number="154" hits="0"/><line number="155" hits="0"/><line number="156" hits="0"/><line number="161" hits="2"/><line number="163" hits="0"/><line number="166" hits="0"/><line number="167" hits="0"/><line number="169" hits="2"/><line number="170" hits="2"/><line number="171" hits="2"/><line number="176" hits="2"/><line number="180" hits="3"/><line number="181" hits="2"/><line number="185" hits="2"/><line number="186" hits="2"/><line number="187" hits="2"/><line number="192" hits="0"/><line number="193" hits="0"/><line number="196" hits="0"/><line number="197" hits="0"/><line number="198" hits="0"/><line number="199" hits="0"/><line number="204" hits="2"/><line number="208" hits="8"/><line number="211" hits="8"/><line number="212" hits="0"/><line number="215" hits="2"/><line number="216" hits="0"/><line number="219" hits="2"/><line number="220" hits="0"/><line number="223" hits="2"/><line number="224" hits="0"/><line number="227" hits="0"/><line number="228" hits="12"/><line number="229" hits="15"/><line number="230" hits="0"/><line number="234" hits="4"/><line number="235" hits="0"/><line number="237" hits="0"/><line number="257" hits="0"/><line number="258" hits="0"/></lines></class></classes></package><package name="crates/wami/src" line-rate="0.6169064748201439" branch-rate="0" complexity="0"><classes><class name="lib" filename="crates/wami/src/lib.rs" line-rate="1" branch-rate="0" complexity="0"><methods/><lines><line number="250" hits="1"/><line number="251" hits="1"/></lines></class></classes></package><package name="crates/wami/src/wami/sso_admin" line-rate="0" branch-rate="0" complexity="0"><classes></classes></package><package name="crates/wami-core/src/error" line-rate="0.375" branch-rate="0" complexity="0"><classes><class name="helpers" filename="crates/wami-core/src/error/helpers.rs" line-rate="0.375" branch-rate="0" complexity="0"><methods/><lines><line number="19" hits="2"/><line number="21" hits="2"/><line number="35" hits="1"/><line number="37" hits="1"/><line number="50" hits="0"/><line number="52" hits="0"/><line number="65" hits="0"/><line number="67" hits="0"/><line number="80" hits="0"/><line number="82" hits="0"/><line number="95" hits="0"/><line number="97" hits="0"/><line number="111" hits="0"/><line number="113" hits="0"/><line number="138" hits="2"/><line number="139" hits="7"/></lines></class></classes></package><package name="crates/wami-credentials/src/login_profile" line-rate="0.47368421052631576" branch-rate="0" complexity="0"><classes><class name="builder" filename="crates/wami-credentials/src/login_profile/builder.rs" line-rate="0.47368421052631576" branch-rate="0" complexity="0"><methods/><lines><line number="11" hits="9"/><line number="17" hits="18"/><line number="18" hits="18"/><line number="19" hits="27"/><line number="20" hits="27"/><line number="21" hits="18"/><line number="24" hits="0"/><line number="25" hits="0"/><line number="26" hits="0"/><line number="27" hits="0"/><line number="28" hits="0"/><line number="29" hits="0"/><line number="34" hits="2"/><line number="38" hits="4"/><line number="39" hits="0"/><line number="41" hits="2"/><line number="45" hits="0"/><line number="49" hits="0"/><line number="50" hits="0"/></lines></class></classes></package><package name="crates/wami/src/wami/policies/policy" line-rate="0.8235294117647058" branch-rate="0" complexity="0"><classes><class name="builder" filename="crates/wami/src/wami/policies/policy/builder.rs" line-rate="0.8235294117647058" branch-rate="0" complexity="0"><methods/><lines><line number="13" hits="31"/><line number="21" hits="105"/><line number="22" hits="93"/><line number="25" hits="62"/><line number="26" hits="62"/><line number="27" hits="93"/><line number="28" hits="93"/><line number="29" hits="62"/><line number="36" hits="31"/><line number="61" hits="1"/><line number="66" hits="2"/><line number="69" hits="2"/><line number="72" hits="1"/><line number="73" hits="1"/><line number="77" hits="0"/><line number="78" hits="0"/><line number="79" hits="0"/></lines></class></classes></package><package name="crates/wami-service/src" line-rate="0.8333333333333334" branch-rate="0" complexity="0"><classes><class name="lib" filename="crates/wami-service/src/lib.rs" line-rate="0.8333333333333334" branch-rate="0" complexity="0"><methods/><lines><line number="14" hits="2"/><line number="16" hits="2"/><line number="20" hits="0"/><line number="22" hits="0"/><line number="28" hits="2"/><line number="29" hits="2"/><line number="34" hits="1"/><line number="38" hits="5"/><line number="39" hits="5"/><line number="42" hits="2"/><line number="46" hits="8"/><line number="47" hits="2"/></lines></class></classes></package><package name="crates/wami/src/wami/sts/assume_role" line-rate="0.38461538461538464" branch-rate="0" complexity="0"><classes><class name="requests" filename="crates/wami/src/wami/sts/assume_role/requests.rs" line-rate="0.38461538461538464" branch-rate="0" complexity="0"><methods/><lines><line number="41" hits="4"/><line number="42" hits="8"/><line number="43" hits="0"/><line number="44" hits="0"/><line number="49" hits="0"/><line number="50" hits="0"/><line number="58" hits="121"/><line number="60" hits="0"/><line number="61" hits="0"/><line number="66" hits="8"/><line number="68" hits="0"/><line number="69" hits="0"/><line number="74" hits="4"/></lines></class></classes></package><package name="crates/wami/src/store/memory/wami" line-rate="1" branch-rate="0" complexity="0"><classes><class name="mod" filename="crates/wami/src/store/memory/wami/mod.rs" line-rate="1" branch-rate="0" complexity="0"><methods/><lines><line number="85" hits="76"/><line number="86" hits="76"/></lines></class></classes></package><package name="crates/wami/src/wami/tags" line-rate="1" branch-rate="0" complexity="0"><classes><class name="operations" filename="crates/wami/src/wami/tags/operations.rs" line-rate="1" branch-rate="0" complexity="0"><methods/><lines><line number="12" hits="5"/><line number="13" hits="10"/><line number="14" hits="5"/><line number="15" hits="5"/><line number="20" hits="12"/><line number="21" hits="24"/><line number="22" hits="1"/><line number="23" hits="1"/><line number="28" hits="1"/><line number="29" hits="1"/><line number="35" hits="1"/><line number="36" hits="1"/><line number="45" hits="9"/><line number="46" hits="9"/><line number="47" hits="1"/><line number="48" hits="1"/><line number="57" hits="4"/><line number="58" hits="4"/><line number="59" hits="1"/><line number="60" hits="1"/><line number="66" hits="12"/><line number="67" hits="10"/><line number="68" hits="1"/><line number="69" hits="1"/><line number="72" hits="8"/><line number="75" hits="2"/><line number="79" hits="4"/><line number="80" hits="8"/><line number="81" hits="26"/><line number="83" hits="12"/><line number="87" hits="4"/><line number="89" hits="28"/><line number="94" hits="3"/><line number="95" hits="6"/><line number="96" hits="27"/><line number="101" hits="3"/><line number="102" hits="18"/><line number="106" hits="11"/><line number="107" hits="56"/></lines></class></classes></package><package name="crates/wami/src/service/policies" line-rate="0.4390625" branch-rate="0" complexity="0"><classes><class name="attachment" filename="crates/wami/src/service/policies/attachment.rs" line-rate="0.4" branch-rate="0" complexity="0"><methods/><lines><line number="28" hits="4"/><line number="32" hits="12"/><line number="35" hits="8"/><line number="36" hits="4"/><line number="37" hits="4"/><line number="38" hits="4"/><line number="39" hits="2"/><line number="43" hits="5"/><line number="44" hits="0"/><line number="45" hits="0"/><line number="46" hits="3"/><line number="47" hits="2"/><line number="51" hits="0"/><line number="52" hits="0"/><line number="53" hits="0"/><line number="58" hits="4"/><line number="59" hits="4"/><line number="60" hits="2"/><line number="63" hits="2"/><line number="64" hits="0"/><line number="65" hits="0"/><line number="67" hits="2"/><line number="68" hits="2"/><line number="69" hits="2"/><line number="70" hits="2"/><line number="76" hits="1"/><line number="80" hits="3"/><line number="83" hits="2"/><line number="84" hits="1"/><line number="85" hits="1"/><line number="86" hits="1"/><line number="87" hits="0"/><line number="91" hits="1"/><line number="92" hits="0"/><line number="93" hits="0"/><line number="96" hits="2"/><line number="97" hits="0"/><line number="98" hits="0"/><line number="99" hits="0"/><line number="102" hits="1"/><line number="103" hits="1"/><line number="104" hits="1"/><line number="105" hits="1"/><line number="111" hits="2"/><line number="115" hits="6"/><line number="118" hits="4"/><line number="119" hits="2"/><line number="120" hits="2"/><line number="121" hits="2"/><line number="122" hits="0"/><line number="126" hits="4"/><line number="127" hits="0"/><line number="128" hits="0"/><line number="131" hits="0"/><line number="132" hits="4"/><line number="133" hits="3"/><line number="134" hits="0"/><line number="135" hits="0"/><line number="136" hits="0"/><line number="141" hits="2"/><line number="147" hits="1"/><line number="151" hits="3"/><line number="154" hits="2"/><line number="155" hits="1"/><line number="156" hits="1"/><line number="157" hits="1"/><line number="158" hits="0"/><line number="162" hits="2"/><line number="163" hits="0"/><line number="164" hits="0"/><line number="165" hits="1"/><line number="166" hits="0"/><line number="170" hits="0"/><line number="171" hits="0"/><line number="172" hits="0"/><line number="177" hits="2"/><line number="178" hits="2"/><line number="179" hits="1"/><line number="182" hits="1"/><line number="183" hits="0"/><line number="184" hits="0"/><line number="186" hits="1"/><line number="187" hits="1"/><line number="188" hits="1"/><line number="189" hits="1"/><line number="195" hits="0"/><line number="199" hits="0"/><line number="202" hits="0"/><line number="203" hits="0"/><line number="204" hits="0"/><line number="205" hits="0"/><line number="206" hits="0"/><line number="210" hits="0"/><line number="211" hits="0"/><line number="212" hits="0"/><line number="215" hits="0"/><line number="216" hits="0"/><line number="217" hits="0"/><line number="218" hits="0"/><line number="221" hits="0"/><line number="222" hits="0"/><line number="223" hits="0"/><line number="224" hits="0"/><line number="230" hits="0"/><line number="234" hits="0"/><line number="237" hits="0"/><line number="238" hits="0"/><line number="239" hits="0"/><line number="240" hits="0"/><line number="241" hits="0"/><line number="245" hits="0"/><line number="246" hits="0"/><line number="247" hits="0"/><line number="250" hits="0"/><line number="251" hits="0"/><line number="252" hits="0"/><line number="253" hits="0"/><line number="254" hits="0"/><line number="255" hits="0"/><line number="260" hits="0"/><line number="266" hits="1"/><line number="270" hits="3"/><line number="273" hits="2"/><line number="274" hits="1"/><line number="275" hits="1"/><line number="276" hits="1"/><line number="277" hits="0"/><line number="281" hits="2"/><line number="282" hits="0"/><line number="283" hits="0"/><line number="284" hits="1"/><line number="285" hits="0"/><line number="289" hits="0"/><line number="290" hits="0"/><line number="291" hits="0"/><line number="296" hits="2"/><line number="297" hits="2"/><line number="298" hits="1"/><line number="301" hits="1"/><line number="302" hits="0"/><line number="303" hits="0"/><line number="305" hits="1"/><line number="306" hits="1"/><line number="307" hits="1"/><line number="308" hits="1"/><line number="314" hits="0"/><line number="318" hits="0"/><line number="321" hits="0"/><line number="322" hits="0"/><line number="323" hits="0"/><line number="324" hits="0"/><line number="325" hits="0"/><line number="329" hits="0"/><line number="330" hits="0"/><line number="331" hits="0"/><line number="334" hits="0"/><line number="335" hits="0"/><line number="336" hits="0"/><line number="337" hits="0"/><line number="340" hits="0"/><line number="341" hits="0"/><line number="342" hits="0"/><line number="343" hits="0"/><line number="349" hits="0"/><line number="353" hits="0"/><line number="356" hits="0"/><line number="357" hits="0"/><line number="358" hits="0"/><line number="359" hits="0"/><line number="360" hits="0"/><line number="364" hits="0"/><line number="365" hits="0"/><line number="366" hits="0"/><line number="369" hits="0"/><line number="370" hits="0"/><line number="371" hits="0"/><line number="372" hits="0"/><line number="373" hits="0"/><line number="374" hits="0"/><line number="379" hits="0"/></lines></class><class name="evaluation" filename="crates/wami/src/service/policies/evaluation.rs" line-rate="0.495" branch-rate="0" complexity="0"><methods/><lines><line number="34" hits="8"/><line number="37" hits="8"/><line number="43" hits="0"/><line number="45" hits="0"/><line number="47" hits="0"/><line number="54" hits="4"/><line number="59" hits="12"/><line number="60" hits="4"/><line number="62" hits="8"/><line number="63" hits="12"/><line number="64" hits="0"/><line number="69" hits="8"/><line number="72" hits="0"/><line number="73" hits="0"/><line number="74" hits="0"/><line number="77" hits="0"/><line number="79" hits="14"/><line number="80" hits="15"/><line number="81" hits="0"/><line number="82" hits="0"/><line number="84" hits="0"/><line number="85" hits="0"/><line number="86" hits="0"/><line number="87" hits="0"/><line number="88" hits="0"/><line number="94" hits="0"/><line number="95" hits="0"/><line number="96" hits="0"/><line number="103" hits="1"/><line number="108" hits="1"/><line number="109" hits="3"/><line number="112" hits="1"/><line number="113" hits="0"/><line number="114" hits="0"/><line number="117" hits="1"/><line number="118" hits="0"/><line number="119" hits="0"/><line number="122" hits="1"/><line number="123" hits="3"/><line number="124" hits="1"/><line number="125" hits="3"/><line number="126" hits="0"/><line number="128" hits="0"/><line number="133" hits="1"/><line number="134" hits="0"/><line number="135" hits="2"/><line number="138" hits="0"/><line number="140" hits="3"/><line number="141" hits="3"/><line number="143" hits="0"/><line number="144" hits="0"/><line number="145" hits="0"/><line number="146" hits="0"/><line number="147" hits="0"/><line number="149" hits="0"/><line number="151" hits="0"/><line number="152" hits="0"/><line number="153" hits="0"/><line number="154" hits="0"/><line number="155" hits="0"/><line number="161" hits="0"/><line number="162" hits="0"/><line number="163" hits="0"/><line number="170" hits="4"/><line number="177" hits="20"/><line number="178" hits="4"/><line number="179" hits="0"/><line number="180" hits="0"/><line number="185" hits="0"/><line number="187" hits="0"/><line number="188" hits="0"/><line number="189" hits="0"/><line number="193" hits="0"/><line number="195" hits="0"/><line number="197" hits="0"/><line number="201" hits="1"/><line number="206" hits="2"/><line number="208" hits="1"/><line number="209" hits="1"/><line number="211" hits="3"/><line number="212" hits="2"/><line number="215" hits="1"/><line number="216" hits="1"/><line number="217" hits="1"/><line number="218" hits="0"/><line number="228" hits="0"/><line number="230" hits="0"/><line number="231" hits="0"/><line number="234" hits="0"/><line number="235" hits="0"/><line number="236" hits="0"/><line number="237" hits="0"/><line number="242" hits="0"/><line number="243" hits="0"/><line number="244" hits="0"/><line number="249" hits="1"/><line number="253" hits="1"/><line number="258" hits="2"/><line number="259" hits="1"/><line number="260" hits="3"/><line number="261" hits="2"/><line number="264" hits="1"/><line number="265" hits="1"/><line number="266" hits="1"/><line number="267" hits="0"/><line number="269" hits="0"/><line number="271" hits="0"/><line number="272" hits="0"/><line number="273" hits="0"/><line number="276" hits="0"/><line number="277" hits="0"/><line number="278" hits="0"/><line number="279" hits="0"/><line number="281" hits="0"/><line number="283" hits="0"/><line number="284" hits="0"/><line number="285" hits="0"/><line number="291" hits="0"/><line number="292" hits="0"/><line number="293" hits="0"/><line number="295" hits="1"/><line number="300" hits="5"/><line number="301" hits="10"/><line number="302" hits="10"/><line number="304" hits="15"/><line number="305" hits="15"/><line number="306" hits="0"/><line number="307" hits="0"/><line number="309" hits="15"/><line number="311" hits="0"/><line number="312" hits="0"/><line number="314" hits="15"/><line number="316" hits="4"/><line number="317" hits="5"/><line number="318" hits="1"/><line number="319" hits="7"/><line number="320" hits="3"/><line number="327" hits="5"/><line number="328" hits="2"/><line number="329" hits="4"/><line number="330" hits="6"/><line number="332" hits="1"/><line number="343" hits="1"/><line number="351" hits="3"/><line number="352" hits="3"/><line number="353" hits="0"/><line number="354" hits="0"/><line number="356" hits="3"/><line number="358" hits="0"/><line number="359" hits="0"/><line number="361" hits="3"/><line number="363" hits="2"/><line number="364" hits="0"/><line number="370" hits="2"/><line number="371" hits="3"/><line number="372" hits="2"/><line number="373" hits="1"/><line number="374" hits="1"/><line number="375" hits="4"/><line number="376" hits="2"/><line number="377" hits="1"/><line number="378" hits="1"/><line number="379" hits="4"/><line number="381" hits="3"/><line number="385" hits="0"/><line number="386" hits="0"/><line number="390" hits="1"/><line number="391" hits="0"/><line number="392" hits="0"/><line number="393" hits="0"/><line number="394" hits="0"/><line number="396" hits="0"/><line number="397" hits="0"/><line number="398" hits="0"/><line number="401" hits="0"/><line number="403" hits="0"/><line number="409" hits="1"/><line number="413" hits="6"/><line number="419" hits="12"/><line number="421" hits="18"/><line number="422" hits="18"/><line number="423" hits="0"/><line number="424" hits="0"/><line number="426" hits="18"/><line number="428" hits="0"/><line number="429" hits="0"/><line number="431" hits="18"/><line number="433" hits="7"/><line number="434" hits="18"/><line number="435" hits="12"/><line number="436" hits="18"/><line number="437" hits="6"/><line number="438" hits="6"/><line number="444" hits="6"/><line number="448" hits="26"/><line number="449" hits="26"/><line number="450" hits="9"/><line number="453" hits="8"/><line number="454" hits="0"/><line number="457" hits="9"/></lines></class><class name="inline" filename="crates/wami/src/service/policies/inline.rs" line-rate="0.35555555555555557" branch-rate="0" complexity="0"><methods/><lines><line number="26" hits="6"/><line number="30" hits="18"/><line number="33" hits="12"/><line number="34" hits="6"/><line number="35" hits="6"/><line number="36" hits="6"/><line number="37" hits="0"/><line number="41" hits="7"/><line number="42" hits="1"/><line number="43" hits="1"/><line number="48" hits="5"/><line number="50" hits="0"/><line number="51" hits="0"/><line number="52" hits="0"/><line number="54" hits="0"/><line number="56" hits="5"/><line number="57" hits="5"/><line number="58" hits="5"/><line number="59" hits="5"/><line number="65" hits="1"/><line number="69" hits="3"/><line number="72" hits="2"/><line number="73" hits="1"/><line number="74" hits="1"/><line number="75" hits="1"/><line number="76" hits="0"/><line number="80" hits="2"/><line number="81" hits="0"/><line number="82" hits="0"/><line number="83" hits="1"/><line number="84" hits="0"/><line number="85" hits="0"/><line number="86" hits="0"/><line number="90" hits="0"/><line number="91" hits="0"/><line number="92" hits="0"/><line number="93" hits="0"/><line number="98" hits="1"/><line number="102" hits="3"/><line number="105" hits="2"/><line number="106" hits="1"/><line number="107" hits="1"/><line number="108" hits="1"/><line number="109" hits="0"/><line number="113" hits="1"/><line number="114" hits="0"/><line number="115" hits="0"/><line number="117" hits="1"/><line number="118" hits="1"/><line number="119" hits="1"/><line number="120" hits="1"/><line number="126" hits="1"/><line number="130" hits="3"/><line number="133" hits="2"/><line number="134" hits="1"/><line number="135" hits="1"/><line number="136" hits="1"/><line number="137" hits="0"/><line number="141" hits="2"/><line number="143" hits="0"/><line number="149" hits="1"/><line number="153" hits="3"/><line number="156" hits="2"/><line number="157" hits="1"/><line number="158" hits="1"/><line number="159" hits="1"/><line number="160" hits="0"/><line number="164" hits="1"/><line number="165" hits="0"/><line number="166" hits="0"/><line number="171" hits="1"/><line number="173" hits="0"/><line number="174" hits="0"/><line number="175" hits="0"/><line number="177" hits="0"/><line number="179" hits="1"/><line number="180" hits="1"/><line number="181" hits="1"/><line number="182" hits="1"/><line number="188" hits="0"/><line number="192" hits="0"/><line number="195" hits="0"/><line number="196" hits="0"/><line number="197" hits="0"/><line number="198" hits="0"/><line number="199" hits="0"/><line number="203" hits="0"/><line number="204" hits="0"/><line number="205" hits="0"/><line number="206" hits="0"/><line number="207" hits="0"/><line number="208" hits="0"/><line number="209" hits="0"/><line number="213" hits="0"/><line number="214" hits="0"/><line number="215" hits="0"/><line number="216" hits="0"/><line number="221" hits="0"/><line number="225" hits="0"/><line number="228" hits="0"/><line number="229" hits="0"/><line number="230" hits="0"/><line number="231" hits="0"/><line number="232" hits="0"/><line number="236" hits="0"/><line number="237" hits="0"/><line number="238" hits="0"/><line number="240" hits="0"/><line number="241" hits="0"/><line number="242" hits="0"/><line number="243" hits="0"/><line number="249" hits="0"/><line number="253" hits="0"/><line number="256" hits="0"/><line number="257" hits="0"/><line number="258" hits="0"/><line number="259" hits="0"/><line number="260" hits="0"/><line number="264" hits="0"/><line number="266" hits="0"/><line number="272" hits="1"/><line number="276" hits="3"/><line number="279" hits="2"/><line number="280" hits="1"/><line number="281" hits="1"/><line number="282" hits="1"/><line number="283" hits="0"/><line number="287" hits="1"/><line number="288" hits="0"/><line number="289" hits="0"/><line number="294" hits="1"/><line number="296" hits="0"/><line number="297" hits="0"/><line number="298" hits="0"/><line number="300" hits="0"/><line number="302" hits="1"/><line number="303" hits="1"/><line number="304" hits="1"/><line number="305" hits="1"/><line number="311" hits="0"/><line number="315" hits="0"/><line number="318" hits="0"/><line number="319" hits="0"/><line number="320" hits="0"/><line number="321" hits="0"/><line number="322" hits="0"/><line number="326" hits="0"/><line number="327" hits="0"/><line number="328" hits="0"/><line number="329" hits="0"/><line number="330" hits="0"/><line number="331" hits="0"/><line number="332" hits="0"/><line number="336" hits="0"/><line number="337" hits="0"/><line number="338" hits="0"/><line number="339" hits="0"/><line number="344" hits="0"/><line number="348" hits="0"/><line number="351" hits="0"/><line number="352" hits="0"/><line number="353" hits="0"/><line number="354" hits="0"/><line number="355" hits="0"/><line number="359" hits="0"/><line number="360" hits="0"/><line number="361" hits="0"/><line number="363" hits="0"/><line number="364" hits="0"/><line number="365" hits="0"/><line number="366" hits="0"/><line number="372" hits="0"/><line number="376" hits="0"/><line number="379" hits="0"/><line number="380" hits="0"/><line number="381" hits="0"/><line number="382" hits="0"/><line number="383" hits="0"/><line number="387" hits="0"/><line number="389" hits="0"/></lines></class><class name="permissions_boundary" filename="crates/wami/src/service/policies/permissions_boundary.rs" line-rate="0.4807692307692308" branch-rate="0" complexity="0"><methods/><lines><line number="31" hits="6"/><line number="52" hits="5"/><line number="58" hits="5"/><line number="62" hits="4"/><line number="63" hits="2"/><line number="64" hits="0"/><line number="65" hits="0"/><line number="66" hits="4"/><line number="67" hits="4"/><line number="71" hits="0"/><line number="72" hits="2"/><line number="75" hits="0"/><line number="76" hits="0"/><line number="77" hits="1"/><line number="78" hits="0"/><line number="79" hits="0"/><line number="80" hits="0"/><line number="81" hits="1"/><line number="82" hits="2"/><line number="86" hits="0"/><line number="87" hits="0"/><line number="89" hits="0"/><line number="90" hits="3"/><line number="91" hits="3"/><line number="92" hits="1"/><line number="93" hits="1"/><line number="94" hits="1"/><line number="95" hits="0"/><line number="99" hits="0"/><line number="100" hits="0"/><line number="104" hits="1"/><line number="120" hits="1"/><line number="124" hits="1"/><line number="125" hits="0"/><line number="126" hits="0"/><line number="127" hits="0"/><line number="128" hits="0"/><line number="129" hits="0"/><line number="130" hits="0"/><line number="131" hits="0"/><line number="135" hits="0"/><line number="136" hits="0"/><line number="138" hits="0"/><line number="139" hits="3"/><line number="140" hits="3"/><line number="141" hits="1"/><line number="142" hits="1"/><line number="143" hits="1"/><line number="144" hits="0"/><line number="148" hits="0"/><line number="149" hits="0"/><line number="153" hits="1"/></lines></class><class name="policy" filename="crates/wami/src/service/policies/policy.rs" line-rate="0.75" branch-rate="0" complexity="0"><methods/><lines><line number="24" hits="6"/><line number="31" hits="6"/><line number="32" hits="6"/><line number="33" hits="6"/><line number="34" hits="6"/><line number="35" hits="6"/><line number="36" hits="6"/><line number="40" hits="0"/><line number="44" hits="4"/><line number="45" hits="4"/><line number="49" hits="2"/><line number="51" hits="3"/><line number="52" hits="2"/><line number="55" hits="1"/><line number="56" hits="1"/><line number="57" hits="1"/><line number="58" hits="0"/><line number="62" hits="0"/><line number="63" hits="0"/><line number="66" hits="0"/><line number="69" hits="0"/><line number="70" hits="0"/><line number="74" hits="2"/><line number="75" hits="2"/><line number="79" hits="1"/><line number="83" hits="2"/><line number="86" hits="4"/><line number="87" hits="1"/></lines></class></classes></package><package name="crates/wami/src/store/traits" line-rate="0" branch-rate="0" complexity="0"><classes></classes></package><package name="crates/wami/src/wami/sts" line-rate="0.8024691358024691" branch-rate="0" complexity="0"><classes></classes></package><package name="crates/wami/src/wami/policies/evaluation" line-rate="0" branch-rate="0" complexity="0"><classes></classes></package><package name="crates/wami/src/store/traits/sso_admin" line-rate="0" branch-rate="0" complexity="0"><classes></classes></package><package name="crates/wami/src/service/identity" line-rate="0.6084905660377359" branch-rate="0" complexity="0"><classes><class name="group" filename="crates/wami/src/service/identity/group.rs" line-rate="0.84375" branch-rate="0" complexity="0"><methods/><lines><line number="23" hits="7"/><line number="29" hits="35"/><line number="32" hits="0"/><line number="36" hits="4"/><line number="37" hits="4"/><line number="41" hits="2"/><line number="43" hits="3"/><line number="45" hits="1"/><line number="46" hits="1"/><line number="47" hits="1"/><line number="48" hits="0"/><line number="52" hits="1"/><line number="53" hits="0"/><line number="56" hits="1"/><line number="57" hits="0"/><line number="61" hits="0"/><line number="65" hits="2"/><line number="66" hits="2"/><line number="70" hits="1"/><line number="74" hits="2"/><line number="75" hits="4"/><line number="76" hits="1"/><line number="80" hits="2"/><line number="81" hits="2"/><line number="82" hits="2"/><line number="83" hits="1"/><line number="87" hits="2"/><line number="88" hits="2"/><line number="89" hits="2"/><line number="90" hits="1"/><line number="94" hits="4"/><line number="95" hits="4"/></lines></class><class name="identity_provider" filename="crates/wami/src/service/identity/identity_provider.rs" line-rate="0.4787234042553192" branch-rate="0" complexity="0"><methods/><lines><line number="32" hits="1"/><line number="38" hits="2"/><line number="41" hits="1"/><line number="45" hits="0"/><line number="46" hits="0"/><line number="47" hits="0"/><line number="51" hits="0"/><line number="52" hits="0"/><line number="54" hits="0"/><line number="58" hits="0"/><line number="59" hits="0"/><line number="63" hits="0"/><line number="64" hits="0"/><line number="68" hits="4"/><line number="69" hits="6"/><line number="70" hits="4"/><line number="74" hits="1"/><line number="79" hits="2"/><line number="82" hits="1"/><line number="83" hits="1"/><line number="84" hits="0"/><line number="87" hits="1"/><line number="88" hits="0"/><line number="92" hits="0"/><line number="93" hits="0"/><line number="96" hits="0"/><line number="97" hits="0"/><line number="99" hits="0"/><line number="103" hits="0"/><line number="104" hits="0"/><line number="108" hits="2"/><line number="109" hits="3"/><line number="110" hits="2"/><line number="114" hits="1"/><line number="118" hits="3"/><line number="119" hits="3"/><line number="127" hits="1"/><line number="133" hits="2"/><line number="136" hits="1"/><line number="139" hits="1"/><line number="143" hits="0"/><line number="144" hits="0"/><line number="145" hits="0"/><line number="146" hits="0"/><line number="150" hits="0"/><line number="151" hits="0"/><line number="155" hits="0"/><line number="156" hits="0"/><line number="160" hits="4"/><line number="161" hits="6"/><line number="162" hits="4"/><line number="166" hits="1"/><line number="171" hits="2"/><line number="174" hits="1"/><line number="175" hits="1"/><line number="176" hits="0"/><line number="179" hits="1"/><line number="180" hits="0"/><line number="184" hits="0"/><line number="187" hits="0"/><line number="188" hits="0"/><line number="192" hits="1"/><line number="197" hits="1"/><line number="198" hits="3"/><line number="199" hits="2"/><line number="202" hits="1"/><line number="203" hits="0"/><line number="207" hits="0"/><line number="210" hits="0"/><line number="211" hits="0"/><line number="215" hits="1"/><line number="220" hits="1"/><line number="221" hits="3"/><line number="222" hits="2"/><line number="225" hits="1"/><line number="226" hits="0"/><line number="230" hits="0"/><line number="233" hits="0"/><line number="234" hits="0"/><line number="238" hits="2"/><line number="239" hits="3"/><line number="240" hits="2"/><line number="244" hits="1"/><line number="248" hits="3"/><line number="249" hits="3"/><line number="257" hits="0"/><line number="258" hits="0"/><line number="259" hits="0"/><line number="263" hits="0"/><line number="264" hits="0"/><line number="265" hits="0"/><line number="269" hits="0"/><line number="270" hits="0"/><line number="271" hits="0"/></lines></class><class name="role" filename="crates/wami/src/service/identity/role.rs" line-rate="0.7575757575757576" branch-rate="0" complexity="0"><methods/><lines><line number="23" hits="7"/><line number="30" hits="7"/><line number="31" hits="7"/><line number="32" hits="7"/><line number="33" hits="7"/><line number="34" hits="7"/><line number="35" hits="7"/><line number="39" hits="0"/><line number="40" hits="0"/><line number="44" hits="1"/><line number="45" hits="0"/><line number="47" hits="6"/><line number="51" hits="0"/><line number="55" hits="4"/><line number="56" hits="4"/><line number="60" hits="2"/><line number="62" hits="3"/><line number="63" hits="2"/><line number="66" hits="1"/><line number="67" hits="1"/><line number="68" hits="1"/><line number="69" hits="0"/><line number="73" hits="1"/><line number="74" hits="0"/><line number="77" hits="1"/><line number="78" hits="0"/><line number="82" hits="0"/><line number="86" hits="2"/><line number="87" hits="2"/><line number="91" hits="1"/><line number="95" hits="2"/><line number="98" hits="4"/><line number="99" hits="1"/></lines></class><class name="service_linked_role" filename="crates/wami/src/service/identity/service_linked_role.rs" line-rate="0.3684210526315789" branch-rate="0" complexity="0"><methods/><lines><line number="30" hits="4"/><line number="36" hits="9"/><line number="39" hits="4"/><line number="40" hits="0"/><line number="45" hits="0"/><line number="46" hits="0"/><line number="50" hits="0"/><line number="53" hits="0"/><line number="55" hits="0"/><line number="60" hits="0"/><line number="61" hits="0"/><line number="62" hits="0"/><line number="63" hits="0"/><line number="65" hits="0"/><line number="69" hits="0"/><line number="73" hits="1"/><line number="77" hits="2"/><line number="80" hits="1"/><line number="81" hits="1"/></lines></class><class name="user" filename="crates/wami/src/service/identity/user.rs" line-rate="0.7352941176470589" branch-rate="0" complexity="0"><methods/><lines><line number="24" hits="7"/><line number="30" hits="35"/><line number="33" hits="0"/><line number="34" hits="0"/><line number="38" hits="0"/><line number="39" hits="0"/><line number="41" hits="7"/><line number="45" hits="0"/><line number="49" hits="4"/><line number="50" hits="4"/><line number="54" hits="2"/><line number="56" hits="3"/><line number="57" hits="2"/><line number="60" hits="1"/><line number="61" hits="1"/><line number="62" hits="1"/><line number="63" hits="0"/><line number="67" hits="1"/><line number="68" hits="0"/><line number="71" hits="1"/><line number="72" hits="0"/><line number="76" hits="0"/><line number="80" hits="2"/><line number="81" hits="2"/><line number="85" hits="1"/><line number="89" hits="2"/><line number="90" hits="4"/><line number="91" hits="1"/><line number="95" hits="2"/><line number="96" hits="3"/><line number="100" hits="4"/><line number="101" hits="4"/><line number="105" hits="2"/><line number="106" hits="3"/></lines></class></classes></package><package name="crates/wami/src/wami/policies/attachment" line-rate="0" branch-rate="0" complexity="0"><classes></classes></package><package name="crates/wami/src/wami/sso_admin/trusted_token_issuer" line-rate="0" branch-rate="0" complexity="0"><classes></classes></package><package name="crates/wami/src/store" line-rate="0.8042704626334519" branch-rate="0" complexity="0"><classes><class name="resource" filename="crates/wami/src/store/resource.rs" line-rate="0.5866666666666667" branch-rate="0" complexity="0"><methods/><lines><line number="91" hits="5"/><line number="92" hits="5"/><line number="93" hits="1"/><line number="94" hits="3"/><line number="95" hits="3"/><line number="96" hits="3"/><line number="97" hits="3"/><line number="98" hits="0"/><line number="99" hits="0"/><line number="100" hits="0"/><line number="101" hits="0"/><line number="102" hits="0"/><line number="103" hits="0"/><line number="104" hits="0"/><line number="105" hits="0"/><line number="110" hits="11"/><line number="111" hits="11"/><line number="112" hits="2"/><line number="113" hits="3"/><line number="114" hits="2"/><line number="115" hits="2"/><line number="116" hits="2"/><line number="117" hits="0"/><line number="118" hits="0"/><line number="119" hits="0"/><line number="120" hits="0"/><line number="121" hits="0"/><line number="122" hits="0"/><line number="123" hits="0"/><line number="124" hits="0"/><line number="129" hits="3"/><line number="130" hits="5"/><line number="133" hits="1"/><line number="138" hits="3"/><line number="139" hits="4"/><line number="142" hits="2"/><line number="147" hits="2"/><line number="148" hits="3"/><line number="151" hits="1"/><line number="156" hits="3"/><line number="157" hits="4"/><line number="160" hits="2"/><line number="165" hits="1"/><line number="166" hits="1"/><line number="169" hits="1"/><line number="174" hits="1"/><line number="175" hits="1"/><line number="178" hits="1"/><line number="183" hits="1"/><line number="184" hits="1"/><line number="187" hits="1"/><line number="192" hits="2"/><line number="193" hits="3"/><line number="196" hits="4"/><line number="201" hits="1"/><line number="202" hits="2"/><line number="205" hits="0"/><line number="210" hits="1"/><line number="211" hits="2"/><line number="214" hits="0"/><line number="219" hits="1"/><line number="220" hits="2"/><line number="223" hits="0"/><line number="228" hits="0"/><line number="229" hits="0"/><line number="230" hits="0"/><line number="232" hits="0"/><line number="237" hits="0"/><line number="238" hits="0"/><line number="239" hits="0"/><line number="241" hits="0"/><line number="246" hits="0"/><line number="247" hits="0"/><line number="248" hits="0"/><line number="250" hits="0"/></lines></class></classes></package><package name="crates/wami/src/store/traits/wami" line-rate="0" branch-rate="0" complexity="0"><classes></classes></package><package name="crates/wami/src/service/credentials" line-rate="0.6666666666666666" branch-rate="0" complexity="0"><classes><class name="access_key" filename="crates/wami/src/service/credentials/access_key.rs" line-rate="0.7692307692307693" branch-rate="0" complexity="0"><methods/><lines><line number="23" hits="5"/><line number="29" hits="20"/><line number="32" hits="0"/><line number="36" hits="4"/><line number="37" hits="4"/><line number="41" hits="0"/><line number="42" hits="0"/><line number="46" hits="2"/><line number="47" hits="2"/><line number="51" hits="1"/><line number="55" hits="2"/><line number="56" hits="3"/><line number="57" hits="1"/></lines></class><class name="login_profile" filename="crates/wami/src/service/credentials/login_profile.rs" line-rate="0.65" branch-rate="0" complexity="0"><methods/><lines><line number="23" hits="3"/><line number="31" hits="3"/><line number="32" hits="3"/><line number="33" hits="3"/><line number="37" hits="0"/><line number="41" hits="4"/><line number="42" hits="4"/><line number="46" hits="1"/><line number="51" hits="3"/><line number="53" hits="1"/><line number="54" hits="1"/><line number="55" hits="1"/><line number="56" hits="0"/><line number="61" hits="0"/><line number="62" hits="0"/><line number="65" hits="0"/><line number="66" hits="0"/><line number="67" hits="0"/><line number="71" hits="2"/><line number="72" hits="2"/></lines></class><class name="mfa_device" filename="crates/wami/src/service/credentials/mfa_device.rs" line-rate="0.9" branch-rate="0" complexity="0"><methods/><lines><line number="23" hits="5"/><line number="29" hits="5"/><line number="30" hits="20"/><line number="33" hits="0"/><line number="37" hits="4"/><line number="38" hits="4"/><line number="42" hits="2"/><line number="43" hits="2"/><line number="47" hits="2"/><line number="48" hits="2"/></lines></class><class name="server_certificate" filename="crates/wami/src/service/credentials/server_certificate.rs" line-rate="0.525" branch-rate="0" complexity="0"><methods/><lines><line number="25" hits="5"/><line number="32" hits="5"/><line number="33" hits="5"/><line number="34" hits="5"/><line number="35" hits="12"/><line number="36" hits="10"/><line number="37" hits="5"/><line number="41" hits="0"/><line number="42" hits="0"/><line number="43" hits="0"/><line number="47" hits="2"/><line number="51" hits="4"/><line number="52" hits="2"/><line number="53" hits="2"/><line number="57" hits="0"/><line number="62" hits="0"/><line number="64" hits="0"/><line number="65" hits="0"/><line number="66" hits="0"/><line number="67" hits="0"/><line number="71" hits="0"/><line number="72" hits="0"/><line number="75" hits="0"/><line number="76" hits="0"/><line number="80" hits="0"/><line number="81" hits="0"/><line number="82" hits="0"/><line number="86" hits="2"/><line number="87" hits="2"/><line number="88" hits="1"/><line number="89" hits="1"/><line number="93" hits="1"/><line number="97" hits="4"/><line number="98" hits="0"/><line number="99" hits="0"/><line number="100" hits="0"/><line number="103" hits="1"/><line number="106" hits="2"/><line number="107" hits="4"/><line number="108" hits="1"/></lines></class><class name="service_credential" filename="crates/wami/src/service/credentials/service_credential.rs" line-rate="0.6875" branch-rate="0" complexity="0"><methods/><lines><line number="25" hits="6"/><line number="32" hits="6"/><line number="33" hits="6"/><line number="34" hits="6"/><line number="38" hits="0"/><line number="39" hits="0"/><line number="40" hits="0"/><line number="44" hits="2"/><line number="48" hits="4"/><line number="49" hits="2"/><line number="50" hits="2"/><line number="54" hits="1"/><line number="59" hits="3"/><line number="61" hits="1"/><line number="62" hits="1"/><line number="63" hits="1"/><line number="64" hits="0"/><line number="65" hits="0"/><line number="66" hits="0"/><line number="71" hits="0"/><line number="74" hits="0"/><line number="75" hits="0"/><line number="76" hits="0"/><line number="80" hits="1"/><line number="84" hits="2"/><line number="85" hits="1"/><line number="86" hits="1"/><line number="90" hits="1"/><line number="94" hits="5"/><line number="95" hits="2"/><line number="96" hits="1"/><line number="97" hits="1"/></lines></class><class name="signing_certificate" filename="crates/wami/src/service/credentials/signing_certificate.rs" line-rate="0.7241379310344828" branch-rate="0" complexity="0"><methods/><lines><line number="24" hits="6"/><line number="31" hits="6"/><line number="32" hits="6"/><line number="33" hits="6"/><line number="37" hits="0"/><line number="38" hits="0"/><line number="39" hits="0"/><line number="43" hits="2"/><line number="47" hits="4"/><line number="48" hits="2"/><line number="49" hits="2"/><line number="53" hits="1"/><line number="58" hits="3"/><line number="60" hits="1"/><line number="61" hits="1"/><line number="62" hits="1"/><line number="63" hits="0"/><line number="67" hits="0"/><line number="70" hits="0"/><line number="71" hits="0"/><line number="72" hits="0"/><line number="76" hits="1"/><line number="80" hits="2"/><line number="81" hits="1"/><line number="82" hits="1"/><line number="86" hits="1"/><line number="90" hits="2"/><line number="91" hits="2"/><line number="92" hits="1"/></lines></class></classes></package><package name="crates/wami/src/wami/identity/identity_provider" line-rate="0.8376623376623377" branch-rate="0" complexity="0"><classes><class name="builder" filename="crates/wami/src/wami/identity/identity_provider/builder.rs" line-rate="0.6101694915254238" branch-rate="0" complexity="0"><methods/><lines><line number="16" hits="11"/><line number="22" hits="22"/><line number="24" hits="22"/><line number="29" hits="22"/><line number="30" hits="22"/><line number="31" hits="33"/><line number="32" hits="33"/><line number="33" hits="22"/><line number="54" hits="10"/><line number="62" hits="20"/><line number="65" hits="20"/><line number="67" hits="20"/><line number="72" hits="20"/><line number="73" hits="20"/><line number="74" hits="30"/><line number="75" hits="30"/><line number="76" hits="20"/><line number="94" hits="2"/><line number="98" hits="4"/><line number="99" hits="2"/><line number="103" hits="0"/><line number="107" hits="0"/><line number="108" hits="0"/><line number="112" hits="2"/><line number="113" hits="6"/><line number="114" hits="2"/><line number="116" hits="2"/><line number="120" hits="2"/><line number="121" hits="12"/><line number="122" hits="2"/><line number="126" hits="2"/><line number="130" hits="4"/><line number="131" hits="2"/><line number="135" hits="0"/><line number="136" hits="0"/><line number="138" hits="0"/><line number="141" hits="0"/><line number="145" hits="0"/><line number="146" hits="0"/><line number="148" hits="0"/><line number="151" hits="0"/><line number="155" hits="2"/><line number="156" hits="2"/><line number="157" hits="2"/><line number="161" hits="1"/><line number="162" hits="1"/><line number="163" hits="1"/><line number="167" hits="0"/><line number="168" hits="0"/><line number="169" hits="0"/><line number="173" hits="0"/><line number="174" hits="0"/><line number="175" hits="0"/><line number="179" hits="0"/><line number="183" hits="0"/><line number="184" hits="0"/><line number="188" hits="0"/><line number="192" hits="0"/><line number="193" hits="0"/></lines></class><class name="model" filename="crates/wami/src/wami/identity/identity_provider/model.rs" line-rate="1" branch-rate="0" complexity="0"><methods/><lines><line number="107" hits="7"/><line number="108" hits="20"/><line number="109" hits="2"/><line number="110" hits="2"/><line number="116" hits="113"/><line number="118" hits="1"/><line number="119" hits="1"/><line number="122" hits="4"/><line number="129" hits="4"/><line number="130" hits="4"/><line number="131" hits="1"/><line number="132" hits="1"/><line number="135" hits="3"/><line number="136" hits="1"/><line number="137" hits="1"/><line number="145" hits="5"/><line number="146" hits="5"/><line number="147" hits="2"/><line number="148" hits="2"/><line number="151" hits="162"/><line number="152" hits="1"/><line number="153" hits="1"/><line number="156" hits="2"/></lines></class><class name="operations" filename="crates/wami/src/wami/identity/identity_provider/operations.rs" line-rate="0.9722222222222222" branch-rate="0" complexity="0"><methods/><lines><line number="13" hits="6"/><line number="14" hits="12"/><line number="15" hits="1"/><line number="16" hits="1"/><line number="22" hits="2"/><line number="26" hits="5"/><line number="27" hits="1"/><line number="28" hits="1"/><line number="29" hits="1"/><line number="39" hits="4"/><line number="40" hits="16"/><line number="41" hits="0"/><line number="45" hits="17"/><line number="46" hits="18"/><line number="49" hits="1"/><line number="52" hits="0"/><line number="58" hits="3"/><line number="64" hits="7"/><line number="65" hits="14"/><line number="66" hits="1"/><line number="67" hits="1"/><line number="72" hits="1"/><line number="73" hits="1"/><line number="77" hits="5"/><line number="78" hits="1"/><line number="79" hits="1"/><line number="85" hits="3"/><line number="86" hits="1"/><line number="87" hits="1"/><line number="91" hits="3"/><line number="97" hits="10"/><line number="98" hits="10"/><line number="99" hits="3"/><line number="100" hits="6"/><line number="101" hits="6"/><line number="102" hits="3"/><line number="107" hits="482"/><line number="108" hits="1"/><line number="109" hits="1"/><line number="110" hits="1"/><line number="114" hits="6"/><line number="120" hits="6"/><line number="121" hits="12"/><line number="122" hits="1"/><line number="123" hits="1"/><line number="128" hits="1"/><line number="129" hits="1"/><line number="133" hits="13"/><line number="134" hits="11"/><line number="137" hits="3"/><line number="143" hits="6"/><line number="144" hits="12"/><line number="145" hits="1"/><line number="146" hits="1"/><line number="151" hits="1"/><line number="152" hits="1"/><line number="156" hits="10"/><line number="157" hits="8"/><line number="158" hits="1"/><line number="159" hits="1"/><line number="164" hits="1"/><line number="165" hits="1"/><line number="170" hits="2"/><line number="176" hits="3"/><line number="177" hits="2"/><line number="178" hits="9"/><line number="179" hits="2"/><line number="190" hits="13"/><line number="191" hits="18"/><line number="192" hits="1"/><line number="193" hits="1"/><line number="198" hits="1"/></lines></class></classes></package><package name="crates/wami/src/provider" line-rate="0" branch-rate="0" complexity="0"><classes></classes></package><package name="crates/wami/src/store/memory/sso_admin" line-rate="0.5172413793103449" branch-rate="0" complexity="0"><classes><class name="account_assignment" filename="crates/wami/src/store/memory/sso_admin/account_assignment.rs" line-rate="0.3333333333333333" branch-rate="0" complexity="0"><methods/><lines><line number="31" hits="0"/><line number="44" hits="0"/><line number="45" hits="0"/><line number="46" hits="0"/><line number="73" hits="1"/><line number="86" hits="4"/></lines></class><class name="application" filename="crates/wami/src/store/memory/sso_admin/application.rs" line-rate="0.5714285714285714" branch-rate="0" complexity="0"><methods/><lines><line number="11" hits="0"/><line number="17" hits="0"/><line number="21" hits="0"/><line number="29" hits="3"/><line number="35" hits="1"/><line number="39" hits="1"/><line number="43" hits="4"/></lines></class><class name="instance" filename="crates/wami/src/store/memory/sso_admin/instance.rs" line-rate="0.5" branch-rate="0" complexity="0"><methods/><lines><line number="11" hits="0"/><line number="17" hits="0"/><line number="21" hits="0"/><line number="29" hits="3"/><line number="35" hits="1"/><line number="39" hits="1"/></lines></class><class name="permission_set" filename="crates/wami/src/store/memory/sso_admin/permission_set.rs" line-rate="0.5714285714285714" branch-rate="0" complexity="0"><methods/><lines><line number="22" hits="0"/><line number="37" hits="0"/><line number="42" hits="0"/><line number="61" hits="2"/><line number="76" hits="1"/><line number="81" hits="1"/><line number="85" hits="4"/></lines></class><class name="trusted_token_issuer" filename="crates/wami/src/store/memory/sso_admin/trusted_token_issuer.rs" line-rate="0.6666666666666666" branch-rate="0" complexity="0"><methods/><lines><line number="27" hits="0"/><line number="59" hits="1"/><line number="71" hits="4"/></lines></class></classes></package><package name="crates/wami-credentials/src" line-rate="0.4090909090909091" branch-rate="0" complexity="0"><classes></classes></package><package name="crates/wami/src/store/memory/reports" line-rate="1" branch-rate="0" complexity="0"><classes><class name="credential_report" filename="crates/wami/src/store/memory/reports/credential_report.rs" line-rate="1" branch-rate="0" complexity="0"><methods/><lines><line number="11" hits="7"/><line number="16" hits="8"/></lines></class></classes></package><package name="crates/cloud-provider/wami-provider-gcp/src" line-rate="0.5" branch-rate="0" complexity="0"><classes><class name="lib" filename="crates/cloud-provider/wami-provider-gcp/src/lib.rs" line-rate="0.5" branch-rate="0" complexity="0"><methods/><lines><line number="30" hits="5"/><line number="32" hits="10"/><line number="33" hits="5"/><line number="45" hits="1"/><line number="46" hits="1"/><line number="49" hits="2"/><line number="56" hits="2"/><line number="57" hits="1"/><line number="61" hits="2"/><line number="62" hits="0"/><line number="66" hits="0"/><line number="70" hits="0"/><line number="74" hits="1"/><line number="75" hits="4"/><line number="78" hits="1"/><line number="79" hits="1"/><line number="82" hits="0"/><line number="83" hits="0"/><line number="86" hits="0"/><line number="87" hits="0"/><line number="90" hits="0"/><line number="95" hits="0"/><line number="96" hits="0"/><line number="98" hits="0"/><line number="102" hits="0"/><line number="103" hits="0"/></lines></class></classes></package><package name="crates/wami/src/wami/identity/service_linked_role" line-rate="0.9772727272727273" branch-rate="0" complexity="0"><classes><class name="builder" filename="crates/wami/src/wami/identity/service_linked_role/builder.rs" line-rate="1" branch-rate="0" complexity="0"><methods/><lines><line number="6" hits="1"/><line number="7" hits="3"/><line number="14" hits="1"/></lines></class><class name="operations" filename="crates/wami/src/wami/identity/service_linked_role/operations.rs" line-rate="0.975609756097561" branch-rate="0" complexity="0"><methods/><lines><line number="11" hits="8"/><line number="12" hits="16"/><line number="13" hits="1"/><line number="14" hits="1"/><line number="20" hits="2"/><line number="21" hits="2"/><line number="25" hits="5"/><line number="30" hits="7"/><line number="31" hits="14"/><line number="32" hits="1"/><line number="33" hits="1"/><line number="38" hits="1"/><line number="39" hits="1"/><line number="44" hits="77"/><line number="45" hits="2"/><line number="46" hits="2"/><line number="47" hits="2"/><line number="51" hits="3"/><line number="55" hits="9"/><line number="56" hits="18"/><line number="65" hits="5"/><line number="66" hits="10"/><line number="67" hits="5"/><line number="68" hits="10"/><line number="69" hits="10"/><line number="70" hits="10"/><line number="71" hits="5"/><line number="72" hits="5"/><line number="75" hits="15"/><line number="79" hits="6"/><line number="80" hits="18"/><line number="81" hits="18"/><line number="83" hits="8"/><line number="86" hits="8"/><line number="91" hits="6"/><line number="92" hits="12"/><line number="93" hits="14"/><line number="94" hits="24"/><line number="95" hits="8"/><line number="96" hits="0"/><line number="97" hits="48"/></lines></class></classes></package><package name="crates/wami/examples" line-rate="0" branch-rate="0" complexity="0"><classes></classes></package><package name="crates/wami/src/store/memory/wami/sts" line-rate="0" branch-rate="0" complexity="0"><classes></classes></package><package name="crates/wami/src/wami/identity" line-rate="0.7915632754342432" branch-rate="0" complexity="0"><classes><class name="root_user" filename="crates/wami/src/wami/identity/root_user.rs" line-rate="0.9111111111111111" branch-rate="0" complexity="0"><methods/><lines><line number="78" hits="7"/><line number="79" hits="21"/><line number="80" hits="14"/><line number="83" hits="14"/><line number="84" hits="14"/><line number="85" hits="14"/><line number="86" hits="21"/><line number="87" hits="7"/><line number="92" hits="21"/><line number="93" hits="21"/><line number="95" hits="21"/><line number="96" hits="21"/><line number="100" hits="14"/><line number="101" hits="7"/><line number="111" hits="1"/><line number="112" hits="1"/><line number="116" hits="1"/><line number="117" hits="1"/><line number="121" hits="1"/><line number="122" hits="1"/><line number="126" hits="2"/><line number="127" hits="2"/><line number="131" hits="1"/><line number="132" hits="1"/><line number="136" hits="3"/><line number="137" hits="3"/><line number="141" hits="0"/><line number="142" hits="0"/><line number="146" hits="1"/><line number="147" hits="1"/><line number="159" hits="1"/><line number="160" hits="1"/><line number="161" hits="3"/><line number="162" hits="2"/><line number="163" hits="3"/><line number="173" hits="1"/><line number="177" hits="1"/><line number="178" hits="3"/><line number="179" hits="2"/><line number="180" hits="3"/><line number="182" hits="2"/><line number="188" hits="0"/><line number="189" hits="0"/><line number="194" hits="1"/><line number="195" hits="1"/></lines></class></classes></package><package name="crates/wami/src/wami/policies/inline" line-rate="0" branch-rate="0" complexity="0"><classes></classes></package><package name="crates/wami/src/wami/policies/permissions_boundary" line-rate="0.8679245283018868" branch-rate="0" complexity="0"><classes><class name="model" filename="crates/wami/src/wami/policies/permissions_boundary/model.rs" line-rate="1" branch-rate="0" complexity="0"><methods/><lines><line number="41" hits="11"/><line number="42" hits="22"/><line number="43" hits="1"/><line number="44" hits="1"/><line number="49" hits="2"/><line number="50" hits="2"/><line number="54" hits="8"/><line number="55" hits="2"/><line number="56" hits="2"/><line number="60" hits="6"/></lines></class><class name="operations" filename="crates/wami/src/wami/policies/permissions_boundary/operations.rs" line-rate="0.8372093023255814" branch-rate="0" complexity="0"><methods/><lines><line number="13" hits="5"/><line number="15" hits="10"/><line number="16" hits="1"/><line number="17" hits="1"/><line number="23" hits="1"/><line number="24" hits="1"/><line number="29" hits="0"/><line number="30" hits="0"/><line number="31" hits="0"/><line number="35" hits="3"/><line number="42" hits="6"/><line number="48" hits="18"/><line number="49" hits="6"/><line number="50" hits="0"/><line number="54" hits="6"/><line number="58" hits="0"/><line number="62" hits="14"/><line number="63" hits="30"/><line number="65" hits="6"/><line number="66" hits="0"/><line number="70" hits="9"/><line number="73" hits="4"/><line number="75" hits="2"/><line number="79" hits="6"/><line number="80" hits="11"/><line number="81" hits="10"/><line number="83" hits="2"/><line number="85" hits="0"/><line number="87" hits="4"/><line number="88" hits="4"/><line number="89" hits="4"/><line number="91" hits="2"/><line number="103" hits="2"/><line number="113" hits="18"/><line number="114" hits="18"/><line number="115" hits="2"/><line number="117" hits="9"/><line number="120" hits="7"/><line number="129" hits="11"/><line number="130" hits="11"/><line number="131" hits="4"/><line number="133" hits="5"/><line number="136" hits="2"/></lines></class></classes></package><package name="crates/wami/src/wami/sts/federation" line-rate="0.6363636363636364" branch-rate="0" complexity="0"><classes><class name="requests" filename="crates/wami/src/wami/sts/federation/requests.rs" line-rate="0.6363636363636364" branch-rate="0" complexity="0"><methods/><lines><line number="35" hits="5"/><line number="36" hits="10"/><line number="37" hits="0"/><line number="38" hits="0"/><line number="46" hits="148"/><line number="48" hits="1"/><line number="49" hits="1"/><line number="54" hits="7"/><line number="56" hits="0"/><line number="57" hits="0"/><line number="62" hits="4"/></lines></class></classes></package><package name="crates/wami/src/store/traits/policies" line-rate="0" branch-rate="0" complexity="0"><classes></classes></package><package name="crates/wami-identity/src" line-rate="0" branch-rate="0" complexity="0"><classes></classes></package><package name="crates/wami/src/wami/sso_admin/account_assignment" line-rate="0" branch-rate="0" complexity="0"><classes></classes></package><package name="crates/wami/src/wami/sts/credentials" line-rate="1" branch-rate="0" complexity="0"><classes><class name="model" filename="crates/wami/src/wami/sts/credentials/model.rs" line-rate="1" branch-rate="0" complexity="0"><methods/><lines><line number="47" hits="2"/><line number="48" hits="2"/><line number="52" hits="3"/><line number="53" hits="3"/><line number="57" hits="2"/><line number="58" hits="2"/></lines></class></classes></package><package name="crates/wami-core/src/arn" line-rate="0.7325581395348837" branch-rate="0" complexity="0"><classes><class name="builder" filename="crates/wami-core/src/arn/builder.rs" line-rate="0.8852459016393442" branch-rate="0" complexity="0"><methods/><lines><line number="59" hits="380"/><line number="60" hits="380"/><line number="72" hits="377"/><line number="73" hits="754"/><line number="74" hits="377"/><line number="86" hits="2"/><line number="87" hits="6"/><line number="88" hits="2"/><line number="101" hits="354"/><line number="102" hits="708"/><line number="103" hits="354"/><line number="116" hits="3"/><line number="117" hits="6"/><line number="118" hits="3"/><line number="130" hits="22"/><line number="131" hits="44"/><line number="132" hits="22"/><line number="144" hits="379"/><line number="145" hits="758"/><line number="146" hits="379"/><line number="159" hits="11"/><line number="164" hits="33"/><line number="165" hits="11"/><line number="178" hits="2"/><line number="184" hits="8"/><line number="185" hits="2"/><line number="200" hits="1"/><line number="201" hits="2"/><line number="202" hits="0"/><line number="204" hits="1"/><line number="217" hits="1"/><line number="218" hits="2"/><line number="219" hits="1"/><line number="233" hits="1"/><line number="234" hits="2"/><line number="235" hits="1"/><line number="248" hits="1"/><line number="249" hits="2"/><line number="250" hits="1"/><line number="262" hits="378"/><line number="267" hits="1134"/><line number="268" hits="378"/><line number="296" hits="380"/><line number="297" hits="1139"/><line number="298" hits="2"/><line number="301" hits="378"/><line number="302" hits="2"/><line number="305" hits="377"/><line number="308" hits="2"/><line number="311" hits="376"/><line number="312" hits="2"/><line number="317" hits="1"/><line number="318" hits="1"/><line number="324" hits="0"/><line number="325" hits="0"/><line number="331" hits="0"/><line number="332" hits="0"/><line number="337" hits="0"/><line number="338" hits="0"/><line number="368" hits="380"/><line number="369" hits="380"/></lines></class><class name="parser" filename="crates/wami-core/src/arn/parser.rs" line-rate="0.8070
[...]
69" hits="0"/><line number="370" hits="0"/><line number="371" hits="0"/><line number="372" hits="0"/><line number="373" hits="0"/><line number="374" hits="0"/><line number="375" hits="0"/><line number="376" hits="0"/><line number="377" hits="0"/><line number="378" hits="0"/><line number="379" hits="0"/><line number="380" hits="0"/><line number="381" hits="0"/><line number="385" hits="0"/><line number="386" hits="0"/><line number="389" hits="0"/><line number="390" hits="0"/><line number="391" hits="0"/><line number="393" hits="0"/><line number="395" hits="0"/><line number="396" hits="0"/><line number="399" hits="0"/><line number="400" hits="0"/><line number="403" hits="0"/><line number="407" hits="0"/><line number="408" hits="0"/><line number="410" hits="0"/><line number="413" hits="0"/><line number="415" hits="0"/><line number="444" hits="0"/><line number="445" hits="0"/><line number="446" hits="0"/><line number="447" hits="0"/><line number="448" hits="0"/><line number="450" hits="0"/><line number="474" hits="0"/><line number="476" hits="0"/><line number="478" hits="0"/><line number="480" hits="0"/><line number="482" hits="0"/><line number="484" hits="0"/><line number="487" hits="0"/></lines></class><class name="provider_info" filename="crates/wami-provider/src/provider_info.rs" line-rate="1" branch-rate="0" complexity="0"><methods/><lines><line number="59" hits="5"/><line number="66" hits="15"/><line number="67" hits="15"/><line number="69" hits="10"/><line number="70" hits="5"/><line number="75" hits="3"/><line number="76" hits="3"/><line number="80" hits="3"/><line number="81" hits="3"/><line number="85" hits="2"/><line number="86" hits="2"/><line number="90" hits="1"/><line number="91" hits="3"/></lines></class><class name="registry" filename="crates/wami-provider/src/registry.rs" line-rate="0.75" branch-rate="0" complexity="0"><methods/><lines><line number="21" hits="3"/><line number="22" hits="3"/><line number="26" hits="0"/><line number="28" hits="0"/><line number="35" hits="4"/><line number="36" hits="20"/><line number="40" hits="1"/><line number="41" hits="5"/><line number="45" hits="2"/><line number="46" hits="8"/><line number="50" hits="1"/><line number="51" hits="4"/><line number="55" hits="0"/><line number="56" hits="0"/><line number="60" hits="1"/><line number="61" hits="2"/></lines></class></classes></package><package name="crates/wami/src/store/traits/identity" line-rate="0" branch-rate="0" complexity="0"><classes></classes></package><package name="crates/wami/src/wami" line-rate="0.8030660377358491" branch-rate="0" complexity="0"><classes></classes></package><package name="crates/wami/src/service/tenant" line-rate="0.6615384615384615" branch-rate="0" complexity="0"><classes><class name="mod" filename="crates/wami/src/service/tenant/mod.rs" line-rate="0.6615384615384615" branch-rate="0" complexity="0"><methods/><lines><line number="26" hits="52"/><line number="29" hits="26"/><line number="30" hits="60"/><line number="31" hits="0"/><line number="33" hits="18"/><line number="37" hits="78"/><line number="39" hits="0"/><line number="40" hits="26"/><line number="46" hits="0"/><line number="47" hits="0"/><line number="48" hits="0"/><line number="55" hits="28"/><line number="60" hits="65"/><line number="61" hits="0"/><line number="64" hits="38"/><line number="65" hits="19"/><line number="67" hits="16"/><line number="72" hits="16"/><line number="73" hits="0"/><line number="74" hits="2"/><line number="75" hits="2"/><line number="76" hits="0"/><line number="77" hits="2"/><line number="78" hits="5"/><line number="79" hits="4"/><line number="84" hits="0"/><line number="100" hits="3"/><line number="105" hits="7"/><line number="106" hits="0"/><line number="109" hits="4"/><line number="110" hits="2"/><line number="112" hits="8"/><line number="116" hits="10"/><line number="120" hits="29"/><line number="128" hits="59"/><line number="131" hits="28"/><line number="132" hits="2"/><line number="135" hits="52"/><line number="138" hits="0"/><line number="141" hits="26"/><line number="142" hits="0"/><line number="143" hits="0"/><line number="144" hits="0"/><line number="145" hits="0"/><line number="146" hits="0"/><line number="147" hits="0"/><line number="150" hits="0"/><line number="154" hits="4"/><line number="155" hits="4"/><line number="159" hits="2"/><line number="160" hits="2"/><line number="164" hits="2"/><line number="165" hits="2"/><line number="169" hits="44"/><line number="170" hits="22"/><line number="174" hits="22"/><line number="175" hits="22"/><line number="179" hits="2"/><line number="180" hits="2"/><line number="184" hits="2"/><line number="185" hits="2"/><line number="189" hits="0"/><line number="190" hits="0"/><line number="194" hits="0"/><line number="195" hits="0"/></lines></class></classes></package><package name="crates/cloud-provider/wami-provider-aws/src" line-rate="0.6785714285714286" branch-rate="0" complexity="0"><classes><class name="lib" filename="crates/cloud-provider/wami-provider-aws/src/lib.rs" line-rate="0.6785714285714286" branch-rate="0" complexity="0"><methods/><lines><line number="44" hits="0"/><line number="45" hits="0"/><line number="51" hits="49"/><line number="53" hits="49"/><line number="69" hits="1"/><line number="81" hits="6"/><line number="82" hits="12"/><line number="93" hits="7"/><line number="94" hits="14"/><line number="95" hits="18"/><line number="96" hits="33"/><line number="97" hits="11"/><line number="98" hits="0"/><line number="99" hits="66"/><line number="106" hits="4"/><line number="109" hits="12"/><line number="110" hits="8"/><line number="112" hits="12"/><line number="113" hits="8"/><line number="114" hits="72"/><line number="115" hits="72"/><line number="116" hits="4"/><line number="124" hits="4"/><line number="129" hits="1"/><line number="130" hits="1"/><line number="133" hits="3"/><line number="140" hits="9"/><line number="141" hits="2"/><line number="142" hits="0"/><line number="143" hits="1"/><line number="144" hits="0"/><line number="145" hits="0"/><line number="146" hits="0"/><line number="147" hits="0"/><line number="148" hits="0"/><line number="149" hits="0"/><line number="150" hits="0"/><line number="151" hits="0"/><line number="152" hits="0"/><line number="153" hits="0"/><line number="154" hits="0"/><line number="155" hits="0"/><line number="156" hits="0"/><line number="159" hits="3"/><line number="165" hits="4"/><line number="166" hits="8"/><line number="167" hits="1"/><line number="168" hits="1"/><line number="169" hits="1"/><line number="170" hits="0"/><line number="171" hits="1"/><line number="172" hits="0"/><line number="173" hits="0"/><line number="174" hits="0"/><line number="175" hits="0"/><line number="176" hits="0"/><line number="177" hits="0"/><line number="178" hits="0"/><line number="181" hits="0"/><line number="182" hits="0"/><line number="185" hits="12"/><line number="188" hits="8"/><line number="189" hits="8"/><line number="192" hits="5"/><line number="193" hits="5"/><line number="194" hits="2"/><line number="195" hits="2"/><line number="196" hits="2"/><line number="197" hits="2"/><line number="201" hits="3"/><line number="204" hits="6"/><line number="205" hits="10"/><line number="206" hits="3"/><line number="207" hits="3"/><line number="208" hits="3"/><line number="209" hits="3"/><line number="213" hits="3"/><line number="216" hits="3"/><line number="221" hits="15"/><line number="222" hits="9"/><line number="224" hits="4"/><line number="227" hits="4"/><line number="231" hits="1"/><line number="232" hits="2"/></lines></class></classes></package><package name="crates/wami/src/service" line-rate="0.4963054187192118" branch-rate="0" complexity="0"><classes></classes></package><package name="crates/wami/src/store/traits/tenant" line-rate="0" branch-rate="0" complexity="0"><classes></classes></package><package name="crates/cloud-provider/wami-provider-custom/src" line-rate="0.7916666666666666" branch-rate="0" complexity="0"><classes><class name="lib" filename="crates/cloud-provider/wami-provider-custom/src/lib.rs" line-rate="0.7916666666666666" branch-rate="0" complexity="0"><methods/><lines><line number="46" hits="5"/><line number="47" hits="5"/><line number="52" hits="2"/><line number="53" hits="2"/><line number="56" hits="2"/><line number="63" hits="6"/><line number="65" hits="12"/><line number="66" hits="10"/><line number="67" hits="8"/><line number="68" hits="6"/><line number="69" hits="4"/><line number="73" hits="2"/><line number="74" hits="2"/><line number="77" hits="4"/><line number="78" hits="4"/><line number="79" hits="2"/><line number="80" hits="2"/><line number="81" hits="2"/><line number="82" hits="2"/><line number="86" hits="2"/><line number="87" hits="2"/><line number="90" hits="0"/><line number="91" hits="0"/><line number="94" hits="0"/><line number="95" hits="0"/><line number="98" hits="0"/><line number="103" hits="0"/><line number="104" hits="0"/><line number="106" hits="0"/><line number="110" hits="0"/><line number="111" hits="0"/><line number="126" hits="1"/><line number="127" hits="2"/><line number="128" hits="1"/><line number="132" hits="2"/><line number="133" hits="4"/><line number="134" hits="2"/><line number="138" hits="2"/><line number="139" hits="4"/><line number="140" hits="2"/><line number="144" hits="1"/><line number="145" hits="1"/><line number="146" hits="1"/><line number="150" hits="5"/><line number="152" hits="18"/><line number="153" hits="5"/><line number="156" hits="16"/><line number="157" hits="10"/></lines></class></classes></package><package name="crates/wami/src/wami/instance" line-rate="0.543859649122807" branch-rate="0" complexity="0"><classes><class name="bootstrap" filename="crates/wami/src/wami/instance/bootstrap.rs" line-rate="0.543859649122807" branch-rate="0" complexity="0"><methods/><lines><line number="133" hits="4"/><line number="140" hits="12"/><line number="143" hits="8"/><line number="144" hits="0"/><line number="145" hits="0"/><line number="149" hits="0"/><line number="152" hits="4"/><line number="153" hits="0"/><line number="154" hits="0"/><line number="155" hits="0"/><line number="156" hits="0"/><line number="161" hits="0"/><line number="162" hits="0"/><line number="163" hits="0"/><line number="164" hits="0"/><line number="165" hits="0"/><line number="169" hits="0"/><line number="170" hits="0"/><line number="175" hits="0"/><line number="176" hits="0"/><line number="179" hits="4"/><line number="182" hits="4"/><line number="183" hits="0"/><line number="184" hits="0"/><line number="185" hits="0"/><line number="186" hits="0"/><line number="191" hits="0"/><line number="192" hits="0"/><line number="193" hits="0"/><line number="197" hits="0"/><line number="201" hits="4"/><line number="202" hits="12"/><line number="205" hits="4"/><line number="208" hits="4"/><line number="209" hits="4"/><line number="210" hits="4"/><line number="211" hits="4"/><line number="212" hits="4"/><line number="219" hits="5"/><line number="222" hits="10"/><line number="224" hits="15"/><line number="225" hits="85"/><line number="226" hits="320"/><line number="227" hits="80"/><line number="231" hits="10"/><line number="237" hits="5"/><line number="240" hits="10"/><line number="242" hits="5"/><line number="243" hits="205"/><line number="244" hits="800"/><line number="245" hits="200"/><line number="251" hits="2"/><line number="255" hits="4"/><line number="256" hits="6"/><line number="259" hits="0"/><line number="260" hits="2"/><line number="261" hits="0"/></lines></class></classes></package><package name="crates/wami/src/service/sso_admin" line-rate="0.8947368421052632" branch-rate="0" complexity="0"><classes><class name="account_assignment" filename="crates/wami/src/service/sso_admin/account_assignment.rs" line-rate="0.9" branch-rate="0" complexity="0"><methods/><lines><line number="24" hits="3"/><line number="27" hits="3"/><line number="32" hits="0"/><line number="34" hits="0"/><line number="40" hits="4"/><line number="44" hits="8"/><line number="47" hits="4"/><line number="48" hits="4"/><line number="52" hits="2"/><line number="56" hits="4"/><line number="59" hits="2"/><line number="60" hits="2"/><line number="64" hits="2"/><line number="65" hits="2"/><line number="68" hits="1"/><line number="69" hits="1"/><line number="73" hits="1"/><line number="78" hits="2"/><line number="81" hits="2"/><line number="82" hits="1"/></lines></class><class name="application" filename="crates/wami/src/service/sso_admin/application.rs" line-rate="0.875" branch-rate="0" complexity="0"><methods/><lines><line number="24" hits="2"/><line number="27" hits="2"/><line number="32" hits="0"/><line number="34" hits="0"/><line number="40" hits="6"/><line number="41" hits="6"/><line number="44" hits="3"/><line number="45" hits="3"/><line number="49" hits="2"/><line number="50" hits="2"/><line number="53" hits="1"/><line number="54" hits="1"/><line number="58" hits="2"/><line number="59" hits="2"/><line number="62" hits="1"/><line number="63" hits="1"/></lines></class><class name="instance" filename="crates/wami/src/service/sso_admin/instance.rs" line-rate="0.8666666666666667" branch-rate="0" complexity="0"><methods/><lines><line number="24" hits="2"/><line number="27" hits="2"/><line number="32" hits="0"/><line number="34" hits="0"/><line number="40" hits="6"/><line number="41" hits="9"/><line number="44" hits="3"/><line number="45" hits="3"/><line number="49" hits="2"/><line number="50" hits="3"/><line number="53" hits="1"/><line number="54" hits="1"/><line number="58" hits="2"/><line number="59" hits="2"/><line number="63" hits="1"/></lines></class><class name="permission_set" filename="crates/wami/src/service/sso_admin/permission_set.rs" line-rate="0.9166666666666666" branch-rate="0" complexity="0"><methods/><lines><line number="24" hits="4"/><line number="27" hits="4"/><line number="32" hits="0"/><line number="34" hits="0"/><line number="40" hits="5"/><line number="44" hits="10"/><line number="47" hits="5"/><line number="48" hits="5"/><line number="52" hits="2"/><line number="56" hits="4"/><line number="59" hits="2"/><line number="60" hits="2"/><line number="64" hits="1"/><line number="68" hits="2"/><line number="71" hits="1"/><line number="72" hits="1"/><line number="76" hits="2"/><line number="77" hits="2"/><line number="80" hits="1"/><line number="81" hits="1"/><line number="85" hits="2"/><line number="86" hits="2"/><line number="89" hits="1"/><line number="90" hits="1"/></lines></class><class name="trusted_token_issuer" filename="crates/wami/src/service/sso_admin/trusted_token_issuer.rs" line-rate="0.9" branch-rate="0" complexity="0"><methods/><lines><line number="24" hits="3"/><line number="27" hits="3"/><line number="32" hits="0"/><line number="34" hits="0"/><line number="40" hits="4"/><line number="44" hits="8"/><line number="47" hits="4"/><line number="48" hits="4"/><line number="52" hits="2"/><line number="56" hits="4"/><line number="59" hits="2"/><line number="60" hits="2"/><line number="64" hits="2"/><line number="65" hits="2"/><line number="68" hits="1"/><line number="69" hits="1"/><line number="73" hits="1"/><line number="77" hits="2"/><line number="80" hits="1"/><line number="81" hits="1"/></lines></class></classes></package><package name="crates/wami/src/store/memory/identity" line-rate="0.9367088607594937" branch-rate="0" complexity="0"><classes><class name="group" filename="crates/wami/src/store/memory/identity/group.rs" line-rate="0.95" branch-rate="0" complexity="0"><methods/><lines><line number="12" hits="20"/><line number="17" hits="7"/><line number="21" hits="1"/><line number="26" hits="2"/><line number="30" hits="0"/><line number="43" hits="18"/><line number="46" hits="27"/><line number="64" hits="4"/><line number="68" hits="8"/><line number="73" hits="2"/><line number="81" hits="2"/><line number="83" hits="4"/><line number="89" hits="4"/><line number="101" hits="2"/><line number="103" hits="6"/><line number="108" hits="3"/><line number="140" hits="8"/><line number="143" hits="1"/><line number="150" hits="1"/><line number="154" hits="4"/></lines></class><class name="identity_provider" filename="crates/wami/src/store/memory/identity/identity_provider.rs" line-rate="0.8695652173913043" branch-rate="0" complexity="0"><methods/><lines><line number="16" hits="8"/><line number="28" hits="5"/><line number="32" hits="3"/><line number="44" hits="3"/><line number="60" hits="18"/><line number="67" hits="6"/><line number="68" hits="1"/><line number="79" hits="2"/><line number="91" hits="7"/><line number="103" hits="7"/><line number="107" hits="5"/><line number="119" hits="3"/><line number="135" hits="12"/><line number="142" hits="6"/><line number="143" hits="1"/><line number="154" hits="2"/><line number="166" hits="2"/><line number="170" hits="0"/><line number="180" hits="0"/><line number="192" hits="3"/><line number="208" hits="2"/><line number="211" hits="2"/><line number="218" hits="0"/></lines></class><class name="role" filename="crates/wami/src/store/memory/identity/role.rs" line-rate="1" branch-rate="0" complexity="0"><methods/><lines><line number="12" hits="30"/><line number="17" hits="12"/><line number="21" hits="4"/><line number="26" hits="2"/><line number="39" hits="15"/><line number="42" hits="27"/><line number="61" hits="4"/><line number="73" hits="1"/><line number="75" hits="4"/><line number="80" hits="2"/><line number="104" hits="2"/><line number="108" hits="8"/><line number="111" hits="1"/><line number="118" hits="1"/><line number="122" hits="4"/></lines></class><class name="user" filename="crates/wami/src/store/memory/identity/user.rs" line-rate="0.9523809523809523" branch-rate="0" complexity="0"><methods/><lines><line number="12" hits="58"/><line number="17" hits="34"/><line number="21" hits="2"/><line number="26" hits="2"/><line number="29" hits="0"/><line number="44" hits="18"/><line number="48" hits="120"/><line number="67" hits="2"/><line number="74" hits="4"/><line number="78" hits="8"/><line number="82" hits="2"/><line number="84" hits="6"/><line number="90" hits="2"/><line number="102" hits="1"/><line number="104" hits="2"/><line number="109" hits="2"/><line number="133" hits="1"/><line number="137" hits="4"/><line number="140" hits="1"/><line number="147" hits="1"/><line number="151" hits="4"/></lines></class></classes></package><package name="crates/wami-credentials/src/mfa_device" line-rate="0.4" branch-rate="0" complexity="0"><classes><class name="builder" filename="crates/wami-credentials/src/mfa_device/builder.rs" line-rate="0.4" branch-rate="0" complexity="0"><methods/><lines><line number="11" hits="10"/><line number="17" hits="20"/><line number="18" hits="20"/><line number="19" hits="30"/><line number="20" hits="30"/><line number="21" hits="20"/><line number="24" hits="0"/><line number="25" hits="0"/><line number="26" hits="0"/><line number="27" hits="0"/><line number="28" hits="0"/><line number="29" hits="0"/><line number="34" hits="0"/><line number="35" hits="0"/><line number="36" hits="0"/></lines></class></classes></package><package name="crates/wami-credentials/src/server_certificate" line-rate="0.4444444444444444" branch-rate="0" complexity="0"><classes><class name="builder" filename="crates/wami-credentials/src/server_certificate/builder.rs" line-rate="0.4444444444444444" branch-rate="0" complexity="0"><methods/><lines><line number="12" hits="5"/><line number="20" hits="15"/><line number="23" hits="10"/><line number="24" hits="10"/><line number="25" hits="15"/><line number="26" hits="15"/><line number="27" hits="10"/><line number="31" hits="0"/><line number="33" hits="0"/><line number="34" hits="5"/><line number="43" hits="0"/><line number="47" hits="0"/><line number="48" hits="0"/><line number="49" hits="0"/><line number="50" hits="0"/><line number="51" hits="0"/><line number="52" hits="0"/><line number="53" hits="0"/></lines></class></classes></package><package name="crates/wami/src/store/traits/sts" line-rate="0" branch-rate="0" complexity="0"><classes></classes></package></packages></coverage>