SF:/Users/lsh/projects/crates/wami/src/arn/builder.rs
FN:101,_RNvMNtNtCs9VsQExrgwtF_4wami3arn7builderNtB2_10ArnBuilder11tenant_path
FN:250,_RNvMNtNtCs9VsQExrgwtF_4wami3arn7builderNtB2_10ArnBuilder12resource_obj
FN:219,_RNvMNtNtCs9VsQExrgwtF_4wami3arn7builderNtB2_10ArnBuilder13cloud_mapping
FN:235,_RNvMNtNtCs9VsQExrgwtF_4wami3arn7builderNtB2_10ArnBuilder16no_cloud_mapping
FN:59,_RNvMNtNtCs9VsQExrgwtF_4wami3arn7builderNtB2_10ArnBuilder3new
FN:298,_RNvMNtNtCs9VsQExrgwtF_4wami3arn7builderNtB2_10ArnBuilder5build
FN:72,_RNvMNtNtCs9VsQExrgwtF_4wami3arn7builderNtB2_10ArnBuilder7service
FN:86,_RINvMNtNtCs9VsQExrgwtF_4wami3arn7builderNtB3_10ArnBuilder11service_strReEB7_
FN:146,_RINvMNtNtCs9VsQExrgwtF_4wami3arn7builderNtB3_10ArnBuilder13wami_instanceNtNtCs1AhsD0INetT_5alloc6string6StringEB7_
FN:146,_RINvMNtNtCs9VsQExrgwtF_4wami3arn7builderNtB3_10ArnBuilder13wami_instanceRNtNtCs1AhsD0INetT_5alloc6string6StringEB7_
FN:146,_RINvMNtNtCs9VsQExrgwtF_4wami3arn7builderNtB3_10ArnBuilder13wami_instanceReEB7_
FN:161,_RINvMNtNtCs9VsQExrgwtF_4wami3arn7builderNtB3_10ArnBuilder14cloud_providerReB19_EB7_
FN:116,_RINvMNtNtCs9VsQExrgwtF_4wami3arn7builderNtB3_10ArnBuilder16tenant_hierarchyReEB7_
FN:180,_RINvMNtNtCs9VsQExrgwtF_4wami3arn7builderNtB3_10ArnBuilder26cloud_provider_with_regionReB1l_B1l_EB7_
FN:202,_RINvMNtNtCs9VsQExrgwtF_4wami3arn7builderNtB3_10ArnBuilder6regionReEB7_
FN:132,_RINvMNtNtCs9VsQExrgwtF_4wami3arn7builderNtB3_10ArnBuilder6tenantReEB7_
FN:264,_RINvMNtNtCs9VsQExrgwtF_4wami3arn7builderNtB3_10ArnBuilder8resourceReB12_EB7_
FN:264,_RINvMNtNtCs9VsQExrgwtF_4wami3arn7builderNtB3_10ArnBuilder8resourceReNtNtCs1AhsD0INetT_5alloc6string6StringEB7_
FN:264,_RINvMNtNtCs9VsQExrgwtF_4wami3arn7builderNtB3_10ArnBuilder8resourceReRNtNtCs1AhsD0INetT_5alloc6string6StringEB7_
FN:118,_RNCINvMNtNtCs9VsQExrgwtF_4wami3arn7builderNtB5_10ArnBuilder16tenant_hierarchyReE0B9_
FN:300,_RNCNvMNtNtCs9VsQExrgwtF_4wami3arn7builderNtB4_10ArnBuilder5build0B8_
FN:310,_RNCNvMNtNtCs9VsQExrgwtF_4wami3arn7builderNtB4_10ArnBuilder5builds0_0B8_
FN:314,_RNCNvMNtNtCs9VsQExrgwtF_4wami3arn7builderNtB4_10ArnBuilder5builds1_0B8_
FN:304,_RNCNvMNtNtCs9VsQExrgwtF_4wami3arn7builderNtB4_10ArnBuilder5builds_0B8_
FN:482,_RNvNtNtNtCs9VsQExrgwtF_4wami3arn7builder5testss_24test_builder_service_str
FN:380,_RNvNtNtNtCs9VsQExrgwtF_4wami3arn7builder5testss_24test_builder_wami_native
FN:402,_RNvNtNtNtCs9VsQExrgwtF_4wami3arn7builder5testss_25test_builder_cloud_synced
FN:603,_RNvNtNtNtCs9VsQExrgwtF_4wami3arn7builder5testss_25test_builder_resource_obj
FN:447,_RNvNtNtNtCs9VsQExrgwtF_4wami3arn7builder5testss_26test_builder_region_method
FN:465,_RNvNtNtNtCs9VsQExrgwtF_4wami3arn7builder5testss_26test_builder_single_tenant
FN:495,_RNvNtNtNtCs9VsQExrgwtF_4wami3arn7builder5testss_27test_builder_custom_service
FN:542,_RNvNtNtNtCs9VsQExrgwtF_4wami3arn7builder5testss_27test_builder_missing_tenant
FN:527,_RNvNtNtNtCs9VsQExrgwtF_4wami3arn7builder5testss_28test_builder_missing_service
FN:557,_RNvNtNtNtCs9VsQExrgwtF_4wami3arn7builder5testss_29test_builder_missing_instance
FN:572,_RNvNtNtNtCs9VsQExrgwtF_4wami3arn7builder5testss_29test_builder_missing_resource
FN:512,_RNvNtNtNtCs9VsQExrgwtF_4wami3arn7builder5testss_29test_builder_no_cloud_mapping
FN:618,_RNvNtNtNtCs9VsQExrgwtF_4wami3arn7builder5testss_30test_builder_cloud_mapping_obj
FN:587,_RNvNtNtNtCs9VsQExrgwtF_4wami3arn7builder5testss_30test_builder_empty_tenant_path
FN:426,_RNvNtNtNtCs9VsQExrgwtF_4wami3arn7builder5testss_37test_builder_cloud_synced_with_region
FN:370,_RNvMs_NtNtCs9VsQExrgwtF_4wami3arn7builderNtNtB6_5types7WamiArn7builder
FNDA:278,_RNvMNtNtCs9VsQExrgwtF_4wami3arn7builderNtB2_10ArnBuilder11tenant_path
FNDA:1,_RNvMNtNtCs9VsQExrgwtF_4wami3arn7builderNtB2_10ArnBuilder12resource_obj
FNDA:1,_RNvMNtNtCs9VsQExrgwtF_4wami3arn7builderNtB2_10ArnBuilder13cloud_mapping
FNDA:1,_RNvMNtNtCs9VsQExrgwtF_4wami3arn7builderNtB2_10ArnBuilder16no_cloud_mapping
FNDA:304,_RNvMNtNtCs9VsQExrgwtF_4wami3arn7builderNtB2_10ArnBuilder3new
FNDA:304,_RNvMNtNtCs9VsQExrgwtF_4wami3arn7builderNtB2_10ArnBuilder5build
FNDA:301,_RNvMNtNtCs9VsQExrgwtF_4wami3arn7builderNtB2_10ArnBuilder7service
FNDA:2,_RINvMNtNtCs9VsQExrgwtF_4wami3arn7builderNtB3_10ArnBuilder11service_strReEB7_
FNDA:7,_RINvMNtNtCs9VsQExrgwtF_4wami3arn7builderNtB3_10ArnBuilder13wami_instanceNtNtCs1AhsD0INetT_5alloc6string6StringEB7_
FNDA:8,_RINvMNtNtCs9VsQExrgwtF_4wami3arn7builderNtB3_10ArnBuilder13wami_instanceRNtNtCs1AhsD0INetT_5alloc6string6StringEB7_
FNDA:288,_RINvMNtNtCs9VsQExrgwtF_4wami3arn7builderNtB3_10ArnBuilder13wami_instanceReEB7_
FNDA:11,_RINvMNtNtCs9VsQExrgwtF_4wami3arn7builderNtB3_10ArnBuilder14cloud_providerReB19_EB7_
FNDA:3,_RINvMNtNtCs9VsQExrgwtF_4wami3arn7builderNtB3_10ArnBuilder16tenant_hierarchyReEB7_
FNDA:2,_RINvMNtNtCs9VsQExrgwtF_4wami3arn7builderNtB3_10ArnBuilder26cloud_provider_with_regionReB1l_B1l_EB7_
FNDA:1,_RINvMNtNtCs9VsQExrgwtF_4wami3arn7builderNtB3_10ArnBuilder6regionReEB7_
FNDA:22,_RINvMNtNtCs9VsQExrgwtF_4wami3arn7builderNtB3_10ArnBuilder6tenantReEB7_
FNDA:62,_RINvMNtNtCs9VsQExrgwtF_4wami3arn7builderNtB3_10ArnBuilder8resourceReB12_EB7_
FNDA:15,_RINvMNtNtCs9VsQExrgwtF_4wami3arn7builderNtB3_10ArnBuilder8resourceReNtNtCs1AhsD0INetT_5alloc6string6StringEB7_
FNDA:225,_RINvMNtNtCs9VsQExrgwtF_4wami3arn7builderNtB3_10ArnBuilder8resourceReRNtNtCs1AhsD0INetT_5alloc6string6StringEB7_
FNDA:9,_RNCINvMNtNtCs9VsQExrgwtF_4wami3arn7builderNtB5_10ArnBuilder16tenant_hierarchyReE0B9_
FNDA:1,_RNCNvMNtNtCs9VsQExrgwtF_4wami3arn7builderNtB4_10ArnBuilder5build0B8_
FNDA:1,_RNCNvMNtNtCs9VsQExrgwtF_4wami3arn7builderNtB4_10ArnBuilder5builds0_0B8_
FNDA:1,_RNCNvMNtNtCs9VsQExrgwtF_4wami3arn7builderNtB4_10ArnBuilder5builds1_0B8_
FNDA:1,_RNCNvMNtNtCs9VsQExrgwtF_4wami3arn7builderNtB4_10ArnBuilder5builds_0B8_
FNDA:1,_RNvNtNtNtCs9VsQExrgwtF_4wami3arn7builder5testss_24test_builder_service_str
FNDA:1,_RNvNtNtNtCs9VsQExrgwtF_4wami3arn7builder5testss_24test_builder_wami_native
FNDA:1,_RNvNtNtNtCs9VsQExrgwtF_4wami3arn7builder5testss_25test_builder_cloud_synced
FNDA:1,_RNvNtNtNtCs9VsQExrgwtF_4wami3arn7builder5testss_25test_builder_resource_obj
FNDA:1,_RNvNtNtNtCs9VsQExrgwtF_4wami3arn7builder5testss_26test_builder_region_method
FNDA:1,_RNvNtNtNtCs9VsQExrgwtF_4wami3arn7builder5testss_26test_builder_single_tenant
FNDA:1,_RNvNtNtNtCs9VsQExrgwtF_4wami3arn7builder5testss_27test_builder_custom_service
FNDA:1,_RNvNtNtNtCs9VsQExrgwtF_4wami3arn7builder5testss_27test_builder_missing_tenant
FNDA:1,_RNvNtNtNtCs9VsQExrgwtF_4wami3arn7builder5testss_28test_builder_missing_service
FNDA:1,_RNvNtNtNtCs9VsQExrgwtF_4wami3arn7builder5testss_29test_builder_missing_instance
FNDA:1,_RNvNtNtNtCs9VsQExrgwtF_4wami3arn7builder5testss_29test_builder_missing_resource
FNDA:1,_RNvNtNtNtCs9VsQExrgwtF_4wami3arn7builder5testss_29test_builder_no_cloud_mapping
FNDA:1,_RNvNtNtNtCs9VsQExrgwtF_4wami3arn7builder5testss_30test_builder_cloud_mapping_obj
FNDA:1,_RNvNtNtNtCs9VsQExrgwtF_4wami3arn7builder5testss_30test_builder_empty_tenant_path
FNDA:1,_RNvNtNtNtCs9VsQExrgwtF_4wami3arn7builder5testss_37test_builder_cloud_synced_with_region
FNDA:304,_RNvMs_NtNtCs9VsQExrgwtF_4wami3arn7builderNtNtB6_5types7WamiArn7builder
FNF:36
FNH:36
DA:59,304
DA:60,304
DA:61,304
DA:72,301
DA:73,301
DA:74,301
DA:75,301
DA:86,2
DA:87,2
DA:88,2
DA:89,2
DA:101,278
DA:102,278
DA:103,278
DA:104,278
DA:116,3
DA:117,3
DA:118,9
DA:120,3
DA:121,3
DA:132,22
DA:133,22
DA:134,22
DA:135,22
DA:146,303
DA:147,303
DA:148,303
DA:149,303
DA:161,11
DA:162,11
DA:163,11
DA:164,11
DA:165,11
DA:166,11
DA:167,11
DA:168,11
DA:180,2
DA:181,2
DA:182,2
DA:183,2
DA:184,2
DA:185,2
DA:186,2
DA:187,2
DA:188,2
DA:202,1
DA:203,1
DA:204,1
DA:205,1
DA:206,1
DA:207,1
DA:219,1
DA:220,1
DA:221,1
DA:222,1
DA:235,1
DA:236,1
DA:237,1
DA:238,1
DA:250,1
DA:251,1
DA:252,1
DA:253,1
DA:264,302
DA:265,302
DA:266,302
DA:267,302
DA:268,302
DA:269,302
DA:270,302
DA:271,302
DA:298,304
DA:299,304
DA:300,1
DA:301,1
DA:303,303
DA:304,1
DA:305,1
DA:307,302
DA:308,302
DA:309,302
DA:310,1
DA:311,1
DA:313,301
DA:314,1
DA:315,1
DA:318,300
DA:319,1
DA:320,1
DA:321,1
DA:322,299
DA:325,299
DA:326,0
DA:327,0
DA:328,0
DA:329,299
DA:332,299
DA:333,0
DA:334,0
DA:335,0
DA:336,299
DA:338,299
DA:339,0
DA:340,0
DA:341,0
DA:342,299
DA:344,299
DA:345,299
DA:346,299
DA:347,299
DA:348,299
DA:349,299
DA:350,299
DA:351,304
DA:370,304
DA:371,304
DA:372,304
DA:380,1
DA:381,1
DA:382,1
DA:383,1
DA:384,1
DA:385,1
DA:386,1
DA:387,1
DA:389,1
DA:390,1
DA:391,1
DA:392,1
DA:393,1
DA:394,1
DA:395,1
DA:396,1
DA:399,1
DA:402,1
DA:403,1
DA:404,1
DA:405,1
DA:406,1
DA:407,1
DA:408,1
DA:409,1
DA:410,1
DA:412,1
DA:413,1
DA:414,1
DA:415,1
DA:418,1
DA:419,1
DA:420,1
DA:423,1
DA:426,1
DA:427,1
DA:428,1
DA:429,1
DA:430,1
DA:431,1
DA:432,1
DA:433,1
DA:434,1
DA:436,1
DA:437,1
DA:438,1
DA:440,1
DA:441,1
DA:444,1
DA:447,1
DA:448,1
DA:449,1
DA:450,1
DA:451,1
DA:452,1
DA:453,1
DA:454,1
DA:455,1
DA:456,1
DA:458,1
DA:459,1
DA:460,1
DA:462,1
DA:465,1
DA:466,1
DA:467,1
DA:468,1
DA:469,1
DA:470,1
DA:471,1
DA:472,1
DA:474,1
DA:475,1
DA:476,1
DA:479,1
DA:482,1
DA:483,1
DA:484,1
DA:485,1
DA:486,1
DA:487,1
DA:488,1
DA:489,1
DA:491,1
DA:492,1
DA:495,1
DA:496,1
DA:497,1
DA:498,1
DA:499,1
DA:500,1
DA:501,1
DA:502,1
DA:504,1
DA:505,1
DA:506,1
DA:509,1
DA:512,1
DA:513,1
DA:514,1
DA:515,1
DA:516,1
DA:517,1
DA:518,1
DA:519,1
DA:520,1
DA:521,1
DA:523,1
DA:524,1
DA:527,1
DA:528,1
DA:529,1
DA:530,1
DA:531,1
DA:532,1
DA:534,1
DA:535,1
DA:536,1
DA:537,1
DA:538,1
DA:539,1
DA:542,1
DA:543,1
DA:544,1
DA:545,1
DA:546,1
DA:547,1
DA:549,1
DA:550,1
DA:551,1
DA:552,1
DA:553,1
DA:554,1
DA:557,1
DA:558,1
DA:559,1
DA:560,1
DA:561,1
DA:562,1
DA:564,1
DA:565,1
DA:566,1
DA:567,1
DA:568,1
DA:569,1
DA:572,1
DA:573,1
DA:574,1
DA:575,1
DA:576,1
DA:577,1
DA:579,1
DA:580,1
DA:581,1
DA:582,1
DA:583,1
DA:584,1
DA:587,1
DA:588,1
DA:589,1
DA:590,1
DA:591,1
DA:592,1
DA:593,1
DA:595,1
DA:596,1
DA:597,1
DA:598,1
DA:599,1
DA:600,1
DA:603,1
DA:604,1
DA:605,1
DA:606,1
DA:607,1
DA:608,1
DA:609,1
DA:610,1
DA:611,1
DA:613,1
DA:614,1
DA:615,1
DA:618,1
DA:619,1
DA:620,1
DA:621,1
DA:622,1
DA:623,1
DA:624,1
DA:625,1
DA:626,1
DA:627,1
DA:629,1
DA:630,1
DA:631,1
BRF:0
BRH:0
LF:317
LH:308
end_of_record
SF:/Users/lsh/projects/crates/wami/src/arn/parser.rs
FN:31,_RNvXs0_NtNtCs9VsQExrgwtF_4wami3arn6parserNtNtB9_5error8AmiErrorINtNtCs2CqrNpCrSUr_4core7convert4FromNtB5_13ArnParseErrorE4from
FN:350,_RNvNtNtNtCs9VsQExrgwtF_4wami3arn6parser5testss_20test_parse_sso_admin
FN:243,_RNvNtNtNtCs9VsQExrgwtF_4wami3arn6parser5testss_22test_parse_wami_native
FN:464,_RNvNtNtNtCs9VsQExrgwtF_4wami3arn6parser5testss_23test_parse_arn_function
FN:424,_RNvNtNtNtCs9VsQExrgwtF_4wami3arn6parser5testss_23test_parse_empty_tenant
FN:330,_RNvNtNtNtCs9VsQExrgwtF_4wami3arn6parser5testss_24test_parse_single_tenant
FN:454,_RNvNtNtNtCs9VsQExrgwtF_4wami3arn6parser5testss_24test_parse_too_few_parts
FN:342,_RNvNtNtNtCs9VsQExrgwtF_4wami3arn6parser5testss_25test_parse_custom_service
FN:394,_RNvNtNtNtCs9VsQExrgwtF_4wami3arn6parser5testss_25test_parse_invalid_prefix
FN:257,_RNvNtNtNtCs9VsQExrgwtF_4wami3arn6parser5testss_27test_parse_cloud_synced_aws
FN:302,_RNvNtNtNtCs9VsQExrgwtF_4wami3arn6parser5testss_27test_parse_cloud_synced_gcp
FN:369,_RNvNtNtNtCs9VsQExrgwtF_4wami3arn6parser5testss_27test_parse_roundtrip_native
FN:434,_RNvNtNtNtCs9VsQExrgwtF_4wami3arn6parser5testss_28test_parse_empty_instance_id
FN:404,_RNvNtNtNtCs9VsQExrgwtF_4wami3arn6parser5testss_28test_parse_invalid_namespace
FN:414,_RNvNtNtNtCs9VsQExrgwtF_4wami3arn6parser5testss_30test_parse_missing_wami_marker
FN:360,_RNvNtNtNtCs9VsQExrgwtF_4wami3arn6parser5testss_30test_parse_resource_with_slash
FN:316,_RNvNtNtNtCs9VsQExrgwtF_4wami3arn6parser5testss_32test_parse_cloud_synced_scaleway
FN:444,_RNvNtNtNtCs9VsQExrgwtF_4wami3arn6parser5testss_34test_parse_invalid_resource_format
FN:276,_RNvNtNtNtCs9VsQExrgwtF_4wami3arn6parser5testss_35test_parse_cloud_synced_with_region
FN:377,_RNvNtNtNtCs9VsQExrgwtF_4wami3arn6parser5testss_40test_parse_roundtrip_cloud_synced_global
FN:385,_RNvNtNtNtCs9VsQExrgwtF_4wami3arn6parser5testss_42test_parse_roundtrip_cloud_synced_regional
FN:291,_RNvNtNtNtCs9VsQExrgwtF_4wami3arn6parser5testss_45test_parse_legacy_cloud_synced_without_region
FN:234,_RNvNtNtCs9VsQExrgwtF_4wami3arn6parser9parse_arn
FN:19,_RNvXNtNtCs9VsQExrgwtF_4wami3arn6parserNtB2_13ArnParseErrorNtNtCs2CqrNpCrSUr_4core3fmt7Display3fmt
FN:235,_RNCNvNtNtCs9VsQExrgwtF_4wami3arn6parser9parse_arn0B7_
FN:100,_RNCNvXs1_NtNtCs9VsQExrgwtF_4wami3arn6parserNtNtB9_5types7WamiArnNtNtNtCs2CqrNpCrSUr_4core3str6traits7FromStr8from_str0Bb_
FN:102,_RNCNvXs1_NtNtCs9VsQExrgwtF_4wami3arn6parserNtNtB9_5types7WamiArnNtNtNtCs2CqrNpCrSUr_4core3str6traits7FromStr8from_strs_0Bb_
FN:69,_RNvXs1_NtNtCs9VsQExrgwtF_4wami3arn6parserNtNtB7_5types7WamiArnNtNtNtCs2CqrNpCrSUr_4core3str6traits7FromStr8from_str
FNDA:1,_RNvXs0_NtNtCs9VsQExrgwtF_4wami3arn6parserNtNtB9_5error8AmiErrorINtNtCs2CqrNpCrSUr_4core7convert4FromNtB5_13ArnParseErrorE4from
FNDA:1,_RNvNtNtNtCs9VsQExrgwtF_4wami3arn6parser5testss_20test_parse_sso_admin
FNDA:1,_RNvNtNtNtCs9VsQExrgwtF_4wami3arn6parser5testss_22test_parse_wami_native
FNDA:1,_RNvNtNtNtCs9VsQExrgwtF_4wami3arn6parser5testss_23test_parse_arn_function
FNDA:1,_RNvNtNtNtCs9VsQExrgwtF_4wami3arn6parser5testss_23test_parse_empty_tenant
FNDA:1,_RNvNtNtNtCs9VsQExrgwtF_4wami3arn6parser5testss_24test_parse_single_tenant
FNDA:1,_RNvNtNtNtCs9VsQExrgwtF_4wami3arn6parser5testss_24test_parse_too_few_parts
FNDA:1,_RNvNtNtNtCs9VsQExrgwtF_4wami3arn6parser5testss_25test_parse_custom_service
FNDA:1,_RNvNtNtNtCs9VsQExrgwtF_4wami3arn6parser5testss_25test_parse_invalid_prefix
FNDA:1,_RNvNtNtNtCs9VsQExrgwtF_4wami3arn6parser5testss_27test_parse_cloud_synced_aws
FNDA:1,_RNvNtNtNtCs9VsQExrgwtF_4wami3arn6parser5testss_27test_parse_cloud_synced_gcp
FNDA:1,_RNvNtNtNtCs9VsQExrgwtF_4wami3arn6parser5testss_27test_parse_roundtrip_native
FNDA:1,_RNvNtNtNtCs9VsQExrgwtF_4wami3arn6parser5testss_28test_parse_empty_instance_id
FNDA:1,_RNvNtNtNtCs9VsQExrgwtF_4wami3arn6parser5testss_28test_parse_invalid_namespace
FNDA:1,_RNvNtNtNtCs9VsQExrgwtF_4wami3arn6parser5testss_30test_parse_missing_wami_marker
FNDA:1,_RNvNtNtNtCs9VsQExrgwtF_4wami3arn6parser5testss_30test_parse_resource_with_slash
FNDA:1,_RNvNtNtNtCs9VsQExrgwtF_4wami3arn6parser5testss_32test_parse_cloud_synced_scaleway
FNDA:1,_RNvNtNtNtCs9VsQExrgwtF_4wami3arn6parser5testss_34test_parse_invalid_resource_format
FNDA:1,_RNvNtNtNtCs9VsQExrgwtF_4wami3arn6parser5testss_35test_parse_cloud_synced_with_region
FNDA:1,_RNvNtNtNtCs9VsQExrgwtF_4wami3arn6parser5testss_40test_parse_roundtrip_cloud_synced_global
FNDA:1,_RNvNtNtNtCs9VsQExrgwtF_4wami3arn6parser5testss_42test_parse_roundtrip_cloud_synced_regional
FNDA:1,_RNvNtNtNtCs9VsQExrgwtF_4wami3arn6parser5testss_45test_parse_legacy_cloud_synced_without_region
FNDA:2,_RNvNtNtCs9VsQExrgwtF_4wami3arn6parser9parse_arn
FNDA:8,_RNvXNtNtCs9VsQExrgwtF_4wami3arn6parserNtB2_13ArnParseErrorNtNtCs2CqrNpCrSUr_4core3fmt7Display3fmt
FNDA:1,_RNCNvNtNtCs9VsQExrgwtF_4wami3arn6parser9parse_arn0B7_
FNDA:268,_RNCNvXs1_NtNtCs9VsQExrgwtF_4wami3arn6parserNtNtB9_5types7WamiArnNtNtNtCs2CqrNpCrSUr_4core3str6traits7FromStr8from_str0Bb_
FNDA:268,_RNCNvXs1_NtNtCs9VsQExrgwtF_4wami3arn6parserNtNtB9_5types7WamiArnNtNtNtCs2CqrNpCrSUr_4core3str6traits7FromStr8from_strs_0Bb_
FNDA:253,_RNvXs1_NtNtCs9VsQExrgwtF_4wami3arn6parserNtNtB7_5types7WamiArnNtNtNtCs2CqrNpCrSUr_4core3str6traits7FromStr8from_str
FNF:28
FNH:28
DA:19,8
DA:20,8
DA:21,6
DA:22,0
DA:23,2
DA:25,8
DA:31,1
DA:32,1
DA:33,1
DA:34,1
DA:35,1
DA:69,253
DA:71,253
DA:74,253
DA:75,4
DA:76,4
DA:77,4
DA:78,4
DA:79,249
DA:82,249
DA:83,1
DA:84,1
DA:85,1
DA:86,1
DA:87,248
DA:89,248
DA:90,1
DA:91,1
DA:92,1
DA:93,1
DA:94,247
DA:97,247
DA:100,268
DA:102,268
DA:103,1
DA:104,1
DA:105,1
DA:106,246
DA:108,246
DA:111,246
DA:112,1
DA:113,1
DA:114,1
DA:115,1
DA:116,245
DA:119,245
DA:120,245
DA:121,1
DA:122,1
DA:123,1
DA:124,244
DA:130,244
DA:133,7
DA:135,7
DA:136,7
DA:137,7
DA:139,7
DA:140,0
DA:141,0
DA:142,0
DA:143,7
DA:145,7
DA:146,2
DA:148,5
DA:152,7
DA:154,7
DA:157,0
DA:158,0
DA:160,237
DA:163,1
DA:165,1
DA:166,1
DA:168,1
DA:169,0
DA:170,0
DA:171,0
DA:172,1
DA:174,1
DA:177,1
DA:179,1
DA:182,0
DA:183,0
DA:187,236
DA:188,236
DA:192,244
DA:193,244
DA:194,1
DA:195,1
DA:196,1
DA:197,1
DA:198,243
DA:200,243
DA:201,243
DA:203,243
DA:204,0
DA:205,0
DA:206,0
DA:207,243
DA:209,243
DA:211,243
DA:212,243
DA:213,243
DA:214,243
DA:215,243
DA:216,243
DA:217,243
DA:218,253
DA:234,2
DA:235,2
DA:236,2
DA:243,1
DA:244,1
DA:245,1
DA:247,1
DA:248,1
DA:249,1
DA:250,1
DA:251,1
DA:252,1
DA:253,1
DA:254,1
DA:257,1
DA:258,1
DA:259,1
DA:261,1
DA:262,1
DA:263,1
DA:264,1
DA:265,1
DA:266,1
DA:267,1
DA:270,1
DA:271,1
DA:272,1
DA:273,1
DA:276,1
DA:277,1
DA:278,1
DA:279,1
DA:281,1
DA:282,1
DA:283,1
DA:284,1
DA:285,1
DA:287,1
DA:288,1
DA:291,1
DA:293,1
DA:294,1
DA:296,1
DA:297,1
DA:298,1
DA:299,1
DA:302,1
DA:303,1
DA:304,1
DA:305,1
DA:307,1
DA:308,1
DA:309,1
DA:310,1
DA:311,1
DA:313,1
DA:316,1
DA:317,1
DA:318,1
DA:319,1
DA:321,1
DA:322,1
DA:323,1
DA:324,1
DA:325,1
DA:327,1
DA:330,1
DA:331,1
DA:332,1
DA:334,1
DA:335,1
DA:336,1
DA:337,1
DA:338,1
DA:339,1
DA:342,1
DA:343,1
DA:344,1
DA:346,1
DA:347,1
DA:350,1
DA:351,1
DA:352,1
DA:354,1
DA:355,1
DA:356,1
DA:357,1
DA:360,1
DA:361,1
DA:362,1
DA:364,1
DA:365,1
DA:366,1
DA:369,1
DA:370,1
DA:371,1
DA:372,1
DA:373,1
DA:374,1
DA:377,1
DA:378,1
DA:379,1
DA:380,1
DA:381,1
DA:382,1
DA:385,1
DA:386,1
DA:387,1
DA:388,1
DA:389,1
DA:390,1
DA:391,1
DA:394,1
DA:395,1
DA:396,1
DA:397,1
DA:398,1
DA:399,1
DA:400,1
DA:401,1
DA:404,1
DA:405,1
DA:406,1
DA:407,1
DA:408,1
DA:409,1
DA:410,1
DA:411,1
DA:414,1
DA:415,1
DA:416,1
DA:417,1
DA:418,1
DA:419,1
DA:420,1
DA:421,1
DA:424,1
DA:425,1
DA:426,1
DA:427,1
DA:428,1
DA:429,1
DA:430,1
DA:431,1
DA:434,1
DA:435,1
DA:436,1
DA:437,1
DA:438,1
DA:439,1
DA:440,1
DA:441,1
DA:444,1
DA:445,1
DA:446,1
DA:447,1
DA:448,1
DA:449,1
DA:450,1
DA:451,1
DA:454,1
DA:455,1
DA:456,1
DA:457,1
DA:458,1
DA:459,1
DA:460,1
DA:461,1
DA:464,1
DA:465,1
DA:466,1
DA:468,1
DA:469,1
DA:470,1
BRF:0
BRH:0
LF:284
LH:270
end_of_record
SF:/Users/lsh/projects/crates/wami/src/arn/transformer.rs
FN:443,_RNvNtNtCs9VsQExrgwtF_4wami3arn11transformer15get_transformer
FN:68,_RNvXNtNtCs9VsQExrgwtF_4wami3arn11transformerNtB2_17AwsArnTransformerNtB2_14ArnTransformer15to_provider_arn
FN:107,_RNvXNtNtCs9VsQExrgwtF_4wami3arn11transformerNtB2_17AwsArnTransformerNtB2_14ArnTransformer17from_provider_arn
FN:272,_RNvXs0_NtNtCs9VsQExrgwtF_4wami3arn11transformerNtB5_19AzureArnTransformerNtB5_14ArnTransformer15to_provider_arn
FN:308,_RNvXs0_NtNtCs9VsQExrgwtF_4wami3arn11transformerNtB5_19AzureArnTransformerNtB5_14ArnTransformer17from_provider_arn
FN:350,_RNvXs1_NtNtCs9VsQExrgwtF_4wami3arn11transformerNtB5_22ScalewayArnTransformerNtB5_14ArnTransformer15to_provider_arn
FN:380,_RNvXs1_NtNtCs9VsQExrgwtF_4wami3arn11transformerNtB5_22ScalewayArnTransformerNtB5_14ArnTransformer17from_provider_arn
FN:173,_RNvXs_NtNtCs9VsQExrgwtF_4wami3arn11transformerNtB4_17GcpArnTransformerNtB4_14ArnTransformer15to_provider_arn
FN:212,_RNvXs_NtNtCs9VsQExrgwtF_4wami3arn11transformerNtB4_17GcpArnTransformerNtB4_14ArnTransformer17from_provider_arn
FN:585,_RNvNtNtNtCs9VsQExrgwtF_4wami3arn11transformer5testss_20test_aws_sts_service
FN:459,_RNvNtNtNtCs9VsQExrgwtF_4wami3arn11transformer5testss_20test_aws_transformer
FN:515,_RNvNtNtNtCs9VsQExrgwtF_4wami3arn11transformer5testss_20test_gcp_transformer
FN:576,_RNvNtNtNtCs9VsQExrgwtF_4wami3arn11transformer5testss_20test_get_transformer
FN:534,_RNvNtNtNtCs9VsQExrgwtF_4wami3arn11transformer5testss_22test_azure_transformer
FN:553,_RNvNtNtNtCs9VsQExrgwtF_4wami3arn11transformer5testss_25test_scaleway_transformer
FN:601,_RNvNtNtNtCs9VsQExrgwtF_4wami3arn11transformer5testss_28test_aws_resource_with_slash
FN:620,_RNvNtNtNtCs9VsQExrgwtF_4wami3arn11transformer5testss_32test_aws_transformer_with_region
FN:644,_RNvNtNtNtCs9VsQExrgwtF_4wami3arn11transformer5testss_32test_gcp_transformer_error_cases
FN:674,_RNvNtNtNtCs9VsQExrgwtF_4wami3arn11transformer5testss_34test_azure_transformer_error_cases
FN:482,_RNvNtNtNtCs9VsQExrgwtF_4wami3arn11transformer5testss_35test_aws_transformer_wrong_provider
FN:499,_RNvNtNtNtCs9VsQExrgwtF_4wami3arn11transformer5testss_37test_aws_transformer_not_cloud_synced
FN:687,_RNvNtNtNtCs9VsQExrgwtF_4wami3arn11transformer5testss_37test_scaleway_transformer_error_cases
FN:637,_RNvNtNtNtCs9VsQExrgwtF_4wami3arn11transformer5testss_39test_aws_transformer_invalid_arn_format
FN:708,_RNvNtNtNtCs9VsQExrgwtF_4wami3arn11transformer5testss_40test_aws_transformer_from_arn_edge_cases
FN:73,_RNCNvXNtNtCs9VsQExrgwtF_4wami3arn11transformerNtB4_17AwsArnTransformerNtB4_14ArnTransformer15to_provider_arn0B8_
FN:277,_RNCNvXs0_NtNtCs9VsQExrgwtF_4wami3arn11transformerNtB7_19AzureArnTransformerNtB7_14ArnTransformer15to_provider_arn0Bb_
FN:355,_RNCNvXs1_NtNtCs9VsQExrgwtF_4wami3arn11transformerNtB7_22ScalewayArnTransformerNtB7_14ArnTransformer15to_provider_arn0Bb_
FN:178,_RNCNvXs_NtNtCs9VsQExrgwtF_4wami3arn11transformerNtB6_17GcpArnTransformerNtB6_14ArnTransformer15to_provider_arn0Ba_
FNDA:5,_RNvNtNtCs9VsQExrgwtF_4wami3arn11transformer15get_transformer
FNDA:6,_RNvXNtNtCs9VsQExrgwtF_4wami3arn11transformerNtB2_17AwsArnTransformerNtB2_14ArnTransformer15to_provider_arn
FNDA:5,_RNvXNtNtCs9VsQExrgwtF_4wami3arn11transformerNtB2_17AwsArnTransformerNtB2_14ArnTransformer17from_provider_arn
FNDA:1,_RNvXs0_NtNtCs9VsQExrgwtF_4wami3arn11transformerNtB5_19AzureArnTransformerNtB5_14ArnTransformer15to_provider_arn
FNDA:2,_RNvXs0_NtNtCs9VsQExrgwtF_4wami3arn11transformerNtB5_19AzureArnTransformerNtB5_14ArnTransformer17from_provider_arn
FNDA:2,_RNvXs1_NtNtCs9VsQExrgwtF_4wami3arn11transformerNtB5_22ScalewayArnTransformerNtB5_14ArnTransformer15to_provider_arn
FNDA:2,_RNvXs1_NtNtCs9VsQExrgwtF_4wami3arn11transformerNtB5_22ScalewayArnTransformerNtB5_14ArnTransformer17from_provider_arn
FNDA:3,_RNvXs_NtNtCs9VsQExrgwtF_4wami3arn11transformerNtB4_17GcpArnTransformerNtB4_14ArnTransformer15to_provider_arn
FNDA:0,_RNvXs_NtNtCs9VsQExrgwtF_4wami3arn11transformerNtB4_17GcpArnTransformerNtB4_14ArnTransformer17from_provider_arn
FNDA:1,_RNvNtNtNtCs9VsQExrgwtF_4wami3arn11transformer5testss_20test_aws_sts_service
FNDA:1,_RNvNtNtNtCs9VsQExrgwtF_4wami3arn11transformer5testss_20test_aws_transformer
FNDA:1,_RNvNtNtNtCs9VsQExrgwtF_4wami3arn11transformer5testss_20test_gcp_transformer
FNDA:1,_RNvNtNtNtCs9VsQExrgwtF_4wami3arn11transformer5testss_20test_get_transformer
FNDA:1,_RNvNtNtNtCs9VsQExrgwtF_4wami3arn11transformer5testss_22test_azure_transformer
FNDA:1,_RNvNtNtNtCs9VsQExrgwtF_4wami3arn11transformer5testss_25test_scaleway_transformer
FNDA:1,_RNvNtNtNtCs9VsQExrgwtF_4wami3arn11transformer5testss_28test_aws_resource_with_slash
FNDA:1,_RNvNtNtNtCs9VsQExrgwtF_4wami3arn11transformer5testss_32test_aws_transformer_with_region
FNDA:1,_RNvNtNtNtCs9VsQExrgwtF_4wami3arn11transformer5testss_32test_gcp_transformer_error_cases
FNDA:1,_RNvNtNtNtCs9VsQExrgwtF_4wami3arn11transformer5testss_34test_azure_transformer_error_cases
FNDA:1,_RNvNtNtNtCs9VsQExrgwtF_4wami3arn11transformer5testss_35test_aws_transformer_wrong_provider
FNDA:1,_RNvNtNtNtCs9VsQExrgwtF_4wami3arn11transformer5testss_37test_aws_transformer_not_cloud_synced
FNDA:1,_RNvNtNtNtCs9VsQExrgwtF_4wami3arn11transformer5testss_37test_scaleway_transformer_error_cases
FNDA:1,_RNvNtNtNtCs9VsQExrgwtF_4wami3arn11transformer5testss_39test_aws_transformer_invalid_arn_format
FNDA:1,_RNvNtNtNtCs9VsQExrgwtF_4wami3arn11transformer5testss_40test_aws_transformer_from_arn_edge_cases
FNDA:1,_RNCNvXNtNtCs9VsQExrgwtF_4wami3arn11transformerNtB4_17AwsArnTransformerNtB4_14ArnTransformer15to_provider_arn0B8_
FNDA:0,_RNCNvXs0_NtNtCs9VsQExrgwtF_4wami3arn11transformerNtB7_19AzureArnTransformerNtB7_14ArnTransformer15to_provider_arn0Bb_
FNDA:1,_RNCNvXs1_NtNtCs9VsQExrgwtF_4wami3arn11transformerNtB7_22ScalewayArnTransformerNtB7_14ArnTransformer15to_provider_arn0Bb_
FNDA:1,_RNCNvXs_NtNtCs9VsQExrgwtF_4wami3arn11transformerNtB6_17GcpArnTransformerNtB6_14ArnTransformer15to_provider_arn0Ba_
FNF:28
FNH:26
DA:68,6
DA:69,5
DA:70,6
DA:71,6
DA:72,6
DA:73,1
DA:74,1
DA:76,5
DA:77,1
DA:78,1
DA:79,1
DA:80,1
DA:81,1
DA:82,1
DA:83,4
DA:86,4
DA:87,3
DA:88,1
DA:89,0
DA:90,0
DA:95,4
DA:97,4
DA:98,4
DA:99,4
DA:100,4
DA:101,4
DA:102,4
DA:103,4
DA:104,4
DA:105,6
DA:107,5
DA:108,5
DA:110,5
DA:111,1
DA:112,1
DA:113,1
DA:114,1
DA:115,1
DA:116,1
DA:117,4
DA:119,4
DA:120,0
DA:121,0
DA:122,0
DA:123,0
DA:124,0
DA:125,0
DA:126,4
DA:128,4
DA:129,4
DA:130,4
DA:133,4
DA:134,4
DA:136,4
DA:137,0
DA:138,0
DA:139,0
DA:140,0
DA:141,0
DA:142,0
DA:143,4
DA:145,4
DA:146,4
DA:149,4
DA:150,4
DA:151,4
DA:152,4
DA:153,4
DA:154,4
DA:155,3
DA:157,1
DA:160,5
DA:173,3
DA:174,2
DA:175,3
DA:176,3
DA:177,3
DA:178,1
DA:179,1
DA:181,2
DA:182,1
DA:183,1
DA:184,1
DA:185,1
DA:186,1
DA:187,1
DA:188,1
DA:191,1
DA:192,1
DA:193,0
DA:194,0
DA:195,0
DA:199,1
DA:200,1
DA:209,1
DA:210,3
DA:212,0
DA:216,0
DA:217,0
DA:218,0
DA:219,0
DA:220,0
DA:222,0
DA:224,0
DA:225,0
DA:226,0
DA:227,0
DA:228,0
DA:229,0
DA:230,0
DA:231,0
DA:233,0
DA:235,0
DA:236,0
DA:237,0
DA:238,0
DA:239,0
DA:240,0
DA:241,0
DA:242,0
DA:244,0
DA:247,0
DA:248,0
DA:249,0
DA:250,0
DA:252,0
DA:254,0
DA:255,0
DA:256,0
DA:257,0
DA:258,0
DA:259,0
DA:260,0
DA:261,0
DA:262,0
DA:272,1
DA:273,1
DA:274,1
DA:275,1
DA:276,1
DA:277,0
DA:278,0
DA:280,1
DA:281,0
DA:282,0
DA:283,0
DA:284,0
DA:285,0
DA:286,0
DA:287,1
DA:290,1
DA:291,1
DA:292,0
DA:293,0
DA:294,0
DA:299,1
DA:300,1
DA:301,1
DA:302,1
DA:303,1
DA:304,1
DA:305,1
DA:306,1
DA:308,2
DA:310,2
DA:312,2
DA:313,2
DA:314,2
DA:315,2
DA:316,0
DA:318,0
DA:319,0
DA:320,0
DA:321,0
DA:322,0
DA:323,0
DA:324,0
DA:325,0
DA:327,0
DA:328,0
DA:329,0
DA:330,0
DA:332,0
DA:333,0
DA:334,0
DA:335,0
DA:336,0
DA:337,0
DA:338,0
DA:339,0
DA:340,2
DA:350,2
DA:351,1
DA:352,2
DA:353,2
DA:354,2
DA:355,1
DA:356,1
DA:358,1
DA:359,0
DA:360,0
DA:361,0
DA:362,0
DA:363,0
DA:364,0
DA:365,1
DA:367,1
DA:368,1
DA:369,0
DA:370,0
DA:371,0
DA:374,1
DA:375,1
DA:376,1
DA:377,1
DA:378,2
DA:380,2
DA:381,2
DA:383,2
DA:384,1
DA:385,1
DA:386,1
DA:387,1
DA:388,1
DA:389,1
DA:390,1
DA:392,1
DA:393,0
DA:394,0
DA:395,0
DA:396,0
DA:397,0
DA:398,0
DA:399,1
DA:401,1
DA:402,1
DA:404,1
DA:405,1
DA:407,1
DA:408,0
DA:409,0
DA:410,0
DA:411,0
DA:412,0
DA:413,0
DA:414,1
DA:416,1
DA:417,1
DA:419,1
DA:420,1
DA:421,1
DA:422,1
DA:423,1
DA:424,1
DA:425,1
DA:426,1
DA:427,2
DA:443,5
DA:444,5
DA:445,5
DA:446,4
DA:447,3
DA:448,2
DA:449,1
DA:451,5
DA:459,1
DA:460,1
DA:461,1
DA:462,1
DA:463,1
DA:464,1
DA:465,1
DA:466,1
DA:467,1
DA:469,1
DA:470,1
DA:471,1
DA:473,1
DA:474,1
DA:475,1
DA:476,1
DA:477,1
DA:478,1
DA:479,1
DA:482,1
DA:483,1
DA:484,1
DA:485,1
DA:486,1
DA:487,1
DA:488,1
DA:489,1
DA:490,1
DA:492,1
DA:493,1
DA:494,1
DA:495,1
DA:496,1
DA:499,1
DA:500,1
DA:501,1
DA:502,1
DA:503,1
DA:504,1
DA:505,1
DA:506,1
DA:508,1
DA:509,1
DA:510,1
DA:511,1
DA:512,1
DA:515,1
DA:516,1
DA:517,1
DA:518,1
DA:519,1
DA:520,1
DA:521,1
DA:522,1
DA:523,1
DA:525,1
DA:526,1
DA:527,1
DA:531,1
DA:534,1
DA:535,1
DA:536,1
DA:537,1
DA:538,1
DA:539,1
DA:540,1
DA:541,1
DA:542,1
DA:544,1
DA:545,1
DA:546,1
DA:550,1
DA:553,1
DA:554,1
DA:555,1
DA:556,1
DA:557,1
DA:558,1
DA:559,1
DA:560,1
DA:561,1
DA:563,1
DA:564,1
DA:565,1
DA:567,1
DA:568,1
DA:569,1
DA:570,1
DA:571,1
DA:572,1
DA:573,1
DA:576,1
DA:577,1
DA:578,1
DA:579,1
DA:580,1
DA:581,1
DA:582,1
DA:585,1
DA:586,1
DA:587,1
DA:588,1
DA:589,1
DA:590,1
DA:591,1
DA:592,1
DA:593,1
DA:595,1
DA:596,1
DA:597,1
DA:598,1
DA:601,1
DA:602,1
DA:603,1
DA:604,1
DA:605,1
DA:606,1
DA:607,1
DA:608,1
DA:609,1
DA:611,1
DA:612,1
DA:613,1
DA:615,1
DA:616,1
DA:617,1
DA:620,1
DA:621,1
DA:622,1
DA:623,1
DA:624,1
DA:625,1
DA:626,1
DA:627,1
DA:628,1
DA:630,1
DA:631,1
DA:633,1
DA:634,1
DA:637,1
DA:638,1
DA:639,1
DA:640,1
DA:641,1
DA:644,1
DA:645,1
DA:648,1
DA:649,1
DA:650,1
DA:651,1
DA:652,1
DA:653,1
DA:654,1
DA:656,1
DA:657,1
DA:660,1
DA:661,1
DA:662,1
DA:663,1
DA:664,1
DA:665,1
DA:666,1
DA:667,1
DA:669,1
DA:670,1
DA:671,1
DA:674,1
DA:675,1
DA:678,1
DA:679,1
DA:682,1
DA:683,1
DA:684,1
DA:687,1
DA:688,1
DA:691,1
DA:692,1
DA:695,1
DA:696,1
DA:697,1
DA:698,1
DA:699,1
DA:700,1
DA:701,1
DA:703,1
DA:704,1
DA:705,1
DA:708,1
DA:709,1
DA:712,1
DA:713,1
DA:714,1
DA:715,1
DA:716,1
DA:717,1
DA:718,1
DA:719,1
DA:722,1
DA:723,1
DA:724,1
DA:725,1
DA:726,1
BRF:0
BRH:0
LF:471
LH:361
end_of_record
SF:/Users/lsh/projects/crates/wami/src/arn/types.rs
FN:491,_RNvNtNtNtCs9VsQExrgwtF_4wami3arn5types5testss_12test_service
FN:484,_RNvNtNtNtCs9VsQExrgwtF_4wami3arn5types5testss_13test_resource
FN:634,_RNvNtNtNtCs9VsQExrgwtF_4wami3arn5types5testss_18test_serialization
FN:593,_RNvNtNtNtCs9VsQExrgwtF_4wami3arn5types5testss_19test_matches_prefix
FN:510,_RNvNtNtNtCs9VsQExrgwtF_4wami3arn5types5testss_20test_wami_arn_native
FN:499,_RNvNtNtNtCs9VsQExrgwtF_4wami3arn5types5testss_21test_service_from_str
FN:609,_RNvNtNtNtCs9VsQExrgwtF_4wami3arn5types5testss_22test_belongs_to_tenant
FN:371,_RNvNtNtNtCs9VsQExrgwtF_4wami3arn5types5testss_23test_tenant_path_single
FN:381,_RNvNtNtNtCs9VsQExrgwtF_4wami3arn5types5testss_26test_tenant_path_hierarchy
FN:537,_RNvNtNtNtCs9VsQExrgwtF_4wami3arn5types5testss_26test_wami_arn_cloud_synced
FN:390,_RNvNtNtNtCs9VsQExrgwtF_4wami3arn5types5testss_27test_tenant_path_descendant
FN:402,_RNvNtNtNtCs9VsQExrgwtF_4wami3arn5types5testss_28test_tenant_path_starts_with
FN:443,_RNvNtNtNtCs9VsQExrgwtF_4wami3arn5types5testss_28test_wami_arn_matches_prefix
FN:653,_RNvNtNtNtCs9VsQExrgwtF_4wami3arn5types5testss_31test_serialization_cloud_synced
FN:459,_RNvNtNtNtCs9VsQExrgwtF_4wami3arn5types5testss_31test_wami_arn_belongs_to_tenant
FN:423,_RNvNtNtNtCs9VsQExrgwtF_4wami3arn5types5testss_32test_tenant_path_empty_root_leaf
FN:432,_RNvNtNtNtCs9VsQExrgwtF_4wami3arn5types5testss_37test_cloud_mapping_global_vs_regional
FN:563,_RNvNtNtNtCs9VsQExrgwtF_4wami3arn5types5testss_38test_wami_arn_cloud_synced_with_region
FN:94,_RNvMNtNtCs9VsQExrgwtF_4wami3arn5typesNtB2_10TenantPath11starts_with
FN:120,_RNvMNtNtCs9VsQExrgwtF_4wami3arn5typesNtB2_10TenantPath14is_ancestor_of
FN:109,_RNvMNtNtCs9VsQExrgwtF_4wami3arn5typesNtB2_10TenantPath16is_descendant_of
FN:62,_RNvMNtNtCs9VsQExrgwtF_4wami3arn5typesNtB2_10TenantPath3new
FN:84,_RNvMNtNtCs9VsQExrgwtF_4wami3arn5typesNtB2_10TenantPath4leaf
FN:79,_RNvMNtNtCs9VsQExrgwtF_4wami3arn5typesNtB2_10TenantPath4root
FN:89,_RNvMNtNtCs9VsQExrgwtF_4wami3arn5typesNtB2_10TenantPath5depth
FN:74,_RNvMNtNtCs9VsQExrgwtF_4wami3arn5typesNtB2_10TenantPath9as_string
FN:169,_RNvMs0_NtNtCs9VsQExrgwtF_4wami3arn5typesNtB5_12CloudMapping11is_regional
FN:174,_RNvMs0_NtNtCs9VsQExrgwtF_4wami3arn5typesNtB5_12CloudMapping16region_or_global
FN:199,_RNvMs1_NtNtCs9VsQExrgwtF_4wami3arn5typesNtB5_8Resource7as_path
FN:230,_RNvMs3_NtNtCs9VsQExrgwtF_4wami3arn5typesNtB5_7Service6as_str
FN:300,_RNvMs6_NtNtCs9VsQExrgwtF_4wami3arn5typesNtB5_7WamiArn11leaf_tenant
FN:334,_RNvMs6_NtNtCs9VsQExrgwtF_4wami3arn5typesNtB5_7WamiArn11resource_id
FN:329,_RNvMs6_NtNtCs9VsQExrgwtF_4wami3arn5typesNtB5_7WamiArn13resource_type
FN:319,_RNvMs6_NtNtCs9VsQExrgwtF_4wami3arn5typesNtB5_7WamiArn14matches_prefix
FN:295,_RNvMs6_NtNtCs9VsQExrgwtF_4wami3arn5typesNtB5_7WamiArn14primary_tenant
FN:285,_RNvMs6_NtNtCs9VsQExrgwtF_4wami3arn5typesNtB5_7WamiArn15is_cloud_synced
FN:305,_RNvMs6_NtNtCs9VsQExrgwtF_4wami3arn5typesNtB5_7WamiArn16full_tenant_path
FN:324,_RNvMs6_NtNtCs9VsQExrgwtF_4wami3arn5typesNtB5_7WamiArn17belongs_to_tenant
FN:267,_RNvMs6_NtNtCs9VsQExrgwtF_4wami3arn5typesNtB5_7WamiArn6prefix
FN:290,_RNvMs6_NtNtCs9VsQExrgwtF_4wami3arn5typesNtB5_7WamiArn8provider
FN:205,_RNvXs2_NtNtCs9VsQExrgwtF_4wami3arn5typesNtB5_8ResourceNtNtCs2CqrNpCrSUr_4core3fmt7Display3fmt
FN:241,_RNvXs4_NtNtCs9VsQExrgwtF_4wami3arn5typesNtB5_7ServiceNtNtCs2CqrNpCrSUr_4core3fmt7Display3fmt
FN:247,_RNvXs5_NtNtCs9VsQExrgwtF_4wami3arn5typesNtB5_7ServiceINtNtCs2CqrNpCrSUr_4core7convert4FromReE4from
FN:340,_RNvXs7_NtNtCs9VsQExrgwtF_4wami3arn5typesNtB5_7WamiArnNtNtCs2CqrNpCrSUr_4core3fmt7Display3fmt
FN:126,_RNvXs_NtNtCs9VsQExrgwtF_4wami3arn5typesNtB4_10TenantPathNtNtCs2CqrNpCrSUr_4core3fmt7Display3fmt
FN:67,_RINvMNtNtCs9VsQExrgwtF_4wami3arn5typesNtB3_10TenantPath6singleReEB7_
FN:156,_RINvMs0_NtNtCs9VsQExrgwtF_4wami3arn5typesNtB6_12CloudMapping11with_regionNtNtCs1AhsD0INetT_5alloc6string6StringB19_B19_EBa_
FN:156,_RINvMs0_NtNtCs9VsQExrgwtF_4wami3arn5typesNtB6_12CloudMapping11with_regionReB19_B19_EBa_
FN:147,_RINvMs0_NtNtCs9VsQExrgwtF_4wami3arn5typesNtB6_12CloudMapping3newNtNtCs1AhsD0INetT_5alloc6string6StringB10_EBa_
FN:147,_RINvMs0_NtNtCs9VsQExrgwtF_4wami3arn5typesNtB6_12CloudMapping3newReB10_EBa_
FN:191,_RINvMs1_NtNtCs9VsQExrgwtF_4wami3arn5typesNtB6_8Resource3newNtNtCs1AhsD0INetT_5alloc6string6StringBV_EBa_
FN:191,_RINvMs1_NtNtCs9VsQExrgwtF_4wami3arn5typesNtB6_8Resource3newReBV_EBa_
FN:191,_RINvMs1_NtNtCs9VsQExrgwtF_4wami3arn5typesNtB6_8Resource3newReNtNtCs1AhsD0INetT_5alloc6string6StringEBa_
FN:191,_RINvMs1_NtNtCs9VsQExrgwtF_4wami3arn5typesNtB6_8Resource3newReRNtNtCs1AhsD0INetT_5alloc6string6StringEBa_
FN:347,_RINvXs8_NtNtCs9VsQExrgwtF_4wami3arn5typesNtB6_7WamiArnNtNtCscet4PgUngVW_10serde_core3ser9Serialize9serializeQINtNtCs3rsZH23P4dn_10serde_json3ser10SerializerQINtNtCs1AhsD0INetT_5alloc3vec3VechEEEBa_
FN:357,_RINvXs9_NtNtCs9VsQExrgwtF_4wami3arn5typesNtB6_7WamiArnNtNtCscet4PgUngVW_10serde_core2de11Deserialize11deserializeQINtNtCs3rsZH23P4dn_10serde_json2de12DeserializerNtNtB1T_4read7StrReadEEBa_
FN:116,_RNCNvMNtNtCs9VsQExrgwtF_4wami3arn5typesNtB4_10TenantPath16is_descendant_of0B8_
FN:85,_RNCNvMNtNtCs9VsQExrgwtF_4wami3arn5typesNtB4_10TenantPath4leaf0B8_
FN:80,_RNCNvMNtNtCs9VsQExrgwtF_4wami3arn5typesNtB4_10TenantPath4root0B8_
FN:291,_RNCNvMs6_NtNtCs9VsQExrgwtF_4wami3arn5typesNtB7_7WamiArn8provider0Bb_
FNDA:1,_RNvNtNtNtCs9VsQExrgwtF_4wami3arn5types5testss_12test_service
FNDA:1,_RNvNtNtNtCs9VsQExrgwtF_4wami3arn5types5testss_13test_resource
FNDA:1,_RNvNtNtNtCs9VsQExrgwtF_4wami3arn5types5testss_18test_serialization
FNDA:1,_RNvNtNtNtCs9VsQExrgwtF_4wami3arn5types5testss_19test_matches_prefix
FNDA:1,_RNvNtNtNtCs9VsQExrgwtF_4wami3arn5types5testss_20test_wami_arn_native
FNDA:1,_RNvNtNtNtCs9VsQExrgwtF_4wami3arn5types5testss_21test_service_from_str
FNDA:1,_RNvNtNtNtCs9VsQExrgwtF_4wami3arn5types5testss_22test_belongs_to_tenant
FNDA:1,_RNvNtNtNtCs9VsQExrgwtF_4wami3arn5types5testss_23test_tenant_path_single
FNDA:1,_RNvNtNtNtCs9VsQExrgwtF_4wami3arn5types5testss_26test_tenant_path_hierarchy
FNDA:1,_RNvNtNtNtCs9VsQExrgwtF_4wami3arn5types5testss_26test_wami_arn_cloud_synced
FNDA:1,_RNvNtNtNtCs9VsQExrgwtF_4wami3arn5types5testss_27test_tenant_path_descendant
FNDA:1,_RNvNtNtNtCs9VsQExrgwtF_4wami3arn5types5testss_28test_tenant_path_starts_with
FNDA:1,_RNvNtNtNtCs9VsQExrgwtF_4wami3arn5types5testss_28test_wami_arn_matches_prefix
FNDA:1,_RNvNtNtNtCs9VsQExrgwtF_4wami3arn5types5testss_31test_serialization_cloud_synced
FNDA:1,_RNvNtNtNtCs9VsQExrgwtF_4wami3arn5types5testss_31test_wami_arn_belongs_to_tenant
FNDA:1,_RNvNtNtNtCs9VsQExrgwtF_4wami3arn5types5testss_32test_tenant_path_empty_root_leaf
FNDA:1,_RNvNtNtNtCs9VsQExrgwtF_4wami3arn5types5testss_37test_cloud_mapping_global_vs_regional
FNDA:1,_RNvNtNtNtCs9VsQExrgwtF_4wami3arn5types5testss_38test_wami_arn_cloud_synced_with_region
FNDA:10,_RNvMNtNtCs9VsQExrgwtF_4wami3arn5typesNtB2_10TenantPath11starts_with
FNDA:1,_RNvMNtNtCs9VsQExrgwtF_4wami3arn5typesNtB2_10TenantPath14is_ancestor_of
FNDA:11,_RNvMNtNtCs9VsQExrgwtF_4wami3arn5typesNtB2_10TenantPath16is_descendant_of
FNDA:273,_RNvMNtNtCs9VsQExrgwtF_4wami3arn5typesNtB2_10TenantPath3new
FNDA:4,_RNvMNtNtCs9VsQExrgwtF_4wami3arn5typesNtB2_10TenantPath4leaf
FNDA:4,_RNvMNtNtCs9VsQExrgwtF_4wami3arn5typesNtB2_10TenantPath4root
FNDA:3,_RNvMNtNtCs9VsQExrgwtF_4wami3arn5typesNtB2_10TenantPath5depth
FNDA:80,_RNvMNtNtCs9VsQExrgwtF_4wami3arn5typesNtB2_10TenantPath9as_string
FNDA:4,_RNvMs0_NtNtCs9VsQExrgwtF_4wami3arn5typesNtB5_12CloudMapping11is_regional
FNDA:11,_RNvMs0_NtNtCs9VsQExrgwtF_4wami3arn5typesNtB5_12CloudMapping16region_or_global
FNDA:69,_RNvMs1_NtNtCs9VsQExrgwtF_4wami3arn5typesNtB5_8Resource7as_path
FNDA:74,_RNvMs3_NtNtCs9VsQExrgwtF_4wami3arn5typesNtB5_7Service6as_str
FNDA:1,_RNvMs6_NtNtCs9VsQExrgwtF_4wami3arn5typesNtB5_7WamiArn11leaf_tenant
FNDA:1,_RNvMs6_NtNtCs9VsQExrgwtF_4wami3arn5typesNtB5_7WamiArn11resource_id
FNDA:1,_RNvMs6_NtNtCs9VsQExrgwtF_4wami3arn5typesNtB5_7WamiArn13resource_type
FNDA:12,_RNvMs6_NtNtCs9VsQExrgwtF_4wami3arn5typesNtB5_7WamiArn14matches_prefix
FNDA:1,_RNvMs6_NtNtCs9VsQExrgwtF_4wami3arn5typesNtB5_7WamiArn14primary_tenant
FNDA:7,_RNvMs6_NtNtCs9VsQExrgwtF_4wami3arn5typesNtB5_7WamiArn15is_cloud_synced
FNDA:1,_RNvMs6_NtNtCs9VsQExrgwtF_4wami3arn5typesNtB5_7WamiArn16full_tenant_path
FNDA:9,_RNvMs6_NtNtCs9VsQExrgwtF_4wami3arn5typesNtB5_7WamiArn17belongs_to_tenant
FNDA:70,_RNvMs6_NtNtCs9VsQExrgwtF_4wami3arn5typesNtB5_7WamiArn6prefix
FNDA:1,_RNvMs6_NtNtCs9VsQExrgwtF_4wami3arn5typesNtB5_7WamiArn8provider
FNDA:68,_RNvXs2_NtNtCs9VsQExrgwtF_4wami3arn5typesNtB5_8ResourceNtNtCs2CqrNpCrSUr_4core3fmt7Display3fmt
FNDA:70,_RNvXs4_NtNtCs9VsQExrgwtF_4wami3arn5typesNtB5_7ServiceNtNtCs2CqrNpCrSUr_4core3fmt7Display3fmt
FNDA:253,_RNvXs5_NtNtCs9VsQExrgwtF_4wami3arn5typesNtB5_7ServiceINtNtCs2CqrNpCrSUr_4core7convert4FromReE4from
FNDA:67,_RNvXs7_NtNtCs9VsQExrgwtF_4wami3arn5typesNtB5_7WamiArnNtNtCs2CqrNpCrSUr_4core3fmt7Display3fmt
FNDA:74,_RNvXs_NtNtCs9VsQExrgwtF_4wami3arn5typesNtB4_10TenantPathNtNtCs2CqrNpCrSUr_4core3fmt7Display3fmt
FNDA:261,_RINvMNtNtCs9VsQExrgwtF_4wami3arn5typesNtB3_10TenantPath6singleReEB7_
FNDA:5,_RINvMs0_NtNtCs9VsQExrgwtF_4wami3arn5typesNtB6_12CloudMapping11with_regionNtNtCs1AhsD0INetT_5alloc6string6StringB19_B19_EBa_
FNDA:5,_RINvMs0_NtNtCs9VsQExrgwtF_4wami3arn5typesNtB6_12CloudMapping11with_regionReB19_B19_EBa_
FNDA:3,_RINvMs0_NtNtCs9VsQExrgwtF_4wami3arn5typesNtB6_12CloudMapping3newNtNtCs1AhsD0INetT_5alloc6string6StringB10_EBa_
FNDA:14,_RINvMs0_NtNtCs9VsQExrgwtF_4wami3arn5typesNtB6_12CloudMapping3newReB10_EBa_
FNDA:243,_RINvMs1_NtNtCs9VsQExrgwtF_4wami3arn5typesNtB6_8Resource3newNtNtCs1AhsD0INetT_5alloc6string6StringBV_EBa_
FNDA:71,_RINvMs1_NtNtCs9VsQExrgwtF_4wami3arn5typesNtB6_8Resource3newReBV_EBa_
FNDA:15,_RINvMs1_NtNtCs9VsQExrgwtF_4wami3arn5typesNtB6_8Resource3newReNtNtCs1AhsD0INetT_5alloc6string6StringEBa_
FNDA:225,_RINvMs1_NtNtCs9VsQExrgwtF_4wami3arn5typesNtB6_8Resource3newReRNtNtCs1AhsD0INetT_5alloc6string6StringEBa_
FNDA:2,_RINvXs8_NtNtCs9VsQExrgwtF_4wami3arn5typesNtB6_7WamiArnNtNtCscet4PgUngVW_10serde_core3ser9Serialize9serializeQINtNtCs3rsZH23P4dn_10serde_json3ser10SerializerQINtNtCs1AhsD0INetT_5alloc3vec3VechEEEBa_
FNDA:2,_RINvXs9_NtNtCs9VsQExrgwtF_4wami3arn5typesNtB6_7WamiArnNtNtCscet4PgUngVW_10serde_core2de11Deserialize11deserializeQINtNtCs3rsZH23P4dn_10serde_json2de12DeserializerNtNtB1T_4read7StrReadEEBa_
FNDA:14,_RNCNvMNtNtCs9VsQExrgwtF_4wami3arn5typesNtB4_10TenantPath16is_descendant_of0B8_
FNDA:3,_RNCNvMNtNtCs9VsQExrgwtF_4wami3arn5typesNtB4_10TenantPath4leaf0B8_
FNDA:3,_RNCNvMNtNtCs9VsQExrgwtF_4wami3arn5typesNtB4_10TenantPath4root0B8_
FNDA:1,_RNCNvMs6_NtNtCs9VsQExrgwtF_4wami3arn5typesNtB7_7WamiArn8provider0Bb_
FNF:55
FNH:55
DA:62,273
DA:63,273
DA:64,273
DA:67,261
DA:68,261
DA:69,261
DA:70,261
DA:71,261
DA:74,80
DA:75,80
DA:76,80
DA:79,4
DA:80,4
DA:81,4
DA:84,4
DA:85,4
DA:86,4
DA:89,3
DA:90,3
DA:91,3
DA:94,10
DA:95,10
DA:96,1
DA:97,9
DA:99,15
DA:100,15
DA:101,3
DA:102,12
DA:105,6
DA:106,10
DA:109,11
DA:110,11
DA:111,2
DA:112,9
DA:113,9
DA:114,9
DA:115,9
DA:116,14
DA:117,11
DA:120,1
DA:121,1
DA:122,1
DA:126,74
DA:127,74
DA:128,74
DA:147,17
DA:148,17
DA:149,17
DA:150,17
DA:151,17
DA:152,17
DA:153,17
DA:156,10
DA:157,10
DA:158,10
DA:159,10
DA:160,10
DA:161,10
DA:162,10
DA:163,10
DA:164,10
DA:165,10
DA:166,10
DA:169,4
DA:170,4
DA:171,4
DA:174,11
DA:175,11
DA:176,11
DA:191,554
DA:192,554
DA:193,554
DA:194,554
DA:195,554
DA:196,554
DA:199,69
DA:200,69
DA:201,69
DA:205,68
DA:206,68
DA:207,68
DA:230,74
DA:231,74
DA:232,69
DA:233,2
DA:234,1
DA:235,2
DA:237,74
DA:241,70
DA:242,70
DA:243,70
DA:247,253
DA:248,253
DA:249,253
DA:250,38
DA:251,24
DA:252,3
DA:254,253
DA:267,70
DA:268,70
DA:269,70
DA:273,70
DA:274,9
DA:275,9
DA:276,9
DA:280,61
DA:282,70
DA:285,7
DA:286,7
DA:287,7
DA:290,1
DA:291,1
DA:292,1
DA:295,1
DA:296,1
DA:297,1
DA:300,1
DA:301,1
DA:302,1
DA:305,1
DA:306,1
DA:307,1
DA:319,12
DA:320,12
DA:321,12
DA:324,9
DA:325,9
DA:326,9
DA:329,1
DA:330,1
DA:331,1
DA:334,1
DA:335,1
DA:336,1
DA:340,67
DA:341,67
DA:342,67
DA:347,2
DA:348,2
DA:349,2
DA:351,2
DA:352,2
DA:357,2
DA:358,2
DA:359,2
DA:361,2
DA:362,2
DA:363,2
DA:371,1
DA:372,1
DA:373,1
DA:374,1
DA:375,1
DA:376,1
DA:377,1
DA:378,1
DA:381,1
DA:382,1
DA:383,1
DA:384,1
DA:385,1
DA:386,1
DA:387,1
DA:390,1
DA:391,1
DA:392,1
DA:393,1
DA:395,1
DA:396,1
DA:397,1
DA:398,1
DA:399,1
DA:402,1
DA:403,1
DA:404,1
DA:405,1
DA:406,1
DA:407,1
DA:408,1
DA:409,1
DA:410,1
DA:412,1
DA:414,1
DA:415,1
DA:416,1
DA:417,1
DA:418,1
DA:419,1
DA:420,1
DA:423,1
DA:424,1
DA:425,1
DA:426,1
DA:427,1
DA:428,1
DA:429,1
DA:432,1
DA:433,1
DA:434,1
DA:435,1
DA:437,1
DA:438,1
DA:439,1
DA:440,1
DA:443,1
DA:444,1
DA:445,1
DA:446,1
DA:448,1
DA:449,1
DA:450,1
DA:451,1
DA:452,1
DA:453,1
DA:454,1
DA:455,1
DA:456,1
DA:459,1
DA:460,1
DA:461,1
DA:462,1
DA:465,1
DA:466,1
DA:469,1
DA:470,1
DA:472,1
DA:473,1
DA:476,1
DA:477,1
DA:479,1
DA:480,1
DA:481,1
DA:484,1
DA:485,1
DA:486,1
DA:487,1
DA:488,1
DA:491,1
DA:492,1
DA:493,1
DA:494,1
DA:495,1
DA:496,1
DA:499,1
DA:500,1
DA:501,1
DA:502,1
DA:503,1
DA:504,1
DA:505,1
DA:507,1
DA:510,1
DA:511,1
DA:512,1
DA:513,1
DA:514,1
DA:515,1
DA:516,1
DA:517,1
DA:518,1
DA:519,1
DA:520,1
DA:521,1
DA:523,1
DA:524,1
DA:527,1
DA:528,1
DA:529,1
DA:530,1
DA:531,1
DA:532,1
DA:533,1
DA:534,1
DA:537,1
DA:538,1
DA:539,1
DA:540,1
DA:541,1
DA:542,1
DA:543,1
DA:544,1
DA:545,1
DA:546,1
DA:547,1
DA:548,1
DA:550,1
DA:551,1
DA:554,1
DA:555,1
DA:558,1
DA:559,1
DA:560,1
DA:563,1
DA:564,1
DA:565,1
DA:566,1
DA:567,1
DA:568,1
DA:569,1
DA:570,1
DA:571,1
DA:572,1
DA:573,1
DA:574,1
DA:575,1
DA:576,1
DA:577,1
DA:578,1
DA:580,1
DA:581,1
DA:584,1
DA:585,1
DA:588,1
DA:589,1
DA:590,1
DA:593,1
DA:594,1
DA:595,1
DA:596,1
DA:597,1
DA:598,1
DA:599,1
DA:600,1
DA:602,1
DA:603,1
DA:604,1
DA:605,1
DA:606,1
DA:609,1
DA:610,1
DA:611,1
DA:612,1
DA:613,1
DA:614,1
DA:615,1
DA:616,1
DA:617,1
DA:618,1
DA:619,1
DA:620,1
DA:622,1
DA:623,1
DA:624,1
DA:625,1
DA:627,1
DA:628,1
DA:629,1
DA:630,1
DA:631,1
DA:634,1
DA:635,1
DA:636,1
DA:637,1
DA:638,1
DA:639,1
DA:640,1
DA:641,1
DA:644,1
DA:645,1
DA:648,1
DA:649,1
DA:650,1
DA:653,1
DA:654,1
DA:655,1
DA:656,1
DA:657,1
DA:658,1
DA:659,1
DA:660,1
DA:661,1
DA:662,1
DA:663,1
DA:664,1
DA:667,1
DA:668,1
DA:674,1
DA:675,1
DA:676,1
BRF:0
BRH:0
LF:383
LH:383
end_of_record
SF:/Users/lsh/projects/crates/wami/src/context.rs
FN:249,_RNvNtNtCs9VsQExrgwtF_4wami7context5testss_17test_root_context
FN:227,_RNvNtNtCs9VsQExrgwtF_4wami7context5testss_20test_context_builder
FN:340,_RNvNtNtCs9VsQExrgwtF_4wami7context5testss_20test_expired_session
FN:267,_RNvNtNtCs9VsQExrgwtF_4wami7context5testss_22test_can_access_tenant
FN:318,_RNvNtNtCs9VsQExrgwtF_4wami7context5testss_23test_session_expiration
FN:407,_RNvNtNtCs9VsQExrgwtF_4wami7context5testss_28test_missing_required_fields
FN:362,_RNvNtNtCs9VsQExrgwtF_4wami7context5testss_31test_context_builder_all_fields
FN:294,_RNvNtNtCs9VsQExrgwtF_4wami7context5testss_31test_root_can_access_any_tenant
FN:391,_RNvNtNtCs9VsQExrgwtF_4wami7context5testss_36test_context_without_optional_fields
FN:385,_RNCNvNtNtCs9VsQExrgwtF_4wami7context5testss_31test_context_builder_all_fields0B7_
FN:160,_RINvMs_NtCs9VsQExrgwtF_4wami7contextNtB5_18WamiContextBuilder11instance_idNtNtCs1AhsD0INetT_5alloc6string6StringEB7_
FN:160,_RINvMs_NtCs9VsQExrgwtF_4wami7contextNtB5_18WamiContextBuilder11instance_idReEB7_
FN:178,_RINvMs_NtCs9VsQExrgwtF_4wami7contextNtB5_18WamiContextBuilder6regionReEB7_
FN:193,_RNCNvMs_NtCs9VsQExrgwtF_4wami7contextNtB6_18WamiContextBuilder5build0B8_
FN:201,_RNCNvMs_NtCs9VsQExrgwtF_4wami7contextNtB6_18WamiContextBuilder5builds0_0B8_
FN:197,_RNCNvMs_NtCs9VsQExrgwtF_4wami7contextNtB6_18WamiContextBuilder5builds_0B8_
FN:91,_RNvMNtCs9VsQExrgwtF_4wami7contextNtB2_11WamiContext10caller_arn
FN:132,_RNvMNtCs9VsQExrgwtF_4wami7contextNtB2_11WamiContext10is_expired
FN:101,_RNvMNtCs9VsQExrgwtF_4wami7contextNtB2_11WamiContext11instance_id
FN:96,_RNvMNtCs9VsQExrgwtF_4wami7contextNtB2_11WamiContext11tenant_path
FN:111,_RNvMNtCs9VsQExrgwtF_4wami7contextNtB2_11WamiContext12session_info
FN:121,_RNvMNtCs9VsQExrgwtF_4wami7contextNtB2_11WamiContext17can_access_tenant
FN:106,_RNvMNtCs9VsQExrgwtF_4wami7contextNtB2_11WamiContext6region
FN:79,_RNvMNtCs9VsQExrgwtF_4wami7contextNtB2_11WamiContext7builder
FN:86,_RNvMNtCs9VsQExrgwtF_4wami7contextNtB2_11WamiContext7is_root
FN:166,_RNvMs_NtCs9VsQExrgwtF_4wami7contextNtB4_18WamiContextBuilder10caller_arn
FN:154,_RNvMs_NtCs9VsQExrgwtF_4wami7contextNtB4_18WamiContextBuilder11tenant_path
FN:184,_RNvMs_NtCs9VsQExrgwtF_4wami7contextNtB4_18WamiContextBuilder12session_info
FN:191,_RNvMs_NtCs9VsQExrgwtF_4wami7contextNtB4_18WamiContextBuilder5build
FN:172,_RNvMs_NtCs9VsQExrgwtF_4wami7contextNtB4_18WamiContextBuilder7is_root
FNDA:1,_RNvNtNtCs9VsQExrgwtF_4wami7context5testss_17test_root_context
FNDA:1,_RNvNtNtCs9VsQExrgwtF_4wami7context5testss_20test_context_builder
FNDA:1,_RNvNtNtCs9VsQExrgwtF_4wami7context5testss_20test_expired_session
FNDA:1,_RNvNtNtCs9VsQExrgwtF_4wami7context5testss_22test_can_access_tenant
FNDA:1,_RNvNtNtCs9VsQExrgwtF_4wami7context5testss_23test_session_expiration
FNDA:1,_RNvNtNtCs9VsQExrgwtF_4wami7context5testss_28test_missing_required_fields
FNDA:1,_RNvNtNtCs9VsQExrgwtF_4wami7context5testss_31test_context_builder_all_fields
FNDA:1,_RNvNtNtCs9VsQExrgwtF_4wami7context5testss_31test_root_can_access_any_tenant
FNDA:1,_RNvNtNtCs9VsQExrgwtF_4wami7context5testss_36test_context_without_optional_fields
FNDA:1,_RNCNvNtNtCs9VsQExrgwtF_4wami7context5testss_31test_context_builder_all_fields0B7_
FNDA:1,_RINvMs_NtCs9VsQExrgwtF_4wami7contextNtB5_18WamiContextBuilder11instance_idNtNtCs1AhsD0INetT_5alloc6string6StringEB7_
FNDA:195,_RINvMs_NtCs9VsQExrgwtF_4wami7contextNtB5_18WamiContextBuilder11instance_idReEB7_
FNDA:3,_RINvMs_NtCs9VsQExrgwtF_4wami7contextNtB5_18WamiContextBuilder6regionReEB7_
FNDA:1,_RNCNvMs_NtCs9VsQExrgwtF_4wami7contextNtB6_18WamiContextBuilder5build0B8_
FNDA:0,_RNCNvMs_NtCs9VsQExrgwtF_4wami7contextNtB6_18WamiContextBuilder5builds0_0B8_
FNDA:1,_RNCNvMs_NtCs9VsQExrgwtF_4wami7contextNtB6_18WamiContextBuilder5builds_0B8_
FNDA:3,_RNvMNtCs9VsQExrgwtF_4wami7contextNtB2_11WamiContext10caller_arn
FNDA:2,_RNvMNtCs9VsQExrgwtF_4wami7contextNtB2_11WamiContext10is_expired
FNDA:430,_RNvMNtCs9VsQExrgwtF_4wami7contextNtB2_11WamiContext11instance_id
FNDA:252,_RNvMNtCs9VsQExrgwtF_4wami7contextNtB2_11WamiContext11tenant_path
FNDA:2,_RNvMNtCs9VsQExrgwtF_4wami7contextNtB2_11WamiContext12session_info
FNDA:7,_RNvMNtCs9VsQExrgwtF_4wami7contextNtB2_11WamiContext17can_access_tenant
FNDA:4,_RNvMNtCs9VsQExrgwtF_4wami7contextNtB2_11WamiContext6region
FNDA:197,_RNvMNtCs9VsQExrgwtF_4wami7contextNtB2_11WamiContext7builder
FNDA:5,_RNvMNtCs9VsQExrgwtF_4wami7contextNtB2_11WamiContext7is_root
FNDA:195,_RNvMs_NtCs9VsQExrgwtF_4wami7contextNtB4_18WamiContextBuilder10caller_arn
FNDA:196,_RNvMs_NtCs9VsQExrgwtF_4wami7contextNtB4_18WamiContextBuilder11tenant_path
FNDA:3,_RNvMs_NtCs9VsQExrgwtF_4wami7contextNtB4_18WamiContextBuilder12session_info
FNDA:197,_RNvMs_NtCs9VsQExrgwtF_4wami7contextNtB4_18WamiContextBuilder5build
FNDA:193,_RNvMs_NtCs9VsQExrgwtF_4wami7contextNtB4_18WamiContextBuilder7is_root
FNF:29
FNH:28
DA:79,197
DA:80,197
DA:81,197
DA:86,5
DA:87,5
DA:88,5
DA:91,3
DA:92,3
DA:93,3
DA:96,252
DA:97,252
DA:98,252
DA:101,430
DA:102,430
DA:103,430
DA:106,4
DA:107,4
DA:108,4
DA:111,2
DA:112,2
DA:113,2
DA:121,7
DA:123,7
DA:124,3
DA:125,4
DA:128,4
DA:129,7
DA:132,2
DA:133,2
DA:134,2
DA:135,2
DA:136,0
DA:137,0
DA:138,2
DA:154,196
DA:155,196
DA:156,196
DA:157,196
DA:160,196
DA:161,196
DA:162,196
DA:163,196
DA:166,195
DA:167,195
DA:168,195
DA:169,195
DA:172,193
DA:173,193
DA:174,193
DA:175,193
DA:178,3
DA:179,3
DA:180,3
DA:181,3
DA:184,3
DA:185,3
DA:186,3
DA:187,3
DA:191,197
DA:192,197
DA:193,1
DA:194,1
DA:196,196
DA:197,1
DA:198,1
DA:200,195
DA:201,0
DA:202,0
DA:205,195
DA:206,0
DA:207,0
DA:208,0
DA:209,195
DA:211,195
DA:212,195
DA:213,195
DA:214,195
DA:215,195
DA:216,195
DA:217,195
DA:218,195
DA:219,197
DA:227,1
DA:228,1
DA:229,1
DA:230,1
DA:232,1
DA:233,1
DA:234,1
DA:235,1
DA:236,1
DA:237,1
DA:238,1
DA:239,1
DA:241,1
DA:242,1
DA:243,1
DA:244,1
DA:245,1
DA:246,1
DA:249,1
DA:250,1
DA:251,1
DA:252,1
DA:254,1
DA:255,1
DA:256,1
DA:257,1
DA:258,1
DA:259,1
DA:260,1
DA:262,1
DA:263,1
DA:264,1
DA:267,1
DA:268,1
DA:270,1
DA:271,1
DA:272,1
DA:273,1
DA:274,1
DA:275,1
DA:276,1
DA:279,1
DA:282,1
DA:283,1
DA:287,1
DA:290,1
DA:291,1
DA:294,1
DA:295,1
DA:296,1
DA:297,1
DA:299,1
DA:300,1
DA:301,1
DA:302,1
DA:303,1
DA:304,1
DA:305,1
DA:308,1
DA:309,1
DA:310,1
DA:311,1
DA:312,1
DA:313,1
DA:314,1
DA:315,1
DA:318,1
DA:319,1
DA:321,1
DA:322,1
DA:323,1
DA:324,1
DA:325,1
DA:326,1
DA:328,1
DA:329,1
DA:330,1
DA:331,1
DA:332,1
DA:333,1
DA:334,1
DA:336,1
DA:337,1
DA:340,1
DA:341,1
DA:343,1
DA:344,1
DA:345,1
DA:346,1
DA:347,1
DA:348,1
DA:350,1
DA:351,1
DA:352,1
DA:353,1
DA:354,1
DA:355,1
DA:356,1
DA:358,1
DA:359,1
DA:362,1
DA:363,1
DA:364,1
DA:365,1
DA:366,1
DA:367,1
DA:368,1
DA:369,1
DA:371,1
DA:372,1
DA:373,1
DA:374,1
DA:375,1
DA:376,1
DA:377,1
DA:378,1
DA:379,1
DA:381,1
DA:382,1
DA:383,1
DA:384,1
DA:385,1
DA:388,1
DA:391,1
DA:392,1
DA:394,1
DA:395,1
DA:396,1
DA:397,1
DA:398,1
DA:399,1
DA:400,1
DA:402,1
DA:403,1
DA:404,1
DA:407,1
DA:409,1
DA:410,1
DA:411,1
DA:412,1
DA:415,1
DA:416,1
DA:417,1
BRF:0
BRH:0
LF:229
LH:221
end_of_record
SF:/Users/lsh/projects/crates/wami/src/lib.rs
FN:245,_RNvCs9VsQExrgwtF_4wami19create_memory_store
FNDA:0,_RNvCs9VsQExrgwtF_4wami19create_memory_store
FNF:1
FNH:0
DA:245,0
DA:246,0
DA:247,0
BRF:0
BRH:0
LF:3
LH:0
end_of_record
SF:/Users/lsh/projects/crates/wami/src/provider/arn_builder.rs
FN:331,_RNvNtNtNtCs9VsQExrgwtF_4wami8provider11arn_builder5testss_21test_parse_arn_simple
FN:290,_RNvNtNtNtCs9VsQExrgwtF_4wami8provider11arn_builder5testss_22test_arn_builder_basic
FN:354,_RNvNtNtNtCs9VsQExrgwtF_4wami8provider11arn_builder5testss_24test_parse_arn_roundtrip
FN:343,_RNvNtNtNtCs9VsQExrgwtF_4wami8provider11arn_builder5testss_24test_parse_arn_with_path
FN:389,_RNvNtNtNtCs9VsQExrgwtF_4wami8provider11arn_builder5testss_25test_arn_pattern_no_match
FN:299,_RNvNtNtNtCs9VsQExrgwtF_4wami8provider11arn_builder5testss_26test_arn_builder_with_path
FN:363,_RNvNtNtNtCs9VsQExrgwtF_4wami8provider11arn_builder5testss_28test_arn_pattern_match_exact
FN:307,_RNvNtNtNtCs9VsQExrgwtF_4wami8provider11arn_builder5testss_30test_arn_builder_deterministic
FN:371,_RNvNtNtNtCs9VsQExrgwtF_4wami8provider11arn_builder5testss_31test_arn_pattern_match_wildcard
FN:402,_RNvNtNtNtCs9VsQExrgwtF_4wami8provider11arn_builder5testss_31test_parsed_arn_matches_pattern
FN:319,_RNvNtNtNtCs9VsQExrgwtF_4wami8provider11arn_builder5testss_35test_arn_builder_different_accounts
FN:108,_RNvMNtNtCs9VsQExrgwtF_4wami8provider11arn_builderNtB2_14WamiArnBuilder4salt
FN:264,_RNvXs1_NtNtCs9VsQExrgwtF_4wami8provider11arn_builderNtB5_9ParsedArnNtNtCs2CqrNpCrSUr_4core3fmt7Display3fmt
FN:114,_RNvXs_NtNtCs9VsQExrgwtF_4wami8provider11arn_builderNtB4_14WamiArnBuilderNtNtCs2CqrNpCrSUr_4core7default7Default7default
FN:56,_RINvMNtNtCs9VsQExrgwtF_4wami8provider11arn_builderNtB3_14WamiArnBuilder9with_saltReEB7_
FN:94,_RNvMNtNtCs9VsQExrgwtF_4wami8provider11arn_builderNtB2_14WamiArnBuilder12hash_account
FN:49,_RNvMNtNtCs9VsQExrgwtF_4wami8provider11arn_builderNtB2_14WamiArnBuilder3new
FN:75,_RNvMNtNtCs9VsQExrgwtF_4wami8provider11arn_builderNtB2_14WamiArnBuilder9build_arn
FN:258,_RNvMs0_NtNtCs9VsQExrgwtF_4wami8provider11arn_builderNtB5_9ParsedArn15matches_pattern
FN:196,_RNvMs0_NtNtCs9VsQExrgwtF_4wami8provider11arn_builderNtB5_9ParsedArn19parse_resource_path
FN:227,_RNvMs0_NtNtCs9VsQExrgwtF_4wami8provider11arn_builderNtB5_9ParsedArn6to_arn
FN:150,_RNvMs0_NtNtCs9VsQExrgwtF_4wami8provider11arn_builderNtB5_9ParsedArn8from_arn
FN:272,_RNvNtNtCs9VsQExrgwtF_4wami8provider11arn_builder17arn_pattern_match
FNDA:1,_RNvNtNtNtCs9VsQExrgwtF_4wami8provider11arn_builder5testss_21test_parse_arn_simple
FNDA:1,_RNvNtNtNtCs9VsQExrgwtF_4wami8provider11arn_builder5testss_22test_arn_builder_basic
FNDA:1,_RNvNtNtNtCs9VsQExrgwtF_4wami8provider11arn_builder5testss_24test_parse_arn_roundtrip
FNDA:1,_RNvNtNtNtCs9VsQExrgwtF_4wami8provider11arn_builder5testss_24test_parse_arn_with_path
FNDA:1,_RNvNtNtNtCs9VsQExrgwtF_4wami8provider11arn_builder5testss_25test_arn_pattern_no_match
FNDA:1,_RNvNtNtNtCs9VsQExrgwtF_4wami8provider11arn_builder5testss_26test_arn_builder_with_path
FNDA:1,_RNvNtNtNtCs9VsQExrgwtF_4wami8provider11arn_builder5testss_28test_arn_pattern_match_exact
FNDA:1,_RNvNtNtNtCs9VsQExrgwtF_4wami8provider11arn_builder5testss_30test_arn_builder_deterministic
FNDA:1,_RNvNtNtNtCs9VsQExrgwtF_4wami8provider11arn_builder5testss_31test_arn_pattern_match_wildcard
FNDA:1,_RNvNtNtNtCs9VsQExrgwtF_4wami8provider11arn_builder5testss_31test_parsed_arn_matches_pattern
FNDA:1,_RNvNtNtNtCs9VsQExrgwtF_4wami8provider11arn_builder5testss_35test_arn_builder_different_accounts
FNDA:0,_RNvMNtNtCs9VsQExrgwtF_4wami8provider11arn_builderNtB2_14WamiArnBuilder4salt
FNDA:0,_RNvXs1_NtNtCs9VsQExrgwtF_4wami8provider11arn_builderNtB5_9ParsedArnNtNtCs2CqrNpCrSUr_4core3fmt7Display3fmt
FNDA:0,_RNvXs_NtNtCs9VsQExrgwtF_4wami8provider11arn_builderNtB4_14WamiArnBuilderNtNtCs2CqrNpCrSUr_4core7default7Default7default
FNDA:1,_RINvMNtNtCs9VsQExrgwtF_4wami8provider11arn_builderNtB3_14WamiArnBuilder9with_saltReEB7_
FNDA:6,_RNvMNtNtCs9VsQExrgwtF_4wami8provider11arn_builderNtB2_14WamiArnBuilder12hash_account
FNDA:3,_RNvMNtNtCs9VsQExrgwtF_4wami8provider11arn_builderNtB2_14WamiArnBuilder3new
FNDA:6,_RNvMNtNtCs9VsQExrgwtF_4wami8provider11arn_builderNtB2_14WamiArnBuilder9build_arn
FNDA:3,_RNvMs0_NtNtCs9VsQExrgwtF_4wami8provider11arn_builderNtB5_9ParsedArn15matches_pattern
FNDA:4,_RNvMs0_NtNtCs9VsQExrgwtF_4wami8provider11arn_builderNtB5_9ParsedArn19parse_resource_path
FNDA:4,_RNvMs0_NtNtCs9VsQExrgwtF_4wami8provider11arn_builderNtB5_9ParsedArn6to_arn
FNDA:4,_RNvMs0_NtNtCs9VsQExrgwtF_4wami8provider11arn_builderNtB5_9ParsedArn8from_arn
FNDA:9,_RNvNtNtCs9VsQExrgwtF_4wami8provider11arn_builder17arn_pattern_match
FNF:23
FNH:20
DA:49,3
DA:50,3
DA:51,3
DA:52,3
DA:53,3
DA:56,1
DA:57,1
DA:58,1
DA:59,1
DA:60,1
DA:75,6
DA:76,6
DA:77,6
DA:78,6
DA:79,6
DA:80,6
DA:81,6
DA:82,6
DA:83,6
DA:84,6
DA:85,6
DA:88,6
DA:94,6
DA:95,6
DA:96,6
DA:98,6
DA:99,2
DA:100,4
DA:102,6
DA:104,6
DA:105,6
DA:108,0
DA:109,0
DA:110,0
DA:114,0
DA:115,0
DA:116,0
DA:150,4
DA:151,4
DA:153,4
DA:154,0
DA:155,0
DA:156,0
DA:157,4
DA:159,4
DA:160,0
DA:161,0
DA:162,0
DA:163,4
DA:165,4
DA:166,0
DA:167,0
DA:168,0
DA:169,4
DA:171,4
DA:172,4
DA:173,4
DA:174,4
DA:177,4
DA:179,4
DA:180,4
DA:181,4
DA:182,4
DA:183,4
DA:184,4
DA:185,4
DA:186,4
DA:187,4
DA:196,4
DA:197,4
DA:199,4
DA:200,0
DA:201,0
DA:202,0
DA:203,4
DA:205,4
DA:207,4
DA:208,0
DA:209,0
DA:210,0
DA:211,4
DA:213,4
DA:215,1
DA:216,3
DA:219,3
DA:220,3
DA:221,3
DA:223,3
DA:224,4
DA:227,4
DA:228,4
DA:229,0
DA:230,0
DA:234,4
DA:235,4
DA:244,4
DA:258,3
DA:259,3
DA:260,3
DA:264,0
DA:265,0
DA:266,0
DA:272,9
DA:274,9
DA:275,9
DA:276,9
DA:278,9
DA:279,9
DA:281,0
DA:283,9
DA:290,1
DA:291,1
DA:292,1
DA:294,1
DA:295,1
DA:296,1
DA:299,1
DA:300,1
DA:301,1
DA:303,1
DA:304,1
DA:307,1
DA:308,1
DA:309,1
DA:310,1
DA:313,1
DA:314,1
DA:315,1
DA:316,1
DA:319,1
DA:320,1
DA:321,1
DA:322,1
DA:325,1
DA:326,1
DA:327,1
DA:328,1
DA:331,1
DA:332,1
DA:334,1
DA:335,1
DA:336,1
DA:337,1
DA:338,1
DA:339,1
DA:340,1
DA:343,1
DA:344,1
DA:345,1
DA:346,1
DA:348,1
DA:349,1
DA:350,1
DA:351,1
DA:354,1
DA:355,1
DA:356,1
DA:357,1
DA:359,1
DA:360,1
DA:363,1
DA:364,1
DA:365,1
DA:366,1
DA:368,1
DA:371,1
DA:372,1
DA:373,1
DA:374,1
DA:377,1
DA:378,1
DA:379,1
DA:382,1
DA:383,1
DA:384,1
DA:386,1
DA:389,1
DA:390,1
DA:391,1
DA:392,1
DA:393,1
DA:395,1
DA:396,1
DA:397,1
DA:398,1
DA:399,1
DA:402,1
DA:403,1
DA:405,1
DA:406,1
DA:407,1
DA:408,1
BRF:0
BRH:0
LF:192
LH:165
end_of_record
SF:/Users/lsh/projects/crates/wami/src/provider/aws.rs
FN:22,_RNvXNtNtCs9VsQExrgwtF_4wami8provider3awsNtB2_11AwsProviderNtNtCs2CqrNpCrSUr_4core7default7Default7default
FN:406,_RNvNtNtNtCs9VsQExrgwtF_4wami8provider3aws5testss_18test_custom_limits
FN:322,_RNvNtNtNtCs9VsQExrgwtF_4wami8provider3aws5testss_18test_validate_path
FN:389,_RNvNtNtNtCs9VsQExrgwtF_4wami8provider3aws5testss_19test_to_pascal_case
FN:293,_RNvNtNtNtCs9VsQExrgwtF_4wami8provider3aws5testss_20test_resource_limits
FN:277,_RNvNtNtNtCs9VsQExrgwtF_4wami8provider3aws5testss_21test_generate_role_id
FN:261,_RNvNtNtNtCs9VsQExrgwtF_4wami8provider3aws5testss_21test_generate_user_id
FN:223,_RNvNtNtNtCs9VsQExrgwtF_4wami8provider3aws5testss_22test_aws_provider_name
FN:269,_RNvNtNtNtCs9VsQExrgwtF_4wami8provider3aws5testss_22test_generate_group_id
FN:249,_RNvNtNtNtCs9VsQExrgwtF_4wami8provider3aws5testss_22test_generate_role_arn
FN:229,_RNvNtNtNtCs9VsQExrgwtF_4wami8provider3aws5testss_22test_generate_user_arn
FN:373,_RNvNtNtNtCs9VsQExrgwtF_4wami8provider3aws5testss_25test_extract_service_name
FN:285,_RNvNtNtNtCs9VsQExrgwtF_4wami8provider3aws5testss_27test_generate_access_key_id
FN:366,_RNvNtNtNtCs9VsQExrgwtF_4wami8provider3aws5testss_29test_service_linked_role_path
FN:304,_RNvNtNtNtCs9VsQExrgwtF_4wami8provider3aws5testss_30test_validate_aws_service_name
FN:333,_RNvNtNtNtCs9VsQExrgwtF_4wami8provider3aws5testss_30test_validate_session_duration
FN:237,_RNvNtNtNtCs9VsQExrgwtF_4wami8provider3aws5testss_32test_generate_user_arn_with_path
FN:343,_RNvNtNtNtCs9VsQExrgwtF_4wami8provider3aws5testss_36test_service_linked_role_name_simple
FN:358,_RNvNtNtNtCs9VsQExrgwtF_4wami8provider3aws5testss_40test_service_linked_role_name_hyphenated
FN:351,_RNvNtNtNtCs9VsQExrgwtF_4wami8provider3aws5testss_41test_service_linked_role_name_with_suffix
FN:48,_RNvMs_NtNtCs9VsQExrgwtF_4wami8provider3awsNtB4_11AwsProvider11with_limits
FN:74,_RNvMs_NtNtCs9VsQExrgwtF_4wami8provider3awsNtB4_11AwsProvider14to_pascal_case
FN:87,_RNvMs_NtNtCs9VsQExrgwtF_4wami8provider3awsNtB4_11AwsProvider19random_alphanumeric
FN:61,_RNvMs_NtNtCs9VsQExrgwtF_4wami8provider3awsNtB4_11AwsProvider20extract_service_name
FN:29,_RNvMs_NtNtCs9VsQExrgwtF_4wami8provider3awsNtB4_11AwsProvider3new
FN:180,_RNvXs0_NtNtCs9VsQExrgwtF_4wami8provider3awsNtB5_11AwsProviderNtB7_13CloudProvider13validate_path
FN:162,_RNvXs0_NtNtCs9VsQExrgwtF_4wami8provider3awsNtB5_11AwsProviderNtB7_13CloudProvider15resource_limits
FN:135,_RNvXs0_NtNtCs9VsQExrgwtF_4wami8provider3awsNtB5_11AwsProviderNtB7_13CloudProvider20generate_resource_id
FN:166,_RNvXs0_NtNtCs9VsQExrgwtF_4wami8provider3awsNtB5_11AwsProviderNtB7_13CloudProvider21validate_service_name
FN:102,_RNvXs0_NtNtCs9VsQExrgwtF_4wami8provider3awsNtB5_11AwsProviderNtB7_13CloudProvider28generate_resource_identifier
FN:193,_RNvXs0_NtNtCs9VsQExrgwtF_4wami8provider3awsNtB5_11AwsProviderNtB7_13CloudProvider33generate_service_linked_role_name
FN:212,_RNvXs0_NtNtCs9VsQExrgwtF_4wami8provider3awsNtB5_11AwsProviderNtB7_13CloudProvider33generate_service_linked_role_path
FN:98,_RNvXs0_NtNtCs9VsQExrgwtF_4wami8provider3awsNtB5_11AwsProviderNtB7_13CloudProvider4name
FN:76,_RNCNvMs_NtNtCs9VsQExrgwtF_4wami8provider3awsNtB6_11AwsProvider14to_pascal_case0Ba_
FNDA:0,_RNvXNtNtCs9VsQExrgwtF_4wami8provider3awsNtB2_11AwsProviderNtNtCs2CqrNpCrSUr_4core7default7Default7default
FNDA:1,_RNvNtNtNtCs9VsQExrgwtF_4wami8provider3aws5testss_18test_custom_limits
FNDA:1,_RNvNtNtNtCs9VsQExrgwtF_4wami8provider3aws5testss_18test_validate_path
FNDA:1,_RNvNtNtNtCs9VsQExrgwtF_4wami8provider3aws5testss_19test_to_pascal_case
FNDA:1,_RNvNtNtNtCs9VsQExrgwtF_4wami8provider3aws5testss_20test_resource_limits
FNDA:1,_RNvNtNtNtCs9VsQExrgwtF_4wami8provider3aws5testss_21test_generate_role_id
FNDA:1,_RNvNtNtNtCs9VsQExrgwtF_4wami8provider3aws5testss_21test_generate_user_id
FNDA:1,_RNvNtNtNtCs9VsQExrgwtF_4wami8provider3aws5testss_22test_aws_provider_name
FNDA:1,_RNvNtNtNtCs9VsQExrgwtF_4wami8provider3aws5testss_22test_generate_group_id
FNDA:1,_RNvNtNtNtCs9VsQExrgwtF_4wami8provider3aws5testss_22test_generate_role_arn
FNDA:1,_RNvNtNtNtCs9VsQExrgwtF_4wami8provider3aws5testss_22test_generate_user_arn
FNDA:1,_RNvNtNtNtCs9VsQExrgwtF_4wami8provider3aws5testss_25test_extract_service_name
FNDA:1,_RNvNtNtNtCs9VsQExrgwtF_4wami8provider3aws5testss_27test_generate_access_key_id
FNDA:1,_RNvNtNtNtCs9VsQExrgwtF_4wami8provider3aws5testss_29test_service_linked_role_path
FNDA:1,_RNvNtNtNtCs9VsQExrgwtF_4wami8provider3aws5testss_30test_validate_aws_service_name
FNDA:1,_RNvNtNtNtCs9VsQExrgwtF_4wami8provider3aws5testss_30test_validate_session_duration
FNDA:1,_RNvNtNtNtCs9VsQExrgwtF_4wami8provider3aws5testss_32test_generate_user_arn_with_path
FNDA:1,_RNvNtNtNtCs9VsQExrgwtF_4wami8provider3aws5testss_36test_service_linked_role_name_simple
FNDA:1,_RNvNtNtNtCs9VsQExrgwtF_4wami8provider3aws5testss_40test_service_linked_role_name_hyphenated
FNDA:1,_RNvNtNtNtCs9VsQExrgwtF_4wami8provider3aws5testss_41test_service_linked_role_name_with_suffix
FNDA:1,_RNvMs_NtNtCs9VsQExrgwtF_4wami8provider3awsNtB4_11AwsProvider11with_limits
FNDA:7,_RNvMs_NtNtCs9VsQExrgwtF_4wami8provider3awsNtB4_11AwsProvider14to_pascal_case
FNDA:4,_RNvMs_NtNtCs9VsQExrgwtF_4wami8provider3awsNtB4_11AwsProvider19random_alphanumeric
FNDA:6,_RNvMs_NtNtCs9VsQExrgwtF_4wami8provider3awsNtB4_11AwsProvider20extract_service_name
FNDA:49,_RNvMs_NtNtCs9VsQExrgwtF_4wami8provider3awsNtB4_11AwsProvider3new
FNDA:6,_RNvXs0_NtNtCs9VsQExrgwtF_4wami8provider3awsNtB5_11AwsProviderNtB7_13CloudProvider13validate_path
FNDA:8,_RNvXs0_NtNtCs9VsQExrgwtF_4wami8provider3awsNtB5_11AwsProviderNtB7_13CloudProvider15resource_limits
FNDA:4,_RNvXs0_NtNtCs9VsQExrgwtF_4wami8provider3awsNtB5_11AwsProviderNtB7_13CloudProvider20generate_resource_id
FNDA:5,_RNvXs0_NtNtCs9VsQExrgwtF_4wami8provider3awsNtB5_11AwsProviderNtB7_13CloudProvider21validate_service_name
FNDA:3,_RNvXs0_NtNtCs9VsQExrgwtF_4wami8provider3awsNtB5_11AwsProviderNtB7_13CloudProvider28generate_resource_identifier
FNDA:3,_RNvXs0_NtNtCs9VsQExrgwtF_4wami8provider3awsNtB5_11AwsProviderNtB7_13CloudProvider33generate_service_linked_role_name
FNDA:1,_RNvXs0_NtNtCs9VsQExrgwtF_4wami8provider3awsNtB5_11AwsProviderNtB7_13CloudProvider33generate_service_linked_role_path
FNDA:1,_RNvXs0_NtNtCs9VsQExrgwtF_4wami8provider3awsNtB5_11AwsProviderNtB7_13CloudProvider4name
FNDA:11,_RNCNvMs_NtNtCs9VsQExrgwtF_4wami8provider3awsNtB6_11AwsProvider14to_pascal_case0Ba_
FNF:34
FNH:33
DA:22,0
DA:23,0
DA:24,0
DA:29,49
DA:30,49
DA:31,49
DA:32,49
DA:33,49
DA:48,1
DA:49,1
DA:50,1
DA:61,6
DA:62,6
DA:63,6
DA:74,7
DA:75,7
DA:76,11
DA:77,11
DA:78,11
DA:79,0
DA:80,11
DA:82,11
DA:83,7
DA:84,7
DA:87,4
DA:88,4
DA:89,4
DA:90,4
DA:91,4
DA:92,4
DA:93,4
DA:94,4
DA:98,1
DA:99,1
DA:100,1
DA:102,3
DA:103,3
DA:104,3
DA:105,3
DA:106,3
DA:107,3
DA:108,3
DA:109,3
DA:110,2
DA:111,0
DA:112,1
DA:113,0
DA:114,0
DA:115,0
DA:116,0
DA:117,0
DA:118,0
DA:119,0
DA:120,0
DA:121,0
DA:122,0
DA:123,0
DA:124,0
DA:125,0
DA:129,3
DA:130,3
DA:133,3
DA:135,4
DA:137,4
DA:138,1
DA:139,1
DA:140,1
DA:141,0
DA:142,1
DA:143,0
DA:144,0
DA:145,0
DA:146,0
DA:147,0
DA:149,0
DA:150,0
DA:154,0
DA:155,0
DA:159,4
DA:160,4
DA:162,8
DA:163,8
DA:164,8
DA:166,5
DA:169,5
DA:170,2
DA:171,2
DA:172,2
DA:173,2
DA:174,2
DA:175,2
DA:176,3
DA:177,3
DA:178,5
DA:180,6
DA:182,6
DA:183,3
DA:184,3
DA:185,3
DA:186,3
DA:187,3
DA:188,3
DA:189,3
DA:190,3
DA:191,6
DA:193,3
DA:194,3
DA:195,3
DA:196,3
DA:197,3
DA:199,3
DA:202,3
DA:205,3
DA:206,1
DA:208,2
DA:210,3
DA:212,1
DA:214,1
DA:215,1
DA:223,1
DA:224,1
DA:225,1
DA:226,1
DA:229,1
DA:230,1
DA:231,1
DA:232,1
DA:233,1
DA:234,1
DA:237,1
DA:238,1
DA:239,1
DA:240,1
DA:241,1
DA:242,1
DA:243,1
DA:245,1
DA:246,1
DA:249,1
DA:250,1
DA:251,1
DA:252,1
DA:253,1
DA:254,1
DA:255,1
DA:257,1
DA:258,1
DA:261,1
DA:262,1
DA:263,1
DA:264,1
DA:265,1
DA:266,1
DA:269,1
DA:270,1
DA:271,1
DA:272,1
DA:273,1
DA:274,1
DA:277,1
DA:278,1
DA:279,1
DA:280,1
DA:281,1
DA:282,1
DA:285,1
DA:286,1
DA:287,1
DA:288,1
DA:289,1
DA:290,1
DA:293,1
DA:294,1
DA:295,1
DA:296,1
DA:297,1
DA:298,1
DA:299,1
DA:300,1
DA:301,1
DA:304,1
DA:305,1
DA:306,1
DA:307,1
DA:308,1
DA:309,1
DA:310,1
DA:311,1
DA:312,1
DA:313,1
DA:314,1
DA:315,1
DA:316,1
DA:317,1
DA:318,1
DA:319,1
DA:322,1
DA:323,1
DA:324,1
DA:325,1
DA:326,1
DA:327,1
DA:328,1
DA:329,1
DA:330,1
DA:333,1
DA:334,1
DA:335,1
DA:336,1
DA:337,1
DA:338,1
DA:339,1
DA:340,1
DA:343,1
DA:344,1
DA:345,1
DA:346,1
DA:347,1
DA:348,1
DA:351,1
DA:352,1
DA:353,1
DA:354,1
DA:355,1
DA:358,1
DA:359,1
DA:360,1
DA:361,1
DA:362,1
DA:363,1
DA:366,1
DA:367,1
DA:368,1
DA:369,1
DA:370,1
DA:373,1
DA:374,1
DA:375,1
DA:378,1
DA:379,1
DA:382,1
DA:383,1
DA:386,1
DA:389,1
DA:390,1
DA:391,1
DA:394,1
DA:395,1
DA:398,1
DA:399,1
DA:402,1
DA:403,1
DA:406,1
DA:407,1
DA:408,1
DA:409,1
DA:410,1
DA:411,1
DA:412,1
DA:413,1
DA:414,1
DA:415,1
BRF:0
BRH:0
LF:263
LH:235
end_of_record
SF:/Users/lsh/projects/crates/wami/src/provider/azure.rs
FN:101,_RNvXs_NtNtCs9VsQExrgwtF_4wami8provider5azureNtB4_13AzureProviderNtB6_13CloudProvider13validate_path
FN:93,_RNvXs_NtNtCs9VsQExrgwtF_4wami8provider5azureNtB4_13AzureProviderNtB6_13CloudProvider15resource_limits
FN:97,_RNvXs_NtNtCs9VsQExrgwtF_4wami8provider5azureNtB4_13AzureProviderNtB6_13CloudProvider21validate_service_name
FN:105,_RNvXs_NtNtCs9VsQExrgwtF_4wami8provider5azureNtB4_13AzureProviderNtB6_13CloudProvider33generate_service_linked_role_name
FN:117,_RNvXs_NtNtCs9VsQExrgwtF_4wami8provider5azureNtB4_13AzureProviderNtB6_13CloudProvider33generate_service_linked_role_path
FN:88,_RNvXs_NtNtCs9VsQExrgwtF_4wami8provider5azureNtB4_13AzureProviderNtB6_13CloudProvider20generate_resource_id
FN:55,_RNvXs_NtNtCs9VsQExrgwtF_4wami8provider5azureNtB4_13AzureProviderNtB6_13CloudProvider28generate_resource_identifier
FN:51,_RNvXs_NtNtCs9VsQExrgwtF_4wami8provider5azureNtB4_13AzureProviderNtB6_13CloudProvider4name
FN:143,_RNvNtNtNtCs9VsQExrgwtF_4wami8provider5azure5testss_18test_generate_guid
FN:127,_RNvNtNtNtCs9VsQExrgwtF_4wami8provider5azure5testss_24test_azure_provider_name
FN:133,_RNvNtNtNtCs9VsQExrgwtF_4wami8provider5azure5testss_38test_generate_azure_resource_id_format
FN:38,_RINvMNtNtCs9VsQExrgwtF_4wami8provider5azureNtB3_13AzureProvider3newReB13_EB7_
FNDA:0,_RNvXs_NtNtCs9VsQExrgwtF_4wami8provider5azureNtB4_13AzureProviderNtB6_13CloudProvider13validate_path
FNDA:0,_RNvXs_NtNtCs9VsQExrgwtF_4wami8provider5azureNtB4_13AzureProviderNtB6_13CloudProvider15resource_limits
FNDA:0,_RNvXs_NtNtCs9VsQExrgwtF_4wami8provider5azureNtB4_13AzureProviderNtB6_13CloudProvider21validate_service_name
FNDA:0,_RNvXs_NtNtCs9VsQExrgwtF_4wami8provider5azureNtB4_13AzureProviderNtB6_13CloudProvider33generate_service_linked_role_name
FNDA:0,_RNvXs_NtNtCs9VsQExrgwtF_4wami8provider5azureNtB4_13AzureProviderNtB6_13CloudProvider33generate_service_linked_role_path
FNDA:1,_RNvXs_NtNtCs9VsQExrgwtF_4wami8provider5azureNtB4_13AzureProviderNtB6_13CloudProvider20generate_resource_id
FNDA:1,_RNvXs_NtNtCs9VsQExrgwtF_4wami8provider5azureNtB4_13AzureProviderNtB6_13CloudProvider28generate_resource_identifier
FNDA:1,_RNvXs_NtNtCs9VsQExrgwtF_4wami8provider5azureNtB4_13AzureProviderNtB6_13CloudProvider4name
FNDA:1,_RNvNtNtNtCs9VsQExrgwtF_4wami8provider5azure5testss_18test_generate_guid
FNDA:1,_RNvNtNtNtCs9VsQExrgwtF_4wami8provider5azure5testss_24test_azure_provider_name
FNDA:1,_RNvNtNtNtCs9VsQExrgwtF_4wami8provider5azure5testss_38test_generate_azure_resource_id_format
FNDA:3,_RINvMNtNtCs9VsQExrgwtF_4wami8provider5azureNtB3_13AzureProvider3newReB13_EB7_
FNF:12
FNH:7
DA:38,3
DA:39,3
DA:40,3
DA:41,3
DA:42,3
DA:43,3
DA:44,3
DA:45,3
DA:46,3
DA:47,3
DA:51,1
DA:52,1
DA:53,1
DA:55,1
DA:56,1
DA:57,1
DA:58,1
DA:59,1
DA:60,1
DA:61,1
DA:62,1
DA:63,1
DA:64,0
DA:65,0
DA:66,0
DA:67,0
DA:68,0
DA:72,1
DA:73,1
DA:76,0
DA:77,0
DA:81,1
DA:82,1
DA:86,1
DA:88,1
DA:90,1
DA:91,1
DA:93,0
DA:94,0
DA:95,0
DA:97,0
DA:98,0
DA:99,0
DA:101,0
DA:102,0
DA:103,0
DA:105,0
DA:106,0
DA:107,0
DA:108,0
DA:109,0
DA:110,0
DA:111,0
DA:113,0
DA:115,0
DA:117,0
DA:118,0
DA:119,0
DA:127,1
DA:128,1
DA:129,1
DA:130,1
DA:133,1
DA:134,1
DA:135,1
DA:136,1
DA:137,1
DA:138,1
DA:139,1
DA:140,1
DA:143,1
DA:144,1
DA:145,1
DA:147,1
DA:148,1
BRF:0
BRH:0
LF:75
LH:47
end_of_record
SF:/Users/lsh/projects/crates/wami/src/provider/custom.rs
FN:87,_RNvXs_NtNtCs9VsQExrgwtF_4wami8provider6customNtB4_14CustomProviderNtB6_13CloudProvider13validate_path
FN:82,_RNvXs_NtNtCs9VsQExrgwtF_4wami8provider6customNtB4_14CustomProviderNtB6_13CloudProvider21validate_service_name
FN:92,_RNvXs_NtNtCs9VsQExrgwtF_4wami8provider6customNtB4_14CustomProviderNtB6_13CloudProvider33generate_service_linked_role_name
FN:104,_RNvXs_NtNtCs9VsQExrgwtF_4wami8provider6customNtB4_14CustomProviderNtB6_13CloudProvider33generate_service_linked_role_path
FN:199,_RNvNtNtNtCs9VsQExrgwtF_4wami8provider6custom5testss_18test_custom_limits
FN:213,_RNvNtNtNtCs9VsQExrgwtF_4wami8provider6custom5testss_19test_default_values
FN:190,_RNvNtNtNtCs9VsQExrgwtF_4wami8provider6custom5testss_25test_custom_id_generation
FN:179,_RNvNtNtNtCs9VsQExrgwtF_4wami8provider6custom5testss_26test_custom_arn_generation
FN:168,_RNvNtNtNtCs9VsQExrgwtF_4wami8provider6custom5testss_28test_custom_provider_builder
FN:133,_RINvMs0_NtNtCs9VsQExrgwtF_4wami8provider6customNtB6_21CustomProviderBuilder12arn_templateReEBa_
FN:120,_RINvMs0_NtNtCs9VsQExrgwtF_4wami8provider6customNtB6_21CustomProviderBuilder4nameReEBa_
FN:139,_RINvMs0_NtNtCs9VsQExrgwtF_4wami8provider6customNtB6_21CustomProviderBuilder9id_prefixReEBa_
FN:153,_RNCNvMs0_NtNtCs9VsQExrgwtF_4wami8provider6customNtB7_21CustomProviderBuilder5build0Bb_
FN:157,_RNCNvMs0_NtNtCs9VsQExrgwtF_4wami8provider6customNtB7_21CustomProviderBuilder5builds0_0Bb_
FN:156,_RNCNvMs0_NtNtCs9VsQExrgwtF_4wami8provider6customNtB7_21CustomProviderBuilder5builds_0Bb_
FN:37,_RNvMNtNtCs9VsQExrgwtF_4wami8provider6customNtB2_14CustomProvider7builder
FN:151,_RNvMs0_NtNtCs9VsQExrgwtF_4wami8provider6customNtB5_21CustomProviderBuilder5build
FN:145,_RNvMs0_NtNtCs9VsQExrgwtF_4wami8provider6customNtB5_21CustomProviderBuilder6limits
FN:78,_RNvXs_NtNtCs9VsQExrgwtF_4wami8provider6customNtB4_14CustomProviderNtB6_13CloudProvider15resource_limits
FN:65,_RNvXs_NtNtCs9VsQExrgwtF_4wami8provider6customNtB4_14CustomProviderNtB6_13CloudProvider20generate_resource_id
FN:47,_RNvXs_NtNtCs9VsQExrgwtF_4wami8provider6customNtB4_14CustomProviderNtB6_13CloudProvider28generate_resource_identifier
FN:43,_RNvXs_NtNtCs9VsQExrgwtF_4wami8provider6customNtB4_14CustomProviderNtB6_13CloudProvider4name
FNDA:0,_RNvXs_NtNtCs9VsQExrgwtF_4wami8provider6customNtB4_14CustomProviderNtB6_13CloudProvider13validate_path
FNDA:0,_RNvXs_NtNtCs9VsQExrgwtF_4wami8provider6customNtB4_14CustomProviderNtB6_13CloudProvider21validate_service_name
FNDA:0,_RNvXs_NtNtCs9VsQExrgwtF_4wami8provider6customNtB4_14CustomProviderNtB6_13CloudProvider33generate_service_linked_role_name
FNDA:0,_RNvXs_NtNtCs9VsQExrgwtF_4wami8provider6customNtB4_14CustomProviderNtB6_13CloudProvider33generate_service_linked_role_path
FNDA:1,_RNvNtNtNtCs9VsQExrgwtF_4wami8provider6custom5testss_18test_custom_limits
FNDA:1,_RNvNtNtNtCs9VsQExrgwtF_4wami8provider6custom5testss_19test_default_values
FNDA:1,_RNvNtNtNtCs9VsQExrgwtF_4wami8provider6custom5testss_25test_custom_id_generation
FNDA:1,_RNvNtNtNtCs9VsQExrgwtF_4wami8provider6custom5testss_26test_custom_arn_generation
FNDA:1,_RNvNtNtNtCs9VsQExrgwtF_4wami8provider6custom5testss_28test_custom_provider_builder
FNDA:2,_RINvMs0_NtNtCs9VsQExrgwtF_4wami8provider6customNtB6_21CustomProviderBuilder12arn_templateReEBa_
FNDA:1,_RINvMs0_NtNtCs9VsQExrgwtF_4wami8provider6customNtB6_21CustomProviderBuilder4nameReEBa_
FNDA:2,_RINvMs0_NtNtCs9VsQExrgwtF_4wami8provider6customNtB6_21CustomProviderBuilder9id_prefixReEBa_
FNDA:4,_RNCNvMs0_NtNtCs9VsQExrgwtF_4wami8provider6customNtB7_21CustomProviderBuilder5build0Bb_
FNDA:3,_RNCNvMs0_NtNtCs9VsQExrgwtF_4wami8provider6customNtB7_21CustomProviderBuilder5builds0_0Bb_
FNDA:3,_RNCNvMs0_NtNtCs9VsQExrgwtF_4wami8provider6customNtB7_21CustomProviderBuilder5builds_0Bb_
FNDA:5,_RNvMNtNtCs9VsQExrgwtF_4wami8provider6customNtB2_14CustomProvider7builder
FNDA:5,_RNvMs0_NtNtCs9VsQExrgwtF_4wami8provider6customNtB5_21CustomProviderBuilder5build
FNDA:1,_RNvMs0_NtNtCs9VsQExrgwtF_4wami8provider6customNtB5_21CustomProviderBuilder6limits
FNDA:2,_RNvXs_NtNtCs9VsQExrgwtF_4wami8provider6customNtB4_14CustomProviderNtB6_13CloudProvider15resource_limits
FNDA:2,_RNvXs_NtNtCs9VsQExrgwtF_4wami8provider6customNtB4_14CustomProviderNtB6_13CloudProvider20generate_resource_id
FNDA:2,_RNvXs_NtNtCs9VsQExrgwtF_4wami8provider6customNtB4_14CustomProviderNtB6_13CloudProvider28generate_resource_identifier
FNDA:2,_RNvXs_NtNtCs9VsQExrgwtF_4wami8provider6customNtB4_14CustomProviderNtB6_13CloudProvider4name
FNF:22
FNH:18
DA:37,5
DA:38,5
DA:39,5
DA:43,2
DA:44,2
DA:45,2
DA:47,2
DA:48,2
DA:49,2
DA:50,2
DA:51,2
DA:52,2
DA:53,2
DA:54,2
DA:57,2
DA:58,2
DA:59,2
DA:60,2
DA:61,2
DA:62,2
DA:63,2
DA:65,2
DA:66,2
DA:67,2
DA:69,2
DA:70,2
DA:71,2
DA:72,2
DA:73,2
DA:74,2
DA:76,2
DA:78,2
DA:79,2
DA:80,2
DA:82,0
DA:84,0
DA:85,0
DA:87,0
DA:89,0
DA:90,0
DA:92,0
DA:93,0
DA:94,0
DA:95,0
DA:96,0
DA:97,0
DA:98,0
DA:100,0
DA:102,0
DA:104,0
DA:105,0
DA:106,0
DA:120,1
DA:121,1
DA:122,1
DA:123,1
DA:133,2
DA:134,2
DA:135,2
DA:136,2
DA:139,2
DA:140,2
DA:141,2
DA:142,2
DA:145,1
DA:146,1
DA:147,1
DA:148,1
DA:151,5
DA:153,5
DA:154,5
DA:155,5
DA:156,5
DA:157,5
DA:158,5
DA:160,5
DA:168,1
DA:169,1
DA:170,1
DA:171,1
DA:172,1
DA:173,1
DA:175,1
DA:176,1
DA:179,1
DA:180,1
DA:181,1
DA:182,1
DA:184,1
DA:185,1
DA:186,1
DA:187,1
DA:190,1
DA:191,1
DA:193,1
DA:194,1
DA:195,1
DA:196,1
DA:199,1
DA:200,1
DA:201,1
DA:202,1
DA:203,1
DA:204,1
DA:206,1
DA:208,1
DA:209,1
DA:210,1
DA:213,1
DA:214,1
DA:216,1
DA:217,1
DA:218,1
DA:219,1
DA:220,1
DA:221,1
DA:222,1
DA:223,1
BRF:0
BRH:0
LF:121
LH:103
end_of_record
SF:/Users/lsh/projects/crates/wami/src/provider/gcp.rs
FN:114,_RNvXs_NtNtCs9VsQExrgwtF_4wami8provider3gcpNtB4_11GcpProviderNtB6_13CloudProvider13validate_path
FN:108,_RNvXs_NtNtCs9VsQExrgwtF_4wami8provider3gcpNtB4_11GcpProviderNtB6_13CloudProvider21validate_service_name
FN:119,_RNvXs_NtNtCs9VsQExrgwtF_4wami8provider3gcpNtB4_11GcpProviderNtB6_13CloudProvider33generate_service_linked_role_name
FN:132,_RNvXs_NtNtCs9VsQExrgwtF_4wami8provider3gcpNtB4_11GcpProviderNtB6_13CloudProvider33generate_service_linked_role_path
FN:38,_RINvMNtNtCs9VsQExrgwtF_4wami8provider3gcpNtB3_11GcpProvider3newReEB7_
FN:104,_RNvXs_NtNtCs9VsQExrgwtF_4wami8provider3gcpNtB4_11GcpProviderNtB6_13CloudProvider15resource_limits
FN:98,_RNvXs_NtNtCs9VsQExrgwtF_4wami8provider3gcpNtB4_11GcpProviderNtB6_13CloudProvider20generate_resource_id
FN:57,_RNvXs_NtNtCs9VsQExrgwtF_4wami8provider3gcpNtB4_11GcpProviderNtB6_13CloudProvider28generate_resource_identifier
FN:53,_RNvXs_NtNtCs9VsQExrgwtF_4wami8provider3gcpNtB4_11GcpProviderNtB6_13CloudProvider4name
FN:143,_RNvNtNtNtCs9VsQExrgwtF_4wami8provider3gcp5testss_22test_gcp_provider_name
FN:159,_RNvNtNtNtCs9VsQExrgwtF_4wami8provider3gcp5testss_22test_generate_role_urn
FN:174,_RNvNtNtNtCs9VsQExrgwtF_4wami8provider3gcp5testss_24test_gcp_resource_limits
FN:166,_RNvNtNtNtCs9VsQExrgwtF_4wami8provider3gcp5testss_24test_generate_numeric_id
FN:149,_RNvNtNtNtCs9VsQExrgwtF_4wami8provider3gcp5testss_33test_generate_service_account_urn
FNDA:0,_RNvXs_NtNtCs9VsQExrgwtF_4wami8provider3gcpNtB4_11GcpProviderNtB6_13CloudProvider13validate_path
FNDA:0,_RNvXs_NtNtCs9VsQExrgwtF_4wami8provider3gcpNtB4_11GcpProviderNtB6_13CloudProvider21validate_service_name
FNDA:0,_RNvXs_NtNtCs9VsQExrgwtF_4wami8provider3gcpNtB4_11GcpProviderNtB6_13CloudProvider33generate_service_linked_role_name
FNDA:0,_RNvXs_NtNtCs9VsQExrgwtF_4wami8provider3gcpNtB4_11GcpProviderNtB6_13CloudProvider33generate_service_linked_role_path
FNDA:5,_RINvMNtNtCs9VsQExrgwtF_4wami8provider3gcpNtB3_11GcpProvider3newReEB7_
FNDA:1,_RNvXs_NtNtCs9VsQExrgwtF_4wami8provider3gcpNtB4_11GcpProviderNtB6_13CloudProvider15resource_limits
FNDA:1,_RNvXs_NtNtCs9VsQExrgwtF_4wami8provider3gcpNtB4_11GcpProviderNtB6_13CloudProvider20generate_resource_id
FNDA:2,_RNvXs_NtNtCs9VsQExrgwtF_4wami8provider3gcpNtB4_11GcpProviderNtB6_13CloudProvider28generate_resource_identifier
FNDA:1,_RNvXs_NtNtCs9VsQExrgwtF_4wami8provider3gcpNtB4_11GcpProviderNtB6_13CloudProvider4name
FNDA:1,_RNvNtNtNtCs9VsQExrgwtF_4wami8provider3gcp5testss_22test_gcp_provider_name
FNDA:1,_RNvNtNtNtCs9VsQExrgwtF_4wami8provider3gcp5testss_22test_generate_role_urn
FNDA:1,_RNvNtNtNtCs9VsQExrgwtF_4wami8provider3gcp5testss_24test_gcp_resource_limits
FNDA:1,_RNvNtNtNtCs9VsQExrgwtF_4wami8provider3gcp5testss_24test_generate_numeric_id
FNDA:1,_RNvNtNtNtCs9VsQExrgwtF_4wami8provider3gcp5testss_33test_generate_service_account_urn
FNF:14
FNH:10
DA:38,5
DA:39,5
DA:40,5
DA:41,5
DA:42,5
DA:43,5
DA:44,5
DA:45,5
DA:46,5
DA:47,5
DA:48,5
DA:49,5
DA:53,1
DA:54,1
DA:55,1
DA:57,2
DA:58,2
DA:59,2
DA:60,2
DA:61,2
DA:62,2
DA:63,2
DA:65,2
DA:68,1
DA:69,1
DA:75,1
DA:79,0
DA:80,0
DA:86,0
DA:87,0
DA:93,0
DA:96,2
DA:98,1
DA:101,1
DA:102,1
DA:104,1
DA:105,1
DA:106,1
DA:108,0
DA:111,0
DA:112,0
DA:114,0
DA:116,0
DA:117,0
DA:119,0
DA:120,0
DA:121,0
DA:122,0
DA:123,0
DA:125,0
DA:126,0
DA:128,0
DA:130,0
DA:132,0
DA:134,0
DA:135,0
DA:143,1
DA:144,1
DA:145,1
DA:146,1
DA:149,1
DA:150,1
DA:151,1
DA:152,1
DA:156,1
DA:159,1
DA:160,1
DA:161,1
DA:162,1
DA:163,1
DA:166,1
DA:167,1
DA:168,1
DA:170,1
DA:171,1
DA:174,1
DA:175,1
DA:176,1
DA:177,1
DA:178,1
DA:179,1
BRF:0
BRH:0
LF:81
LH:58
end_of_record
SF:/Users/lsh/projects/crates/wami/src/provider/mod.rs
FN:143,_RNvXNtCs9VsQExrgwtF_4wami8providerNtB2_14ResourceLimitsNtNtCs2CqrNpCrSUr_4core7default7Default7default
FN:442,_RNvMs_NtCs9VsQExrgwtF_4wami8providerDNtB4_13CloudProviderEL_17tenant_aware_path
FN:472,_RNvMs_NtCs9VsQExrgwtF_4wami8providerDNtB4_13CloudProviderEL_24extract_tenant_from_path
FN:344,_RNvYNtNtNtCs9VsQExrgwtF_4wami8provider3aws11AwsProviderNtB6_13CloudProvider17generate_wami_arnB8_
FN:274,_RNvYNtNtNtCs9VsQExrgwtF_4wami8provider3aws11AwsProviderNtB6_13CloudProvider25validate_session_durationB8_
FNDA:63,_RNvXNtCs9VsQExrgwtF_4wami8providerNtB2_14ResourceLimitsNtNtCs2CqrNpCrSUr_4core7default7Default7default
FNDA:0,_RNvMs_NtCs9VsQExrgwtF_4wami8providerDNtB4_13CloudProviderEL_17tenant_aware_path
FNDA:0,_RNvMs_NtCs9VsQExrgwtF_4wami8providerDNtB4_13CloudProviderEL_24extract_tenant_from_path
FNDA:0,_RNvYNtNtNtCs9VsQExrgwtF_4wami8provider3aws11AwsProviderNtB6_13CloudProvider17generate_wami_arnB8_
FNDA:5,_RNvYNtNtNtCs9VsQExrgwtF_4wami8provider3aws11AwsProviderNtB6_13CloudProvider25validate_session_durationB8_
FNF:5
FNH:2
DA:143,63
DA:145,63
DA:146,63
DA:147,63
DA:148,63
DA:149,63
DA:150,63
DA:151,63
DA:152,63
DA:153,63
DA:154,63
DA:274,5
DA:275,5
DA:276,5
DA:277,2
DA:278,2
DA:279,2
DA:280,2
DA:281,2
DA:282,2
DA:283,3
DA:284,3
DA:285,5
DA:344,0
DA:345,0
DA:346,0
DA:347,0
DA:348,0
DA:349,0
DA:350,0
DA:352,0
DA:364,0
DA:367,0
DA:368,0
DA:371,0
DA:372,0
DA:373,0
DA:374,0
DA:375,0
DA:376,0
DA:377,0
DA:378,0
DA:379,0
DA:380,0
DA:381,0
DA:382,0
DA:383,0
DA:384,0
DA:385,0
DA:386,0
DA:387,0
DA:391,0
DA:392,0
DA:394,0
DA:395,0
DA:396,0
DA:397,0
DA:398,0
DA:399,0
DA:400,0
DA:402,0
DA:405,0
DA:406,0
DA:407,0
DA:411,0
DA:412,0
DA:416,0
DA:442,0
DA:443,0
DA:444,0
DA:445,0
DA:446,0
DA:448,0
DA:450,0
DA:472,0
DA:473,0
DA:474,0
DA:475,0
DA:476,0
DA:477,0
DA:478,0
DA:479,0
DA:480,0
DA:481,0
DA:482,0
DA:483,0
BRF:0
BRH:0
LF:86
LH:23
end_of_record
SF:/Users/lsh/projects/crates/wami/src/provider/provider_info.rs
FN:75,_RNvMNtNtCs9VsQExrgwtF_4wami8provider13provider_infoNtB2_12ProviderInfo6is_aws
FN:80,_RNvMNtNtCs9VsQExrgwtF_4wami8provider13provider_infoNtB2_12ProviderInfo6is_gcp
FN:85,_RNvMNtNtCs9VsQExrgwtF_4wami8provider13provider_infoNtB2_12ProviderInfo8is_azure
FN:90,_RNvMNtNtCs9VsQExrgwtF_4wami8provider13provider_infoNtB2_12ProviderInfo9is_custom
FN:59,_RINvMNtNtCs9VsQExrgwtF_4wami8provider13provider_infoNtB3_12ProviderInfo3newReB1b_B1b_EB7_
FN:114,_RNvNtNtNtCs9VsQExrgwtF_4wami8provider13provider_info5testss_25test_provider_type_checks
FN:100,_RNvNtNtNtCs9VsQExrgwtF_4wami8provider13provider_info5testss_27test_provider_info_creation
FNDA:3,_RNvMNtNtCs9VsQExrgwtF_4wami8provider13provider_infoNtB2_12ProviderInfo6is_aws
FNDA:3,_RNvMNtNtCs9VsQExrgwtF_4wami8provider13provider_infoNtB2_12ProviderInfo6is_gcp
FNDA:2,_RNvMNtNtCs9VsQExrgwtF_4wami8provider13provider_infoNtB2_12ProviderInfo8is_azure
FNDA:1,_RNvMNtNtCs9VsQExrgwtF_4wami8provider13provider_infoNtB2_12ProviderInfo9is_custom
FNDA:5,_RINvMNtNtCs9VsQExrgwtF_4wami8provider13provider_infoNtB3_12ProviderInfo3newReB1b_B1b_EB7_
FNDA:1,_RNvNtNtNtCs9VsQExrgwtF_4wami8provider13provider_info5testss_25test_provider_type_checks
[...]
FNDA:1,_RNvNtNtNtNtCs9VsQExrgwtF_4wami4wami4tags10operations5testss_32test_validate_tag_key_aws_prefix
FNDA:1,_RNvNtNtNtNtCs9VsQExrgwtF_4wami4wami4tags10operations5testss_32test_validate_tag_value_too_long
FNDA:1,_RNvNtNtNtNtCs9VsQExrgwtF_4wami4wami4tags10operations5testss_33test_validate_tags_duplicate_keys
FNDA:5,_RNCNvNtNtNtNtCs9VsQExrgwtF_4wami4wami4tags10operations14tag_operations10merge_tags0Bb_
FNDA:8,_RNCNvNtNtNtNtCs9VsQExrgwtF_4wami4wami4tags10operations14tag_operations10merge_tagss_0Bb_
FNDA:8,_RNCNvNtNtNtNtCs9VsQExrgwtF_4wami4wami4tags10operations14tag_operations11remove_tags0Bb_
FNDA:17,_RNCNvNtNtNtNtCs9VsQExrgwtF_4wami4wami4tags10operations14tag_operations7has_tag0Bb_
FNDA:4,_RNCNvNtNtNtNtCs9VsQExrgwtF_4wami4wami4tags10operations14tag_operations8find_tag0Bb_
FNDA:51,_RNCNvNtNtNtNtCs9VsQExrgwtF_4wami4wami4tags10operations5testss_27test_validate_tags_too_many0Bb_
FNDA:4,_RNvNtNtNtNtCs9VsQExrgwtF_4wami4wami4tags10operations14tag_operations10merge_tags
FNDA:3,_RNvNtNtNtNtCs9VsQExrgwtF_4wami4wami4tags10operations14tag_operations11remove_tags
FNDA:5,_RNvNtNtNtNtCs9VsQExrgwtF_4wami4wami4tags10operations14tag_operations12validate_tag
FNDA:4,_RNvNtNtNtNtCs9VsQExrgwtF_4wami4wami4tags10operations14tag_operations13validate_tags
FNDA:12,_RNvNtNtNtNtCs9VsQExrgwtF_4wami4wami4tags10operations14tag_operations16validate_tag_key
FNDA:9,_RNvNtNtNtNtCs9VsQExrgwtF_4wami4wami4tags10operations14tag_operations18validate_tag_value
FNDA:11,_RNvNtNtNtNtCs9VsQExrgwtF_4wami4wami4tags10operations14tag_operations7has_tag
FNDA:3,_RNvNtNtNtNtCs9VsQExrgwtF_4wami4wami4tags10operations14tag_operations8find_tag
FNF:36
FNH:36
DA:12,5
DA:13,5
DA:14,5
DA:15,5
DA:16,5
DA:20,12
DA:21,12
DA:22,1
DA:23,1
DA:24,1
DA:25,11
DA:27,11
DA:28,1
DA:29,1
DA:30,1
DA:31,10
DA:34,10
DA:35,1
DA:36,1
DA:37,1
DA:38,9
DA:40,9
DA:41,12
DA:45,9
DA:46,9
DA:47,1
DA:48,1
DA:49,1
DA:50,8
DA:52,8
DA:53,9
DA:57,4
DA:58,4
DA:59,1
DA:60,1
DA:61,1
DA:62,3
DA:65,3
DA:66,7
DA:67,5
DA:68,1
DA:69,1
DA:70,1
DA:71,4
DA:72,4
DA:75,2
DA:76,4
DA:79,4
DA:80,4
DA:81,5
DA:83,8
DA:84,4
DA:85,4
DA:87,4
DA:88,4
DA:89,8
DA:90,4
DA:91,4
DA:94,3
DA:95,3
DA:96,8
DA:97,3
DA:98,3
DA:101,3
DA:102,4
DA:103,3
DA:106,11
DA:107,17
DA:108,11
DA:116,78
DA:117,78
DA:118,78
DA:119,78
DA:120,78
DA:121,78
DA:124,1
DA:125,1
DA:126,1
DA:127,1
DA:130,1
DA:131,1
DA:132,1
DA:133,1
DA:134,1
DA:137,1
DA:138,1
DA:139,1
DA:140,1
DA:141,1
DA:144,1
DA:145,1
DA:146,1
DA:147,1
DA:150,1
DA:151,1
DA:152,1
DA:153,1
DA:154,1
DA:155,1
DA:158,1
DA:159,1
DA:160,1
DA:161,1
DA:162,1
DA:165,1
DA:166,1
DA:167,1
DA:168,1
DA:169,1
DA:172,1
DA:173,1
DA:174,1
DA:177,1
DA:178,1
DA:179,1
DA:180,1
DA:181,1
DA:183,1
DA:184,1
DA:187,1
DA:188,1
DA:189,51
DA:190,1
DA:191,1
DA:192,1
DA:193,1
DA:196,1
DA:197,1
DA:198,1
DA:199,1
DA:200,1
DA:203,1
DA:204,1
DA:205,1
DA:207,1
DA:209,1
DA:210,1
DA:211,1
DA:212,1
DA:213,1
DA:216,1
DA:217,1
DA:218,1
DA:220,1
DA:222,1
DA:223,1
DA:224,1
DA:225,1
DA:228,1
DA:229,1
DA:230,1
DA:231,1
DA:233,1
DA:234,1
DA:235,1
DA:238,1
DA:239,1
DA:241,1
DA:242,1
DA:244,1
DA:245,1
DA:246,1
DA:247,1
DA:248,1
DA:251,1
DA:252,1
DA:254,1
DA:255,1
DA:257,1
DA:258,1
DA:259,1
DA:262,1
DA:263,1
DA:264,1
DA:265,1
DA:266,1
DA:269,1
DA:270,1
DA:271,1
DA:272,1
DA:273,1
DA:274,1
DA:277,1
DA:278,1
DA:279,1
DA:280,1
DA:281,1
DA:284,1
DA:285,1
DA:287,1
DA:288,1
DA:289,1
DA:290,1
DA:293,1
DA:294,1
DA:295,1
DA:296,1
BRF:0
BRH:0
LF:203
LH:203
end_of_record
SF:/Users/lsh/projects/crates/wami/src/wami/tenant/authorization.rs
FN:242,_RNCNvMs_NtNtNtCs9VsQExrgwtF_4wami4wami6tenant13authorizationNtB6_16TenantAuthorizer16check_permission0Bc_
FN:512,_RNvNtNtNtNtCs9VsQExrgwtF_4wami4wami6tenant13authorization5testss_23test_build_admin_policy
FN:519,_RNvNtNtNtNtCs9VsQExrgwtF_4wami4wami6tenant13authorization5testss_26test_build_readonly_policy
FN:426,_RNvNtNtNtNtCs9VsQExrgwtF_4wami4wami6tenant13authorization5testss_27test_tenant_authorizer_deny
FN:401,_RNvNtNtNtNtCs9VsQExrgwtF_4wami4wami6tenant13authorization5testss_28test_tenant_authorizer_allow
FN:487,_RNvNtNtNtNtCs9VsQExrgwtF_4wami4wami6tenant13authorization5testss_31test_tenant_authorizer_wildcard
FN:451,_RNvNtNtNtNtCs9VsQExrgwtF_4wami4wami6tenant13authorization5testss_36test_tenant_authorizer_explicit_deny
FN:370,_RINvNtNtNtCs9VsQExrgwtF_4wami4wami6tenant13authorization23check_tenant_permissionpEB8_
FN:375,_RNCINvNtNtNtCs9VsQExrgwtF_4wami4wami6tenant13authorization23check_tenant_permissionpE0Ba_
FN:193,_RNvMs_NtNtNtCs9VsQExrgwtF_4wami4wami6tenant13authorizationNtB4_16TenantAuthorizer14from_documents
FN:134,_RNvMNtNtNtCs9VsQExrgwtF_4wami4wami6tenant13authorizationNtB2_12TenantAction16to_action_string
FN:274,_RNvMs_NtNtNtCs9VsQExrgwtF_4wami4wami6tenant13authorizationNtB4_16TenantAuthorizer14matches_action
FN:294,_RNvMs_NtNtNtCs9VsQExrgwtF_4wami4wami6tenant13authorizationNtB4_16TenantAuthorizer14wildcard_match
FN:237,_RNvMs_NtNtNtCs9VsQExrgwtF_4wami4wami6tenant13authorizationNtB4_16TenantAuthorizer16check_permission
FN:284,_RNvMs_NtNtNtCs9VsQExrgwtF_4wami4wami6tenant13authorizationNtB4_16TenantAuthorizer16matches_resource
FN:182,_RNvMs_NtNtNtCs9VsQExrgwtF_4wami4wami6tenant13authorizationNtB4_16TenantAuthorizer3new
FN:319,_RNvNtNtNtCs9VsQExrgwtF_4wami4wami6tenant13authorization25build_tenant_admin_policy
FN:345,_RNvNtNtNtCs9VsQExrgwtF_4wami4wami6tenant13authorization28build_tenant_readonly_policy
FN:426,_RNCNvNtNtNtNtCs9VsQExrgwtF_4wami4wami6tenant13authorization5testss_27test_tenant_authorizer_deny0Bb_
FN:401,_RNCNvNtNtNtNtCs9VsQExrgwtF_4wami4wami6tenant13authorization5testss_28test_tenant_authorizer_allow0Bb_
FN:487,_RNCNvNtNtNtNtCs9VsQExrgwtF_4wami4wami6tenant13authorization5testss_31test_tenant_authorizer_wildcard0Bb_
FN:451,_RNCNvNtNtNtNtCs9VsQExrgwtF_4wami4wami6tenant13authorization5testss_36test_tenant_authorizer_explicit_deny0Bb_
FNDA:4,_RNCNvMs_NtNtNtCs9VsQExrgwtF_4wami4wami6tenant13authorizationNtB6_16TenantAuthorizer16check_permission0Bc_
FNDA:1,_RNvNtNtNtNtCs9VsQExrgwtF_4wami4wami6tenant13authorization5testss_23test_build_admin_policy
FNDA:1,_RNvNtNtNtNtCs9VsQExrgwtF_4wami4wami6tenant13authorization5testss_26test_build_readonly_policy
FNDA:1,_RNvNtNtNtNtCs9VsQExrgwtF_4wami4wami6tenant13authorization5testss_27test_tenant_authorizer_deny
FNDA:1,_RNvNtNtNtNtCs9VsQExrgwtF_4wami4wami6tenant13authorization5testss_28test_tenant_authorizer_allow
FNDA:1,_RNvNtNtNtNtCs9VsQExrgwtF_4wami4wami6tenant13authorization5testss_31test_tenant_authorizer_wildcard
FNDA:1,_RNvNtNtNtNtCs9VsQExrgwtF_4wami4wami6tenant13authorization5testss_36test_tenant_authorizer_explicit_deny
FNDA:0,_RINvNtNtNtCs9VsQExrgwtF_4wami4wami6tenant13authorization23check_tenant_permissionpEB8_
FNDA:0,_RNCINvNtNtNtCs9VsQExrgwtF_4wami4wami6tenant13authorization23check_tenant_permissionpE0Ba_
FNDA:0,_RNvMs_NtNtNtCs9VsQExrgwtF_4wami4wami6tenant13authorizationNtB4_16TenantAuthorizer14from_documents
FNDA:4,_RNvMNtNtNtCs9VsQExrgwtF_4wami4wami6tenant13authorizationNtB2_12TenantAction16to_action_string
FNDA:5,_RNvMs_NtNtNtCs9VsQExrgwtF_4wami4wami6tenant13authorizationNtB4_16TenantAuthorizer14matches_action
FNDA:9,_RNvMs_NtNtNtCs9VsQExrgwtF_4wami4wami6tenant13authorizationNtB4_16TenantAuthorizer14wildcard_match
FNDA:4,_RNvMs_NtNtNtCs9VsQExrgwtF_4wami4wami6tenant13authorizationNtB4_16TenantAuthorizer16check_permission
FNDA:4,_RNvMs_NtNtNtCs9VsQExrgwtF_4wami4wami6tenant13authorizationNtB4_16TenantAuthorizer16matches_resource
FNDA:4,_RNvMs_NtNtNtCs9VsQExrgwtF_4wami4wami6tenant13authorizationNtB4_16TenantAuthorizer3new
FNDA:1,_RNvNtNtNtCs9VsQExrgwtF_4wami4wami6tenant13authorization25build_tenant_admin_policy
FNDA:1,_RNvNtNtNtCs9VsQExrgwtF_4wami4wami6tenant13authorization28build_tenant_readonly_policy
FNDA:1,_RNCNvNtNtNtNtCs9VsQExrgwtF_4wami4wami6tenant13authorization5testss_27test_tenant_authorizer_deny0Bb_
FNDA:1,_RNCNvNtNtNtNtCs9VsQExrgwtF_4wami4wami6tenant13authorization5testss_28test_tenant_authorizer_allow0Bb_
FNDA:1,_RNCNvNtNtNtNtCs9VsQExrgwtF_4wami4wami6tenant13authorization5testss_31test_tenant_authorizer_wildcard0Bb_
FNDA:1,_RNCNvNtNtNtNtCs9VsQExrgwtF_4wami4wami6tenant13authorization5testss_36test_tenant_authorizer_explicit_deny0Bb_
FNF:22
FNH:19
DA:134,4
DA:135,4
DA:136,1
DA:137,0
DA:138,2
DA:139,0
DA:140,0
DA:141,0
DA:142,0
DA:143,1
DA:145,4
DA:182,4
DA:183,4
DA:184,9
DA:185,5
DA:186,5
DA:187,5
DA:189,4
DA:190,4
DA:193,0
DA:194,0
DA:195,0
DA:237,4
DA:238,4
DA:239,4
DA:240,4
DA:241,4
DA:242,4
DA:243,4
DA:244,4
DA:247,4
DA:248,4
DA:250,9
DA:251,10
DA:253,5
DA:254,4
DA:256,4
DA:257,4
DA:258,1
DA:259,0
DA:261,1
DA:266,4
DA:267,1
DA:268,3
DA:270,3
DA:271,4
DA:274,5
DA:275,6
DA:276,5
DA:277,4
DA:278,1
DA:280,1
DA:281,5
DA:284,4
DA:285,4
DA:286,4
DA:287,4
DA:288,0
DA:290,0
DA:291,4
DA:294,9
DA:295,9
DA:296,2
DA:297,7
DA:299,7
DA:300,4
DA:301,3
DA:303,3
DA:304,9
DA:319,1
DA:320,1
DA:321,1
DA:322,1
DA:323,1
DA:324,1
DA:325,1
DA:326,1
DA:327,1
DA:328,1
DA:331,1
DA:345,1
DA:346,1
DA:347,1
DA:348,1
DA:349,1
DA:350,1
DA:351,1
DA:352,1
DA:353,1
DA:354,1
DA:357,1
DA:370,0
DA:371,0
DA:372,0
DA:373,0
DA:374,0
DA:375,0
DA:377,0
DA:379,0
DA:380,0
DA:381,0
DA:382,0
DA:383,0
DA:386,0
DA:387,0
DA:388,0
DA:389,0
DA:390,0
DA:393,0
DA:394,0
DA:401,1
DA:402,1
DA:403,1
DA:404,1
DA:405,1
DA:406,1
DA:407,1
DA:408,1
DA:409,1
DA:410,1
DA:412,1
DA:413,1
DA:414,1
DA:415,1
DA:416,1
DA:417,1
DA:418,1
DA:419,1
DA:420,1
DA:422,1
DA:423,1
DA:426,1
DA:427,1
DA:428,1
DA:429,1
DA:430,1
DA:431,1
DA:432,1
DA:433,1
DA:434,1
DA:435,1
DA:437,1
DA:438,1
DA:439,1
DA:440,1
DA:441,1
DA:442,1
DA:443,1
DA:444,1
DA:445,1
DA:447,1
DA:448,1
DA:451,1
DA:452,1
DA:453,1
DA:454,1
DA:455,1
DA:456,1
DA:457,1
DA:458,1
DA:459,1
DA:460,1
DA:461,1
DA:462,1
DA:463,1
DA:464,1
DA:465,1
DA:466,1
DA:467,1
DA:468,1
DA:469,1
DA:470,1
DA:473,1
DA:474,1
DA:475,1
DA:476,1
DA:477,1
DA:478,1
DA:479,1
DA:480,1
DA:481,1
DA:483,1
DA:484,1
DA:487,1
DA:488,1
DA:489,1
DA:490,1
DA:491,1
DA:492,1
DA:493,1
DA:494,1
DA:495,1
DA:496,1
DA:498,1
DA:499,1
DA:500,1
DA:501,1
DA:502,1
DA:503,1
DA:504,1
DA:505,1
DA:506,1
DA:508,1
DA:509,1
DA:512,1
DA:513,1
DA:514,1
DA:515,1
DA:516,1
DA:519,1
DA:520,1
DA:521,1
DA:522,1
DA:523,1
BRF:0
BRH:0
LF:224
LH:193
end_of_record
SF:/Users/lsh/projects/crates/wami/src/wami/tenant/hierarchy.rs
FN:67,_RNCNCNvMNtNtNtCs9VsQExrgwtF_4wami4wami6tenant9hierarchyNtB6_10TenantNode12add_children00Bc_
FN:53,_RNCNvMNtNtNtCs9VsQExrgwtF_4wami4wami6tenant9hierarchyNtB4_10TenantNode10build_tree0Ba_
FN:64,_RNCNvMNtNtNtCs9VsQExrgwtF_4wami4wami6tenant9hierarchyNtB4_10TenantNode12add_children0Ba_
FN:52,_RNvMNtNtNtCs9VsQExrgwtF_4wami4wami6tenant9hierarchyNtB2_10TenantNode10build_tree
FN:61,_RNvMNtNtNtCs9VsQExrgwtF_4wami4wami6tenant9hierarchyNtB2_10TenantNode12add_children
FN:29,_RNvMNtNtNtCs9VsQExrgwtF_4wami4wami6tenant9hierarchyNtB2_10TenantNode15all_descendants
FN:41,_RNvMNtNtNtCs9VsQExrgwtF_4wami4wami6tenant9hierarchyNtB2_10TenantNode16descendant_count
FN:16,_RNvMNtNtNtCs9VsQExrgwtF_4wami4wami6tenant9hierarchyNtB2_10TenantNode3new
FN:24,_RNvMNtNtNtCs9VsQExrgwtF_4wami4wami6tenant9hierarchyNtB2_10TenantNode9add_child
FNDA:0,_RNCNCNvMNtNtNtCs9VsQExrgwtF_4wami4wami6tenant9hierarchyNtB6_10TenantNode12add_children00Bc_
FNDA:0,_RNCNvMNtNtNtCs9VsQExrgwtF_4wami4wami6tenant9hierarchyNtB4_10TenantNode10build_tree0Ba_
FNDA:0,_RNCNvMNtNtNtCs9VsQExrgwtF_4wami4wami6tenant9hierarchyNtB4_10TenantNode12add_children0Ba_
FNDA:0,_RNvMNtNtNtCs9VsQExrgwtF_4wami4wami6tenant9hierarchyNtB2_10TenantNode10build_tree
FNDA:0,_RNvMNtNtNtCs9VsQExrgwtF_4wami4wami6tenant9hierarchyNtB2_10TenantNode12add_children
FNDA:0,_RNvMNtNtNtCs9VsQExrgwtF_4wami4wami6tenant9hierarchyNtB2_10TenantNode15all_descendants
FNDA:0,_RNvMNtNtNtCs9VsQExrgwtF_4wami4wami6tenant9hierarchyNtB2_10TenantNode16descendant_count
FNDA:0,_RNvMNtNtNtCs9VsQExrgwtF_4wami4wami6tenant9hierarchyNtB2_10TenantNode3new
FNDA:0,_RNvMNtNtNtCs9VsQExrgwtF_4wami4wami6tenant9hierarchyNtB2_10TenantNode9add_child
FNF:9
FNH:0
DA:16,0
DA:17,0
DA:18,0
DA:19,0
DA:20,0
DA:21,0
DA:24,0
DA:25,0
DA:26,0
DA:29,0
DA:30,0
DA:32,0
DA:33,0
DA:34,0
DA:35,0
DA:37,0
DA:38,0
DA:41,0
DA:42,0
DA:44,0
DA:45,0
DA:46,0
DA:48,0
DA:49,0
DA:52,0
DA:53,0
DA:54,0
DA:56,0
DA:58,0
DA:59,0
DA:61,0
DA:62,0
DA:63,0
DA:64,0
DA:65,0
DA:66,0
DA:67,0
DA:68,0
DA:69,0
DA:70,0
DA:71,0
DA:73,0
DA:74,0
DA:75,0
DA:76,0
DA:77,0
DA:78,0
BRF:0
BRH:0
LF:50
LH:0
end_of_record
SF:/Users/lsh/projects/crates/wami/src/wami/tenant/model.rs
FN:55,_RNCNvMNtNtNtCs9VsQExrgwtF_4wami4wami6tenant5modelNtB4_8TenantId6parent0Ba_
FN:52,_RNvMNtNtNtCs9VsQExrgwtF_4wami4wami6tenant5modelNtB2_8TenantId6parent
FN:222,_RNvMs0_NtNtNtCs9VsQExrgwtF_4wami4wami6tenant5modelNtB5_12TenantQuotas23validate_against_parent
FN:89,_RNvMNtNtNtCs9VsQExrgwtF_4wami4wami6tenant5modelNtB2_8TenantId16is_descendant_of
FN:30,_RNvMNtNtNtCs9VsQExrgwtF_4wami4wami6tenant5modelNtB2_8TenantId4root
FN:45,_RNvMNtNtNtCs9VsQExrgwtF_4wami4wami6tenant5modelNtB2_8TenantId5child
FN:59,_RNvMNtNtNtCs9VsQExrgwtF_4wami4wami6tenant5modelNtB2_8TenantId5depth
FN:94,_RNvMNtNtNtCs9VsQExrgwtF_4wami4wami6tenant5modelNtB2_8TenantId6as_str
FN:77,_RNvMNtNtNtCs9VsQExrgwtF_4wami4wami6tenant5modelNtB2_8TenantId9ancestors
FN:243,_RNvXs1_NtNtNtCs9VsQExrgwtF_4wami4wami6tenant5modelNtB5_12TenantQuotasNtNtCs2CqrNpCrSUr_4core7default7Default7default
FN:100,_RNvXs_NtNtNtCs9VsQExrgwtF_4wami4wami6tenant5modelNtB4_8TenantIdNtNtCs2CqrNpCrSUr_4core3fmt7Display3fmt
FN:25,_RINvMNtNtNtCs9VsQExrgwtF_4wami4wami6tenant5modelNtB3_8TenantId3newRNtNtCs1AhsD0INetT_5alloc6string6StringEB9_
FN:25,_RINvMNtNtNtCs9VsQExrgwtF_4wami4wami6tenant5modelNtB3_8TenantId3newReEB9_
FNDA:0,_RNCNvMNtNtNtCs9VsQExrgwtF_4wami4wami6tenant5modelNtB4_8TenantId6parent0Ba_
FNDA:0,_RNvMNtNtNtCs9VsQExrgwtF_4wami4wami6tenant5modelNtB2_8TenantId6parent
FNDA:0,_RNvMs0_NtNtNtCs9VsQExrgwtF_4wami4wami6tenant5modelNtB5_12TenantQuotas23validate_against_parent
FNDA:9,_RNvMNtNtNtCs9VsQExrgwtF_4wami4wami6tenant5modelNtB2_8TenantId16is_descendant_of
FNDA:4,_RNvMNtNtNtCs9VsQExrgwtF_4wami4wami6tenant5modelNtB2_8TenantId4root
FNDA:12,_RNvMNtNtNtCs9VsQExrgwtF_4wami4wami6tenant5modelNtB2_8TenantId5child
FNDA:8,_RNvMNtNtNtCs9VsQExrgwtF_4wami4wami6tenant5modelNtB2_8TenantId5depth
FNDA:1,_RNvMNtNtNtCs9VsQExrgwtF_4wami4wami6tenant5modelNtB2_8TenantId6as_str
FNDA:3,_RNvMNtNtNtCs9VsQExrgwtF_4wami4wami6tenant5modelNtB2_8TenantId9ancestors
FNDA:48,_RNvXs1_NtNtNtCs9VsQExrgwtF_4wami4wami6tenant5modelNtB5_12TenantQuotasNtNtCs2CqrNpCrSUr_4core7default7Default7default
FNDA:16,_RNvXs_NtNtNtCs9VsQExrgwtF_4wami4wami6tenant5modelNtB4_8TenantIdNtNtCs2CqrNpCrSUr_4core3fmt7Display3fmt
FNDA:14,_RINvMNtNtNtCs9VsQExrgwtF_4wami4wami6tenant5modelNtB3_8TenantId3newRNtNtCs1AhsD0INetT_5alloc6string6StringEB9_
FNDA:36,_RINvMNtNtNtCs9VsQExrgwtF_4wami4wami6tenant5modelNtB3_8TenantId3newReEB9_
FNF:12
FNH:9
DA:25,50
DA:26,50
DA:27,50
DA:30,4
DA:31,4
DA:32,4
DA:45,12
DA:46,12
DA:47,12
DA:52,0
DA:53,0
DA:54,0
DA:55,0
DA:56,0
DA:59,8
DA:60,8
DA:61,8
DA:77,3
DA:78,3
DA:79,3
DA:81,6
DA:82,6
DA:83,6
DA:85,3
DA:86,3
DA:89,9
DA:90,9
DA:91,9
DA:94,1
DA:95,1
DA:96,1
DA:100,16
DA:101,16
DA:102,16
DA:222,0
DA:223,0
DA:224,0
DA:225,0
DA:226,0
DA:227,0
DA:228,0
DA:229,0
DA:230,0
DA:231,0
DA:232,0
DA:233,0
DA:234,0
DA:235,0
DA:236,0
DA:237,0
DA:238,0
DA:239,0
DA:243,48
DA:244,48
DA:245,48
DA:246,48
DA:247,48
DA:248,48
DA:249,48
DA:250,48
DA:251,48
DA:252,48
DA:253,48
BRF:0
BRH:0
LF:64
LH:40
end_of_record
SF:/Users/lsh/projects/crates/wami/src/wami/tenant/operations.rs
FN:62,_RNCNvNtNtNtNtCs9VsQExrgwtF_4wami4wami6tenant10operations17tenant_operations13validate_name0Bb_
FN:153,_RNvNtNtNtNtCs9VsQExrgwtF_4wami4wami6tenant10operations5testss_19test_is_valid_depth
FN:198,_RNvNtNtNtNtCs9VsQExrgwtF_4wami4wami6tenant10operations5testss_20test_tenant_defaults
FN:91,_RNvNtNtNtNtCs9VsQExrgwtF_4wami4wami6tenant10operations5testss_23test_build_tenant_basic
FN:131,_RNvNtNtNtNtCs9VsQExrgwtF_4wami4wami6tenant10operations5testss_24test_validate_name_empty
FN:123,_RNvNtNtNtNtCs9VsQExrgwtF_4wami4wami6tenant10operations5testss_24test_validate_name_valid
FN:138,_RNvNtNtNtNtCs9VsQExrgwtF_4wami4wami6tenant10operations5testss_27test_validate_name_too_long
FN:171,_RNvNtNtNtNtCs9VsQExrgwtF_4wami4wami6tenant10operations5testss_28test_can_create_child_active
FN:114,_RNvNtNtNtNtCs9VsQExrgwtF_4wami4wami6tenant10operations5testss_29test_build_tenant_with_parent
FN:189,_RNvNtNtNtNtCs9VsQExrgwtF_4wami4wami6tenant10operations5testss_30test_can_create_child_disabled
FN:180,_RNvNtNtNtNtCs9VsQExrgwtF_4wami4wami6tenant10operations5testss_31test_can_create_child_suspended
FN:145,_RNvNtNtNtNtCs9VsQExrgwtF_4wami4wami6tenant10operations5testss_32test_validate_name_invalid_chars
FN:106,_RNvNtNtNtNtCs9VsQExrgwtF_4wami4wami6tenant10operations5testss_35test_build_tenant_with_organization
FN:11,_RNvNtNtNtNtCs9VsQExrgwtF_4wami4wami6tenant10operations17tenant_operations12build_tenant
FN:46,_RNvNtNtNtNtCs9VsQExrgwtF_4wami4wami6tenant10operations17tenant_operations13validate_name
FN:75,_RNvNtNtNtNtCs9VsQExrgwtF_4wami4wami6tenant10operations17tenant_operations14is_valid_depth
FN:80,_RNvNtNtNtNtCs9VsQExrgwtF_4wami4wami6tenant10operations17tenant_operations16can_create_child
FNDA:150,_RNCNvNtNtNtNtCs9VsQExrgwtF_4wami4wami6tenant10operations17tenant_operations13validate_name0Bb_
FNDA:1,_RNvNtNtNtNtCs9VsQExrgwtF_4wami4wami6tenant10operations5testss_19test_is_valid_depth
FNDA:1,_RNvNtNtNtNtCs9VsQExrgwtF_4wami4wami6tenant10operations5testss_20test_tenant_defaults
FNDA:1,_RNvNtNtNtNtCs9VsQExrgwtF_4wami4wami6tenant10operations5testss_23test_build_tenant_basic
FNDA:1,_RNvNtNtNtNtCs9VsQExrgwtF_4wami4wami6tenant10operations5testss_24test_validate_name_empty
FNDA:1,_RNvNtNtNtNtCs9VsQExrgwtF_4wami4wami6tenant10operations5testss_24test_validate_name_valid
FNDA:1,_RNvNtNtNtNtCs9VsQExrgwtF_4wami4wami6tenant10operations5testss_27test_validate_name_too_long
FNDA:1,_RNvNtNtNtNtCs9VsQExrgwtF_4wami4wami6tenant10operations5testss_28test_can_create_child_active
FNDA:1,_RNvNtNtNtNtCs9VsQExrgwtF_4wami4wami6tenant10operations5testss_29test_build_tenant_with_parent
FNDA:1,_RNvNtNtNtNtCs9VsQExrgwtF_4wami4wami6tenant10operations5testss_30test_can_create_child_disabled
FNDA:1,_RNvNtNtNtNtCs9VsQExrgwtF_4wami4wami6tenant10operations5testss_31test_can_create_child_suspended
FNDA:1,_RNvNtNtNtNtCs9VsQExrgwtF_4wami4wami6tenant10operations5testss_32test_validate_name_invalid_chars
FNDA:1,_RNvNtNtNtNtCs9VsQExrgwtF_4wami4wami6tenant10operations5testss_35test_build_tenant_with_organization
FNDA:19,_RNvNtNtNtNtCs9VsQExrgwtF_4wami4wami6tenant10operations17tenant_operations12build_tenant
FNDA:23,_RNvNtNtNtNtCs9VsQExrgwtF_4wami4wami6tenant10operations17tenant_operations13validate_name
FNDA:8,_RNvNtNtNtNtCs9VsQExrgwtF_4wami4wami6tenant10operations17tenant_operations14is_valid_depth
FNDA:3,_RNvNtNtNtNtCs9VsQExrgwtF_4wami4wami6tenant10operations17tenant_operations16can_create_child
FNF:17
FNH:17
DA:11,19
DA:12,19
DA:13,19
DA:14,19
DA:15,19
DA:17,19
DA:18,5
DA:20,14
DA:23,19
DA:24,19
DA:25,19
DA:26,19
DA:27,19
DA:28,19
DA:29,19
DA:30,19
DA:31,19
DA:32,19
DA:33,19
DA:34,19
DA:35,19
DA:36,19
DA:37,19
DA:38,19
DA:39,19
DA:40,19
DA:41,19
DA:42,19
DA:46,23
DA:47,23
DA:48,2
DA:49,2
DA:50,2
DA:51,21
DA:53,21
DA:54,1
DA:55,1
DA:56,1
DA:57,20
DA:60,20
DA:61,20
DA:62,150
DA:64,4
DA:65,4
DA:66,4
DA:67,4
DA:68,4
DA:69,16
DA:71,16
DA:72,23
DA:75,8
DA:76,8
DA:77,8
DA:80,3
DA:81,3
DA:82,3
DA:91,1
DA:92,1
DA:94,1
DA:95,1
DA:96,1
DA:97,1
DA:98,1
DA:99,1
DA:100,1
DA:101,1
DA:102,1
DA:103,1
DA:106,1
DA:107,1
DA:109,1
DA:110,1
DA:111,1
DA:114,1
DA:115,1
DA:116,1
DA:118,1
DA:119,1
DA:120,1
DA:123,1
DA:124,1
DA:125,1
DA:126,1
DA:127,1
DA:128,1
DA:131,1
DA:132,1
DA:133,1
DA:134,1
DA:135,1
DA:138,1
DA:139,1
DA:140,1
DA:141,1
DA:142,1
DA:145,1
DA:146,1
DA:147,1
DA:148,1
DA:149,1
DA:150,1
DA:153,1
DA:154,1
DA:155,1
DA:156,1
DA:158,1
DA:159,1
DA:161,1
DA:162,1
DA:163,1
DA:165,1
DA:166,1
DA:167,1
DA:168,1
DA:171,1
DA:172,1
DA:173,1
DA:174,1
DA:176,1
DA:177,1
DA:180,1
DA:181,1
DA:182,1
DA:183,1
DA:185,1
DA:186,1
DA:189,1
DA:190,1
DA:191,1
DA:192,1
DA:194,1
DA:195,1
DA:198,1
DA:199,1
DA:201,1
DA:202,1
DA:203,1
DA:204,1
DA:205,1
DA:206,1
DA:207,1
BRF:0
BRH:0
LF:142
LH:142
end_of_record